{
  "stats": {
    "suites": 1,
    "tests": 14,
    "passes": 14,
    "pending": 0,
    "failures": 0,
    "start": "2020-08-18T21:45:18.796Z",
    "end": "2020-08-18T21:47:59.406Z",
    "duration": 160610,
    "testsRegistered": 14,
    "passPercent": 100,
    "pendingPercent": 0,
    "other": 0,
    "hasOther": false,
    "skipped": 0,
    "hasSkipped": false
  },
  "results": [
    {
      "uuid": "329f0bdd-ca91-4351-ab82-1ee902a2b4e1",
      "title": "",
      "fullFile": "cypress/integration/Aprova_Brasil/menu_escola.spec.js",
      "file": "cypress/integration/Aprova_Brasil/menu_escola.spec.js",
      "beforeHooks": [],
      "afterHooks": [],
      "tests": [],
      "suites": [
        {
          "uuid": "bd70546e-2b47-4daa-8b9e-7399c972351f",
          "title": "Teste dos menus por usuário INSTITUIÇÃO",
          "fullFile": "",
          "file": "",
          "beforeHooks": [],
          "afterHooks": [],
          "tests": [
            {
              "title": "Menus com usuário de Instituição",
              "fullTitle": "Teste dos menus por usuário INSTITUIÇÃO Menus com usuário de Instituição",
              "timedOut": null,
              "duration": 37792,
              "state": "passed",
              "speed": "slow",
              "pass": true,
              "fail": false,
              "pending": false,
              "context": null,
              "code": "cy.acessa_aprova();\ncy.logar_instituicao();\ncy.seleciona_projSimulado();\ncy.wait(5000);\nexpect(cy.get('.username-wrapper > [fxhide=\"\"]').contains('Olá, Escola Modelo 01')).to.exist;",
              "err": {},
              "uuid": "fc4e69d5-bf72-41d2-ae63-e96028938acf",
              "parentUUID": "bd70546e-2b47-4daa-8b9e-7399c972351f",
              "isHook": false,
              "skipped": false
            },
            {
              "title": "Acessar Painel",
              "fullTitle": "Teste dos menus por usuário INSTITUIÇÃO Acessar Painel",
              "timedOut": null,
              "duration": 410,
              "state": "passed",
              "speed": "slow",
              "pass": true,
              "fail": false,
              "pending": false,
              "context": null,
              "code": "cy.testa_painel();",
              "err": {},
              "uuid": "0fdbb02a-a8a6-4ac2-b78b-2c72feea1180",
              "parentUUID": "bd70546e-2b47-4daa-8b9e-7399c972351f",
              "isHook": false,
              "skipped": false
            },
            {
              "title": "Acessar Simulados",
              "fullTitle": "Teste dos menus por usuário INSTITUIÇÃO Acessar Simulados",
              "timedOut": null,
              "duration": 1934,
              "state": "passed",
              "speed": "slow",
              "pass": true,
              "fail": false,
              "pending": false,
              "context": null,
              "code": "cy.testa_simulados();",
              "err": {},
              "uuid": "a9a2d704-c542-450f-a7f0-8812309cc49a",
              "parentUUID": "bd70546e-2b47-4daa-8b9e-7399c972351f",
              "isHook": false,
              "skipped": false
            },
            {
              "title": "Acessar Turmas e Alunos",
              "fullTitle": "Teste dos menus por usuário INSTITUIÇÃO Acessar Turmas e Alunos",
              "timedOut": null,
              "duration": 761,
              "state": "passed",
              "speed": "slow",
              "pass": true,
              "fail": false,
              "pending": false,
              "context": null,
              "code": "cy.testa_turmas();",
              "err": {},
              "uuid": "5e179f77-7d21-4a1b-b5a0-c29eed9d309b",
              "parentUUID": "bd70546e-2b47-4daa-8b9e-7399c972351f",
              "isHook": false,
              "skipped": false
            },
            {
              "title": "Acessar Resultados Gerais",
              "fullTitle": "Teste dos menus por usuário INSTITUIÇÃO Acessar Resultados Gerais",
              "timedOut": null,
              "duration": 3924,
              "state": "passed",
              "speed": "slow",
              "pass": true,
              "fail": false,
              "pending": false,
              "context": null,
              "code": "cy.testa_resultados();",
              "err": {},
              "uuid": "a6c491e8-842f-4aa3-9f57-440aa24f725a",
              "parentUUID": "bd70546e-2b47-4daa-8b9e-7399c972351f",
              "isHook": false,
              "skipped": false
            },
            {
              "title": "Acessar Resultados por Habilidade",
              "fullTitle": "Teste dos menus por usuário INSTITUIÇÃO Acessar Resultados por Habilidade",
              "timedOut": null,
              "duration": 710,
              "state": "passed",
              "speed": "slow",
              "pass": true,
              "fail": false,
              "pending": false,
              "context": null,
              "code": "cy.testa_resultados_habilidades();",
              "err": {},
              "uuid": "3a64eb4d-0a0a-47ca-b6e5-c9d980be4a8c",
              "parentUUID": "bd70546e-2b47-4daa-8b9e-7399c972351f",
              "isHook": false,
              "skipped": false
            },
            {
              "title": "Acessar Relatório por Habilidade",
              "fullTitle": "Teste dos menus por usuário INSTITUIÇÃO Acessar Relatório por Habilidade",
              "timedOut": null,
              "duration": 6065,
              "state": "passed",
              "speed": "slow",
              "pass": true,
              "fail": false,
              "pending": false,
              "context": null,
              "code": "cy.testa_relatorio_habilidade();",
              "err": {},
              "uuid": "2a8b7785-b78f-4167-afcd-b9228604097c",
              "parentUUID": "bd70546e-2b47-4daa-8b9e-7399c972351f",
              "isHook": false,
              "skipped": false
            },
            {
              "title": "Acessar Relatório por Aluno",
              "fullTitle": "Teste dos menus por usuário INSTITUIÇÃO Acessar Relatório por Aluno",
              "timedOut": null,
              "duration": 4263,
              "state": "passed",
              "speed": "slow",
              "pass": true,
              "fail": false,
              "pending": false,
              "context": null,
              "code": "cy.testa_relatorio_aluno();",
              "err": {},
              "uuid": "fedd16b7-7746-4297-9199-82221bd808ba",
              "parentUUID": "bd70546e-2b47-4daa-8b9e-7399c972351f",
              "isHook": false,
              "skipped": false
            },
            {
              "title": "Acessar Relatório por Questões Abertas",
              "fullTitle": "Teste dos menus por usuário INSTITUIÇÃO Acessar Relatório por Questões Abertas",
              "timedOut": null,
              "duration": 5419,
              "state": "passed",
              "speed": "slow",
              "pass": true,
              "fail": false,
              "pending": false,
              "context": null,
              "code": "cy.testa_relatorio_questoesAbertas();",
              "err": {},
              "uuid": "26ad3aba-91c4-498c-9e0e-1dda6bf1b712",
              "parentUUID": "bd70546e-2b47-4daa-8b9e-7399c972351f",
              "isHook": false,
              "skipped": false
            },
            {
              "title": "Acessar Conteúdo Livros Digitais",
              "fullTitle": "Teste dos menus por usuário INSTITUIÇÃO Acessar Conteúdo Livros Digitais",
              "timedOut": null,
              "duration": 3096,
              "state": "passed",
              "speed": "slow",
              "pass": true,
              "fail": false,
              "pending": false,
              "context": null,
              "code": "cy.testa_conteudo_livrodigital();",
              "err": {},
              "uuid": "bf523fcc-3401-4b43-baca-da8fb9bef432",
              "parentUUID": "bd70546e-2b47-4daa-8b9e-7399c972351f",
              "isHook": false,
              "skipped": false
            },
            {
              "title": "Acessar Conteúdo Atv Complementares",
              "fullTitle": "Teste dos menus por usuário INSTITUIÇÃO Acessar Conteúdo Atv Complementares",
              "timedOut": null,
              "duration": 4726,
              "state": "passed",
              "speed": "slow",
              "pass": true,
              "fail": false,
              "pending": false,
              "context": null,
              "code": "cy.testa_conteudo_atvcompl();",
              "err": {},
              "uuid": "1fcafbe6-46ef-4d3f-b2fe-a80e68c4834b",
              "parentUUID": "bd70546e-2b47-4daa-8b9e-7399c972351f",
              "isHook": false,
              "skipped": false
            },
            {
              "title": "Acessar Conteúdo FAQ",
              "fullTitle": "Teste dos menus por usuário INSTITUIÇÃO Acessar Conteúdo FAQ",
              "timedOut": null,
              "duration": 966,
              "state": "passed",
              "speed": "slow",
              "pass": true,
              "fail": false,
              "pending": false,
              "context": null,
              "code": "cy.testa_conteudo_ajuda();",
              "err": {},
              "uuid": "e61d526e-141d-4786-8b00-d6c870f35699",
              "parentUUID": "bd70546e-2b47-4daa-8b9e-7399c972351f",
              "isHook": false,
              "skipped": false
            },
            {
              "title": "Acessar Acompanhamento",
              "fullTitle": "Teste dos menus por usuário INSTITUIÇÃO Acessar Acompanhamento",
              "timedOut": null,
              "duration": 40298,
              "state": "passed",
              "speed": "slow",
              "pass": true,
              "fail": false,
              "pending": false,
              "context": null,
              "code": "cy.acessa_aprova();\ncy.logar_instituicao();\ncy.seleciona_projSimulado();\ncy.wait(10000);\ncy.testa_acompanhamento();",
              "err": {},
              "uuid": "899c5e38-6353-4943-82e0-a381e576edd8",
              "parentUUID": "bd70546e-2b47-4daa-8b9e-7399c972351f",
              "isHook": false,
              "skipped": false
            },
            {
              "title": "Acessar Inserir Respostas",
              "fullTitle": "Teste dos menus por usuário INSTITUIÇÃO Acessar Inserir Respostas",
              "timedOut": null,
              "duration": 47264,
              "state": "passed",
              "speed": "slow",
              "pass": true,
              "fail": false,
              "pending": false,
              "context": null,
              "code": "cy.acessa_aprova();\ncy.logar_instituicao();\ncy.seleciona_projSimulado();\ncy.wait(10000);\ncy.testa_inserir_respostas();",
              "err": {},
              "uuid": "975f7fbb-f2ca-430d-b65d-9575f2063152",
              "parentUUID": "bd70546e-2b47-4daa-8b9e-7399c972351f",
              "isHook": false,
              "skipped": false
            }
          ],
          "suites": [],
          "passes": [
            "fc4e69d5-bf72-41d2-ae63-e96028938acf",
            "0fdbb02a-a8a6-4ac2-b78b-2c72feea1180",
            "a9a2d704-c542-450f-a7f0-8812309cc49a",
            "5e179f77-7d21-4a1b-b5a0-c29eed9d309b",
            "a6c491e8-842f-4aa3-9f57-440aa24f725a",
            "3a64eb4d-0a0a-47ca-b6e5-c9d980be4a8c",
            "2a8b7785-b78f-4167-afcd-b9228604097c",
            "fedd16b7-7746-4297-9199-82221bd808ba",
            "26ad3aba-91c4-498c-9e0e-1dda6bf1b712",
            "bf523fcc-3401-4b43-baca-da8fb9bef432",
            "1fcafbe6-46ef-4d3f-b2fe-a80e68c4834b",
            "e61d526e-141d-4786-8b00-d6c870f35699",
            "899c5e38-6353-4943-82e0-a381e576edd8",
            "975f7fbb-f2ca-430d-b65d-9575f2063152"
          ],
          "failures": [],
          "pending": [],
          "skipped": [],
          "duration": 157628,
          "root": false,
          "rootEmpty": false,
          "_timeout": 2000
        }
      ],
      "passes": [],
      "failures": [],
      "pending": [],
      "skipped": [],
      "duration": 0,
      "root": true,
      "rootEmpty": true,
      "_timeout": 2000
    }
  ],
  "meta": {
    "mocha": {
      "version": "7.0.1"
    },
    "mochawesome": {
      "options": {
        "quiet": false,
        "reportFilename": "mochawesome",
        "saveHtml": true,
        "saveJson": true,
        "consoleReporter": "spec",
        "useInlineDiffs": false,
        "code": true
      },
      "version": "6.1.1"
    },
    "marge": {
      "options": {
        "reportDir": "cypress/reports/separate-reports",
        "overwrite": false,
        "html": true,
        "json": true
      },
      "version": "5.1.0"
    }
  }
}