{
  "stats": {
    "suites": 1,
    "tests": 9,
    "passes": 9,
    "pending": 0,
    "failures": 0,
    "start": "2020-09-22T20:59:06.743Z",
    "end": "2020-09-22T21:00:32.393Z",
    "duration": 85650,
    "testsRegistered": 9,
    "passPercent": 100,
    "pendingPercent": 0,
    "other": 0,
    "hasOther": false,
    "skipped": 0,
    "hasSkipped": false
  },
  "results": [
    {
      "uuid": "e1399c15-0a4a-4f9d-a06d-767cc9a66cb6",
      "title": "",
      "fullFile": "cypress/integration/Aprova_Brasil/menu_rede.spec.js",
      "file": "cypress/integration/Aprova_Brasil/menu_rede.spec.js",
      "beforeHooks": [],
      "afterHooks": [],
      "tests": [],
      "suites": [
        {
          "uuid": "9f266dae-67ad-499b-9444-292a18ba0c30",
          "title": "Menus - REDE",
          "fullFile": "",
          "file": "",
          "beforeHooks": [],
          "afterHooks": [],
          "tests": [
            {
              "title": "Acessa - Rede",
              "fullTitle": "Menus - REDE Acessa - Rede",
              "timedOut": null,
              "duration": 35260,
              "state": "passed",
              "speed": "slow",
              "pass": true,
              "fail": false,
              "pending": false,
              "context": null,
              "code": "cy.acessa_aprova();\ncy.logar_rede();\ncy.seleciona_projSimulado();\ncy.wait(10000);\ncy.verifica_dialog_contato_if();\nexpect(cy.get('.username-wrapper > [fxhide=\"\"]').contains('Olá, Rede Demonstração')).to.exist;",
              "err": {},
              "uuid": "7ba475af-010c-4102-aaa3-7279bc723a77",
              "parentUUID": "9f266dae-67ad-499b-9444-292a18ba0c30",
              "isHook": false,
              "skipped": false
            },
            {
              "title": "Acessa Painel",
              "fullTitle": "Menus - REDE Acessa Painel",
              "timedOut": null,
              "duration": 115,
              "state": "passed",
              "speed": "slow",
              "pass": true,
              "fail": false,
              "pending": false,
              "context": null,
              "code": "cy.testa_painel_rede();",
              "err": {},
              "uuid": "9a2db276-3cc7-49b9-a641-5cba7ce3c84e",
              "parentUUID": "9f266dae-67ad-499b-9444-292a18ba0c30",
              "isHook": false,
              "skipped": false
            },
            {
              "title": "Acessa Resultados Gerais",
              "fullTitle": "Menus - REDE Acessa Resultados Gerais",
              "timedOut": null,
              "duration": 3624,
              "state": "passed",
              "speed": "slow",
              "pass": true,
              "fail": false,
              "pending": false,
              "context": null,
              "code": "cy.testa_resultados();",
              "err": {},
              "uuid": "f03e8e68-c109-4ccf-ac78-d456648b2023",
              "parentUUID": "9f266dae-67ad-499b-9444-292a18ba0c30",
              "isHook": false,
              "skipped": false
            },
            {
              "title": "Acessa Resultados por Habilidade",
              "fullTitle": "Menus - REDE Acessa Resultados por Habilidade",
              "timedOut": null,
              "duration": 431,
              "state": "passed",
              "speed": "slow",
              "pass": true,
              "fail": false,
              "pending": false,
              "context": null,
              "code": "cy.testa_resultados_habilidades_rede();",
              "err": {},
              "uuid": "d7b8f708-1e36-4637-bb86-bbeca6ae2f1d",
              "parentUUID": "9f266dae-67ad-499b-9444-292a18ba0c30",
              "isHook": false,
              "skipped": false
            },
            {
              "title": "Acessa Calendário",
              "fullTitle": "Menus - REDE Acessa Calendário",
              "timedOut": null,
              "duration": 450,
              "state": "passed",
              "speed": "slow",
              "pass": true,
              "fail": false,
              "pending": false,
              "context": null,
              "code": "cy.testa_calendario();",
              "err": {},
              "uuid": "c7abda36-cbb3-404b-8f28-d354513b2c05",
              "parentUUID": "9f266dae-67ad-499b-9444-292a18ba0c30",
              "isHook": false,
              "skipped": false
            },
            {
              "title": "Acessa Relatório por Habilidade",
              "fullTitle": "Menus - REDE Acessa Relatório por Habilidade",
              "timedOut": null,
              "duration": 5328,
              "state": "passed",
              "speed": "slow",
              "pass": true,
              "fail": false,
              "pending": false,
              "context": null,
              "code": "cy.testa_relatorio_habilidade();",
              "err": {},
              "uuid": "0110ccc6-0760-42df-8984-772a6fbb249c",
              "parentUUID": "9f266dae-67ad-499b-9444-292a18ba0c30",
              "isHook": false,
              "skipped": false
            },
            {
              "title": "Acessa Relatório por Aluno",
              "fullTitle": "Menus - REDE Acessa Relatório por Aluno",
              "timedOut": null,
              "duration": 4421,
              "state": "passed",
              "speed": "slow",
              "pass": true,
              "fail": false,
              "pending": false,
              "context": null,
              "code": "cy.testa_relatorio_aluno();",
              "err": {},
              "uuid": "54a49feb-9e3e-4311-81f9-bb5c7588e3c8",
              "parentUUID": "9f266dae-67ad-499b-9444-292a18ba0c30",
              "isHook": false,
              "skipped": false
            },
            {
              "title": "Acessa Relatório por Questões Abertas",
              "fullTitle": "Menus - REDE Acessa Relatório por Questões Abertas",
              "timedOut": null,
              "duration": 3435,
              "state": "passed",
              "speed": "slow",
              "pass": true,
              "fail": false,
              "pending": false,
              "context": null,
              "code": "cy.testa_relatorio_questoesAbertas();",
              "err": {},
              "uuid": "96ca9a23-65bf-44a2-a562-f9921e87ecff",
              "parentUUID": "9f266dae-67ad-499b-9444-292a18ba0c30",
              "isHook": false,
              "skipped": false
            },
            {
              "title": "Acessa Acompanhamento",
              "fullTitle": "Menus - REDE Acessa Acompanhamento",
              "timedOut": null,
              "duration": 30733,
              "state": "passed",
              "speed": "slow",
              "pass": true,
              "fail": false,
              "pending": false,
              "context": null,
              "code": "cy.acessa_aprova();\ncy.logar_rede();\ncy.seleciona_projSimulado();\ncy.wait(10000);\ncy.verifica_dialog_contato_if();\ncy.testa_acompanhamento();",
              "err": {},
              "uuid": "dacfd34b-ecbe-4dbe-8770-3140c870afec",
              "parentUUID": "9f266dae-67ad-499b-9444-292a18ba0c30",
              "isHook": false,
              "skipped": false
            }
          ],
          "suites": [],
          "passes": [
            "7ba475af-010c-4102-aaa3-7279bc723a77",
            "9a2db276-3cc7-49b9-a641-5cba7ce3c84e",
            "f03e8e68-c109-4ccf-ac78-d456648b2023",
            "d7b8f708-1e36-4637-bb86-bbeca6ae2f1d",
            "c7abda36-cbb3-404b-8f28-d354513b2c05",
            "0110ccc6-0760-42df-8984-772a6fbb249c",
            "54a49feb-9e3e-4311-81f9-bb5c7588e3c8",
            "96ca9a23-65bf-44a2-a562-f9921e87ecff",
            "dacfd34b-ecbe-4dbe-8770-3140c870afec"
          ],
          "failures": [],
          "pending": [],
          "skipped": [],
          "duration": 83797,
          "root": false,
          "rootEmpty": false,
          "_timeout": 2000
        }
      ],
      "passes": [],
      "failures": [],
      "pending": [],
      "skipped": [],
      "duration": 0,
      "root": true,
      "rootEmpty": true,
      "_timeout": 2000
    }
  ],
  "meta": {
    "mocha": {
      "version": "7.0.1"
    },
    "mochawesome": {
      "options": {
        "quiet": false,
        "reportFilename": "mochawesome",
        "saveHtml": true,
        "saveJson": true,
        "consoleReporter": "spec",
        "useInlineDiffs": false,
        "code": true
      },
      "version": "6.1.1"
    },
    "marge": {
      "options": {
        "reportDir": "cypress/reports/separate-reports",
        "overwrite": false,
        "html": true,
        "json": true
      },
      "version": "5.1.0"
    }
  }
}