{
  "stats": {
    "suites": 1,
    "tests": 5,
    "passes": 3,
    "pending": 0,
    "failures": 2,
    "start": "2020-08-18T21:57:46.719Z",
    "end": "2020-08-18T22:00:22.412Z",
    "duration": 155693,
    "testsRegistered": 5,
    "passPercent": 60,
    "pendingPercent": 0,
    "other": 0,
    "hasOther": false,
    "skipped": 0,
    "hasSkipped": false
  },
  "results": [
    {
      "uuid": "52c0f61a-9ea1-4135-abd7-7e470337f7d4",
      "title": "",
      "fullFile": "cypress/integration/Aprova_cyp/login_valido.spec.js",
      "file": "cypress/integration/Aprova_cyp/login_valido.spec.js",
      "beforeHooks": [],
      "afterHooks": [],
      "tests": [],
      "suites": [
        {
          "uuid": "c2eb6765-b5ee-42a9-a452-ff5aae5ab711",
          "title": "Teste de logins validos",
          "fullFile": "",
          "file": "",
          "beforeHooks": [],
          "afterHooks": [],
          "tests": [
            {
              "title": "Logar com Rede",
              "fullTitle": "Teste de logins validos Logar com Rede",
              "timedOut": null,
              "duration": 43324,
              "state": "passed",
              "speed": "slow",
              "pass": true,
              "fail": false,
              "pending": false,
              "context": null,
              "code": "cy.get('#mat-input-0').type('Rede');\ncy.get('#mat-input-1').type('at04');\ncy.server();\ncy.route('POST', '**/api/v1/usuarios/login').as('postV1');\ncy.get('.submit-button').click();\ncy.wait('@postV1').then(function (xhr) {\n  expect(xhr.status).be.eq(200);\n}); // SELECIONA PROJETO\ncy.get('.lista-projetos-dialog > :nth-child(4)').click();\ncy.get('.btn-projeto-dialog > .btn').click();\ncy.wait(10000);\ncy.url().should('include', '/app/painel');\ncy.get('.username-wrapper > [fxhide=\"\"]').contains('Olá, Rede Demonstração'); // DESLOGAR\ncy.get('.user-button > .ml-14').click();\ncy.get('.mat-menu-item').click();",
              "err": {},
              "uuid": "9aa89151-a0fe-40dc-a9b0-baaadda240c0",
              "parentUUID": "c2eb6765-b5ee-42a9-a452-ff5aae5ab711",
              "isHook": false,
              "skipped": false
            },
            {
              "title": "Logar com Escola",
              "fullTitle": "Teste de logins validos Logar com Escola",
              "timedOut": null,
              "duration": 18291,
              "state": "failed",
              "speed": null,
              "pass": false,
              "fail": true,
              "pending": false,
              "context": null,
              "code": "cy.get('#mat-input-0').type('demo1');\ncy.get('#mat-input-1').type('H2VE3G');\ncy.server();\ncy.route('POST', '**/api/v1/usuarios/login').as('postV1');\ncy.get('.submit-button').click();\ncy.wait('@postV1').then(function (xhr) {\n  expect(xhr.status).be.eq(200);\n}); // SELECIONA PROJETO\ncy.get('.lista-projetos-dialog > :nth-child(4)').click();\ncy.get('.btn-projeto-dialog > .btn').click();\ncy.wait(10000);\ncy.url().should('include', '/app/painel');\ncy.get('.username-wrapper > [fxhide=\"\"]').contains('Olá, Escola Modelo 01'); // DESLOGAR\ncy.get('.user-button > .ml-14').click();\ncy.get('.mat-menu-item').click();",
              "err": {
                "message": "AssertionError: expected 400 to equal 200",
                "estack": "AssertionError: expected 400 to equal 200\n    at Context.eval (http://aprovabrasil-hmg.azurewebsites.net/__cypress/tests?p=cypress/integration/Aprova_cyp/login_valido.spec.js:34:29)",
                "diff": "- 400\n+ 200\n"
              },
              "uuid": "ba5b4784-9e3f-49ff-9aed-62e849ab3408",
              "parentUUID": "c2eb6765-b5ee-42a9-a452-ff5aae5ab711",
              "isHook": false,
              "skipped": false
            },
            {
              "title": "Logar com Professor",
              "fullTitle": "Teste de logins validos Logar com Professor",
              "timedOut": null,
              "duration": 36157,
              "state": "passed",
              "speed": "slow",
              "pass": true,
              "fail": false,
              "pending": false,
              "context": null,
              "code": "cy.get('#mat-input-0').type('293124@avalia.com');\ncy.get('#mat-input-1').type('ZTVEHB');\ncy.server();\ncy.route('POST', '**/api/v1/usuarios/login').as('postV1');\ncy.get('.submit-button').click();\ncy.wait('@postV1').then(function (xhr) {\n  expect(xhr.status).be.eq(200);\n}); // SELECIONA PROJETO\ncy.get('.lista-projetos-dialog > :nth-child(3)').click();\ncy.get('.btn-projeto-dialog > .btn').click();\ncy.wait(10000);\ncy.url().should('include', '/app/painel');\ncy.get('.username-wrapper > [fxhide=\"\"]').contains('Olá, Professor EF1'); // DESLOGAR\ncy.get('.user-button > .ml-14').click();\ncy.get('.mat-menu-item').click();",
              "err": {},
              "uuid": "4df99084-4bdc-4cbc-b40c-7046d1e658bd",
              "parentUUID": "c2eb6765-b5ee-42a9-a452-ff5aae5ab711",
              "isHook": false,
              "skipped": false
            },
            {
              "title": "Logar com Regional",
              "fullTitle": "Teste de logins validos Logar com Regional",
              "timedOut": null,
              "duration": 35668,
              "state": "passed",
              "speed": "slow",
              "pass": true,
              "fail": false,
              "pending": false,
              "context": null,
              "code": "cy.get('#mat-input-0').type('890163@avalia.com');\ncy.get('#mat-input-1').type('7YF7QD');\ncy.server();\ncy.route('POST', '**/api/v1/usuarios/login').as('postV1');\ncy.get('.submit-button').click();\ncy.wait('@postV1').then(function (xhr) {\n  expect(xhr.status).be.eq(200);\n});\ncy.wait(10000);\nexpect(cy.url().should('include', '/app/painel'));\ncy.get('.username-wrapper > [fxhide=\"\"]').contains('Olá, CABULA'); // DESLOGAR\ncy.get('.user-button > .ml-14').click();\ncy.get('.mat-menu-item').click();",
              "err": {},
              "uuid": "1a3a5203-3357-4487-b399-70e4c4d04b73",
              "parentUUID": "c2eb6765-b5ee-42a9-a452-ff5aae5ab711",
              "isHook": false,
              "skipped": false
            },
            {
              "title": "Trocar projeto",
              "fullTitle": "Teste de logins validos Trocar projeto",
              "timedOut": null,
              "duration": 20296,
              "state": "failed",
              "speed": null,
              "pass": false,
              "fail": true,
              "pending": false,
              "context": null,
              "code": "cy.get('#mat-input-0').type('demo1');\ncy.get('#mat-input-1').type('H2VE3G');\ncy.server();\ncy.route('POST', '**/api/v1/usuarios/login').as('postV1');\ncy.get('.submit-button').click();\ncy.wait('@postV1').then(function (xhr) {\n  expect(xhr.status).be.eq(200);\n}); // SELECIONA PROJETO\ncy.get('.lista-projetos-dialog > :nth-child(4)').click();\ncy.get('.btn-projeto-dialog > .btn').click();\ncy.wait(10000);\ncy.url().should('include', '/app/painel');\ncy.get('.username-wrapper > [fxhide=\"\"]').contains('Olá, Escola Modelo 01'); //TROCAR PROJETO\ncy.get('#app-toolbar > mat-toolbar > div > div > div:nth-child(1) > div.logo-rede.ng-star-inserted > div:nth-child(2) > div').click();\ncy.get('#mat-dialog-1 > app-selecionar-projeto > div > div.lista-projetos-dialog.projetos-dialog-atuais.ng-star-inserted > mat-card:nth-child(3)').click();\ncy.get('#mat-dialog-1 > app-selecionar-projeto > div > div.btn-projeto-dialog > button.btn.btn-blue.mat-stroked-button.mat-button').click();\ncy.get('#app-toolbar > mat-toolbar > div > div > div:nth-child(1) > div.logo-rede.ng-star-inserted > div:nth-child(2) > div').contains('2020 - AVALIAÇÃO DIAGNÓSTICA'); // DESLOGAR\ncy.get('.user-button > .ml-14').click();\ncy.get('.mat-menu-item').click();",
              "err": {
                "message": "AssertionError: expected 400 to equal 200",
                "estack": "AssertionError: expected 400 to equal 200\n    at Context.eval (http://aprovabrasil-hmg.azurewebsites.net/__cypress/tests?p=cypress/integration/Aprova_cyp/login_valido.spec.js:88:29)",
                "diff": "- 400\n+ 200\n"
              },
              "uuid": "19389291-c076-42f4-80c5-161931718885",
              "parentUUID": "c2eb6765-b5ee-42a9-a452-ff5aae5ab711",
              "isHook": false,
              "skipped": false
            }
          ],
          "suites": [],
          "passes": [
            "9aa89151-a0fe-40dc-a9b0-baaadda240c0",
            "4df99084-4bdc-4cbc-b40c-7046d1e658bd",
            "1a3a5203-3357-4487-b399-70e4c4d04b73"
          ],
          "failures": [
            "ba5b4784-9e3f-49ff-9aed-62e849ab3408",
            "19389291-c076-42f4-80c5-161931718885"
          ],
          "pending": [],
          "skipped": [],
          "duration": 153736,
          "root": false,
          "rootEmpty": false,
          "_timeout": 2000
        }
      ],
      "passes": [],
      "failures": [],
      "pending": [],
      "skipped": [],
      "duration": 0,
      "root": true,
      "rootEmpty": true,
      "_timeout": 2000
    }
  ],
  "meta": {
    "mocha": {
      "version": "7.0.1"
    },
    "mochawesome": {
      "options": {
        "quiet": false,
        "reportFilename": "mochawesome",
        "saveHtml": true,
        "saveJson": true,
        "consoleReporter": "spec",
        "useInlineDiffs": false,
        "code": true
      },
      "version": "6.1.1"
    },
    "marge": {
      "options": {
        "reportDir": "cypress/reports/separate-reports",
        "overwrite": false,
        "html": true,
        "json": true
      },
      "version": "5.1.0"
    }
  }
}