{
  "stats": {
    "suites": 1,
    "tests": 15,
    "passes": 12,
    "pending": 0,
    "failures": 3,
    "start": "2020-09-24T14:56:48.437Z",
    "end": "2020-09-24T15:00:54.961Z",
    "duration": 246524,
    "testsRegistered": 15,
    "passPercent": 80,
    "pendingPercent": 0,
    "other": 0,
    "hasOther": false,
    "skipped": 0,
    "hasSkipped": false
  },
  "results": [
    {
      "uuid": "2501b246-a303-44f4-ae19-4636b41714d0",
      "title": "",
      "fullFile": "cypress/integration/Aprova_cyp/tour.spec.js",
      "file": "cypress/integration/Aprova_cyp/tour.spec.js",
      "beforeHooks": [],
      "afterHooks": [],
      "tests": [],
      "suites": [
        {
          "uuid": "0d305417-c25e-434a-939b-fefafb29ce32",
          "title": "Tour - Instituição",
          "fullFile": "",
          "file": "",
          "beforeHooks": [],
          "afterHooks": [],
          "tests": [
            {
              "title": "Acessa - Instituição",
              "fullTitle": "Tour - Instituição Acessa - Instituição",
              "timedOut": null,
              "duration": 45690,
              "state": "passed",
              "speed": "slow",
              "pass": true,
              "fail": false,
              "pending": false,
              "context": null,
              "code": "cy.acessa_aprova();\ncy.logar_instituicao();\ncy.seleciona_projSimulado();\ncy.wait(10000);\ncy.verifica_dialog_contato_if();\nexpect(cy.get('.username-wrapper > [fxhide=\"\"]').contains('Olá, Escola Modelo 01')).to.exist;",
              "err": {},
              "uuid": "41ba93a5-a614-4d72-8068-71cb88b3e0a8",
              "parentUUID": "0d305417-c25e-434a-939b-fefafb29ce32",
              "isHook": false,
              "skipped": false
            },
            {
              "title": "Tour Painel",
              "fullTitle": "Tour - Instituição Tour Painel",
              "timedOut": null,
              "duration": 8094,
              "state": "passed",
              "speed": "slow",
              "pass": true,
              "fail": false,
              "pending": false,
              "context": null,
              "code": "cy.tourpainel();",
              "err": {},
              "uuid": "5f85f709-759f-4956-be28-da6dcd5da5a0",
              "parentUUID": "0d305417-c25e-434a-939b-fefafb29ce32",
              "isHook": false,
              "skipped": false
            },
            {
              "title": "Tour Simulado",
              "fullTitle": "Tour - Instituição Tour Simulado",
              "timedOut": null,
              "duration": 9206,
              "state": "passed",
              "speed": "slow",
              "pass": true,
              "fail": false,
              "pending": false,
              "context": null,
              "code": "cy.toursimulado();",
              "err": {},
              "uuid": "80c9dbde-23e9-4c35-ac59-1ec50cd5bcf5",
              "parentUUID": "0d305417-c25e-434a-939b-fefafb29ce32",
              "isHook": false,
              "skipped": false
            },
            {
              "title": "Tour Turmas e Alunos",
              "fullTitle": "Tour - Instituição Tour Turmas e Alunos",
              "timedOut": null,
              "duration": 10580,
              "state": "passed",
              "speed": "slow",
              "pass": true,
              "fail": false,
              "pending": false,
              "context": null,
              "code": "cy.tourturmas();",
              "err": {},
              "uuid": "2a05ad61-1122-42c1-af74-a5c231933873",
              "parentUUID": "0d305417-c25e-434a-939b-fefafb29ce32",
              "isHook": false,
              "skipped": false
            },
            {
              "title": "Tour Resultados Gerais",
              "fullTitle": "Tour - Instituição Tour Resultados Gerais",
              "timedOut": null,
              "duration": 10295,
              "state": "passed",
              "speed": "slow",
              "pass": true,
              "fail": false,
              "pending": false,
              "context": null,
              "code": "cy.tourresultadosgerais();",
              "err": {},
              "uuid": "5be0b151-b9fb-4b3c-b5ef-2d81442652ad",
              "parentUUID": "0d305417-c25e-434a-939b-fefafb29ce32",
              "isHook": false,
              "skipped": false
            },
            {
              "title": "Tour Resultados Por Habilidade",
              "fullTitle": "Tour - Instituição Tour Resultados Por Habilidade",
              "timedOut": null,
              "duration": 10306,
              "state": "passed",
              "speed": "slow",
              "pass": true,
              "fail": false,
              "pending": false,
              "context": null,
              "code": "cy.tourresultadoshab();",
              "err": {},
              "uuid": "f5215f61-5547-43e9-b463-2b3f29a14f6a",
              "parentUUID": "0d305417-c25e-434a-939b-fefafb29ce32",
              "isHook": false,
              "skipped": false
            },
            {
              "title": "Tour Calendário",
              "fullTitle": "Tour - Instituição Tour Calendário",
              "timedOut": null,
              "duration": 11103,
              "state": "passed",
              "speed": "slow",
              "pass": true,
              "fail": false,
              "pending": false,
              "context": null,
              "code": "cy.tourcalendario();",
              "err": {},
              "uuid": "ee027ea7-1e3c-4bac-bc9d-aac2e15b2d86",
              "parentUUID": "0d305417-c25e-434a-939b-fefafb29ce32",
              "isHook": false,
              "skipped": false
            },
            {
              "title": "Tour Livro Digital",
              "fullTitle": "Tour - Instituição Tour Livro Digital",
              "timedOut": null,
              "duration": 21152,
              "state": "passed",
              "speed": "slow",
              "pass": true,
              "fail": false,
              "pending": false,
              "context": null,
              "code": "cy.tourlivros();",
              "err": {},
              "uuid": "f358afbe-52bd-41e9-9448-f3b61e58fdf1",
              "parentUUID": "0d305417-c25e-434a-939b-fefafb29ce32",
              "isHook": false,
              "skipped": false
            },
            {
              "title": "Tour Atividades Complementares",
              "fullTitle": "Tour - Instituição Tour Atividades Complementares",
              "timedOut": null,
              "duration": 10806,
              "state": "passed",
              "speed": "slow",
              "pass": true,
              "fail": false,
              "pending": false,
              "context": null,
              "code": "cy.touratv();",
              "err": {},
              "uuid": "4dbb5f6a-0a0a-4bac-887f-2881429ff3f2",
              "parentUUID": "0d305417-c25e-434a-939b-fefafb29ce32",
              "isHook": false,
              "skipped": false
            },
            {
              "title": "Tour Relatório por Habilidade",
              "fullTitle": "Tour - Instituição Tour Relatório por Habilidade",
              "timedOut": null,
              "duration": 11792,
              "state": "failed",
              "speed": null,
              "pass": false,
              "fail": true,
              "pending": false,
              "context": null,
              "code": "cy.tour_relatorio_habilidade();",
              "err": {
                "message": "AssertionError: Timed out retrying: Expected to find content: 'Os relatórios são dados de desempenho organizados em tabelas e planilhas para download.' but never did.",
                "estack": "AssertionError: Timed out retrying: Expected to find content: 'Os relatórios são dados de desempenho organizados em tabelas e planilhas para download.' but never did.\n    at Context.eval (http://aprovabrasil-hmg.azurewebsites.net/__cypress/tests?p=cypress/support/index.js:740:6)",
                "diff": null
              },
              "uuid": "a2039ab1-5ddd-42bc-a534-6fdbafcaa7d4",
              "parentUUID": "0d305417-c25e-434a-939b-fefafb29ce32",
              "isHook": false,
              "skipped": false
            },
            {
              "title": "Tour Relatório por Aluno",
              "fullTitle": "Tour - Instituição Tour Relatório por Aluno",
              "timedOut": null,
              "duration": 5153,
              "state": "failed",
              "speed": null,
              "pass": false,
              "fail": true,
              "pending": false,
              "context": null,
              "code": "cy.tour_relatorio_aluno();",
              "err": {
                "message": "CypressError: Timed out retrying: `cy.click()` failed because this element is not visible:\n\n`<span _ngcontent-c17=\"\" class=\"nav-link-title ng-tns-c17-15 ng-star-inserted\">Gestão</span>`\n\nThis element `<span.nav-link-title.ng-tns-c17-15.ng-star-inserted>` is not visible because it has CSS property: `position: fixed` and it's being covered by another element:\n\n`<div class=\"introjs-overlay\" style=\"top: 0px; bottom: 0px; left: 0px; right: 0px; position: fixed; opacity: 0.8;\"></div>`\n\nFix this problem, or use `{force: true}` to disable error checking.\n\nhttps://on.cypress.io/element-cannot-be-interacted-with",
                "estack": "CypressError: Timed out retrying: `cy.click()` failed because this element is not visible:\n\n`<span _ngcontent-c17=\"\" class=\"nav-link-title ng-tns-c17-15 ng-star-inserted\">Gestão</span>`\n\nThis element `<span.nav-link-title.ng-tns-c17-15.ng-star-inserted>` is not visible because it has CSS property: `position: fixed` and it's being covered by another element:\n\n`<div class=\"introjs-overlay\" style=\"top: 0px; bottom: 0px; left: 0px; right: 0px; position: fixed; opacity: 0.8;\"></div>`\n\nFix this problem, or use `{force: true}` to disable error checking.\n\nhttps://on.cypress.io/element-cannot-be-interacted-with\n    at $Cy.ensureVisibility (http://aprovabrasil-hmg.azurewebsites.net/__cypress/runner/cypress_runner.js:161444:24)\n    at runAllChecks (http://aprovabrasil-hmg.azurewebsites.net/__cypress/runner/cypress_runner.js:150386:14)\n    at retryActionability (http://aprovabrasil-hmg.azurewebsites.net/__cypress/runner/cypress_runner.js:150429:16)\n    at tryCatcher (http://aprovabrasil-hmg.azurewebsites.net/__cypress/runner/cypress_runner.js:10325:23)\n    at Function.Promise.attempt.Promise.try (http://aprovabrasil-hmg.azurewebsites.net/__cypress/runner/cypress_runner.js:7599:29)\n    at tryFn (http://aprovabrasil-hmg.azurewebsites.net/__cypress/runner/cypress_runner.js:165710:24)\n    at whenStable (http://aprovabrasil-hmg.azurewebsites.net/__cypress/runner/cypress_runner.js:165751:12)\n    at http://aprovabrasil-hmg.azurewebsites.net/__cypress/runner/cypress_runner.js:165269:16\n    at tryCatcher (http://aprovabrasil-hmg.azurewebsites.net/__cypress/runner/cypress_runner.js:10325:23)\n    at Promise._settlePromiseFromHandler (http://aprovabrasil-hmg.azurewebsites.net/__cypress/runner/cypress_runner.js:8260:31)\n    at Promise._settlePromise (http://aprovabrasil-hmg.azurewebsites.net/__cypress/runner/cypress_runner.js:8317:18)\n    at Promise._settlePromise0 (http://aprovabrasil-hmg.azurewebsites.net/__cypress/runner/cypress_runner.js:8362:10)\n    at Promise._settlePromises (http://aprovabrasil-hmg.azurewebsites.net/__cypress/runner/cypress_runner.js:8442:18)\n    at Promise._fulfill (http://aprovabrasil-hmg.azurewebsites.net/__cypress/runner/cypress_runner.js:8386:18)\n    at http://aprovabrasil-hmg.azurewebsites.net/__cypress/runner/cypress_runner.js:10000:46\nFrom Your Spec Code:\n    at Context.eval (http://aprovabrasil-hmg.azurewebsites.net/__cypress/tests?p=cypress/support/index.js:748:44)",
                "diff": null
              },
              "uuid": "c83fc47c-79c9-4a6c-ba6f-ff68ce6565ee",
              "parentUUID": "0d305417-c25e-434a-939b-fefafb29ce32",
              "isHook": false,
              "skipped": false
            },
            {
              "title": "Tour Relatório por Questões Abertas",
              "fullTitle": "Tour - Instituição Tour Relatório por Questões Abertas",
              "timedOut": null,
              "duration": 5309,
              "state": "failed",
              "speed": null,
              "pass": false,
              "fail": true,
              "pending": false,
              "context": null,
              "code": "cy.tour_relatorio_questoes();",
              "err": {
                "message": "CypressError: Timed out retrying: `cy.click()` failed because this element is not visible:\n\n`<span _ngcontent-c17=\"\" class=\"nav-link-title ng-tns-c17-15 ng-star-inserted\">Gestão</span>`\n\nThis element `<span.nav-link-title.ng-tns-c17-15.ng-star-inserted>` is not visible because it has CSS property: `position: fixed` and it's being covered by another element:\n\n`<div class=\"introjs-overlay\" style=\"top: 0px; bottom: 0px; left: 0px; right: 0px; position: fixed; opacity: 0.8;\"></div>`\n\nFix this problem, or use `{force: true}` to disable error checking.\n\nhttps://on.cypress.io/element-cannot-be-interacted-with",
                "estack": "CypressError: Timed out retrying: `cy.click()` failed because this element is not visible:\n\n`<span _ngcontent-c17=\"\" class=\"nav-link-title ng-tns-c17-15 ng-star-inserted\">Gestão</span>`\n\nThis element `<span.nav-link-title.ng-tns-c17-15.ng-star-inserted>` is not visible because it has CSS property: `position: fixed` and it's being covered by another element:\n\n`<div class=\"introjs-overlay\" style=\"top: 0px; bottom: 0px; left: 0px; right: 0px; position: fixed; opacity: 0.8;\"></div>`\n\nFix this problem, or use `{force: true}` to disable error checking.\n\nhttps://on.cypress.io/element-cannot-be-interacted-with\n    at $Cy.ensureVisibility (http://aprovabrasil-hmg.azurewebsites.net/__cypress/runner/cypress_runner.js:161444:24)\n    at runAllChecks (http://aprovabrasil-hmg.azurewebsites.net/__cypress/runner/cypress_runner.js:150386:14)\n    at retryActionability (http://aprovabrasil-hmg.azurewebsites.net/__cypress/runner/cypress_runner.js:150429:16)\n    at tryCatcher (http://aprovabrasil-hmg.azurewebsites.net/__cypress/runner/cypress_runner.js:10325:23)\n    at Function.Promise.attempt.Promise.try (http://aprovabrasil-hmg.azurewebsites.net/__cypress/runner/cypress_runner.js:7599:29)\n    at tryFn (http://aprovabrasil-hmg.azurewebsites.net/__cypress/runner/cypress_runner.js:165710:24)\n    at whenStable (http://aprovabrasil-hmg.azurewebsites.net/__cypress/runner/cypress_runner.js:165751:12)\n    at http://aprovabrasil-hmg.azurewebsites.net/__cypress/runner/cypress_runner.js:165269:16\n    at tryCatcher (http://aprovabrasil-hmg.azurewebsites.net/__cypress/runner/cypress_runner.js:10325:23)\n    at Promise._settlePromiseFromHandler (http://aprovabrasil-hmg.azurewebsites.net/__cypress/runner/cypress_runner.js:8260:31)\n    at Promise._settlePromise (http://aprovabrasil-hmg.azurewebsites.net/__cypress/runner/cypress_runner.js:8317:18)\n    at Promise._settlePromise0 (http://aprovabrasil-hmg.azurewebsites.net/__cypress/runner/cypress_runner.js:8362:10)\n    at Promise._settlePromises (http://aprovabrasil-hmg.azurewebsites.net/__cypress/runner/cypress_runner.js:8442:18)\n    at Promise._fulfill (http://aprovabrasil-hmg.azurewebsites.net/__cypress/runner/cypress_runner.js:8386:18)\n    at http://aprovabrasil-hmg.azurewebsites.net/__cypress/runner/cypress_runner.js:10000:46\nFrom Your Spec Code:\n    at Context.eval (http://aprovabrasil-hmg.azurewebsites.net/__cypress/tests?p=cypress/support/index.js:760:44)",
                "diff": null
              },
              "uuid": "77614f6c-f060-475d-84e6-f8453128f701",
              "parentUUID": "0d305417-c25e-434a-939b-fefafb29ce32",
              "isHook": false,
              "skipped": false
            },
            {
              "title": "Tour Relatório Conteudo",
              "fullTitle": "Tour - Instituição Tour Relatório Conteudo",
              "timedOut": null,
              "duration": 36073,
              "state": "passed",
              "speed": "slow",
              "pass": true,
              "fail": false,
              "pending": false,
              "context": null,
              "code": "cy.tour_relatorio_conteudo();",
              "err": {},
              "uuid": "65de5934-0734-4a0f-a5aa-6ba00902f1c1",
              "parentUUID": "0d305417-c25e-434a-939b-fefafb29ce32",
              "isHook": false,
              "skipped": false
            },
            {
              "title": "Tour Acompanhamento",
              "fullTitle": "Tour - Instituição Tour Acompanhamento",
              "timedOut": null,
              "duration": 36650,
              "state": "passed",
              "speed": "slow",
              "pass": true,
              "fail": false,
              "pending": false,
              "context": null,
              "code": "cy.tour_acompanhamento();",
              "err": {},
              "uuid": "1043721f-94fc-4d99-a306-8030d2ec5dbe",
              "parentUUID": "0d305417-c25e-434a-939b-fefafb29ce32",
              "isHook": false,
              "skipped": false
            },
            {
              "title": "Tour Ajuda",
              "fullTitle": "Tour - Instituição Tour Ajuda",
              "timedOut": null,
              "duration": 9909,
              "state": "passed",
              "speed": "slow",
              "pass": true,
              "fail": false,
              "pending": false,
              "context": null,
              "code": "cy.tourajuda();",
              "err": {},
              "uuid": "b3227110-4a23-4309-93e2-387185b46fe5",
              "parentUUID": "0d305417-c25e-434a-939b-fefafb29ce32",
              "isHook": false,
              "skipped": false
            }
          ],
          "suites": [],
          "passes": [
            "41ba93a5-a614-4d72-8068-71cb88b3e0a8",
            "5f85f709-759f-4956-be28-da6dcd5da5a0",
            "80c9dbde-23e9-4c35-ac59-1ec50cd5bcf5",
            "2a05ad61-1122-42c1-af74-a5c231933873",
            "5be0b151-b9fb-4b3c-b5ef-2d81442652ad",
            "f5215f61-5547-43e9-b463-2b3f29a14f6a",
            "ee027ea7-1e3c-4bac-bc9d-aac2e15b2d86",
            "f358afbe-52bd-41e9-9448-f3b61e58fdf1",
            "4dbb5f6a-0a0a-4bac-887f-2881429ff3f2",
            "65de5934-0734-4a0f-a5aa-6ba00902f1c1",
            "1043721f-94fc-4d99-a306-8030d2ec5dbe",
            "b3227110-4a23-4309-93e2-387185b46fe5"
          ],
          "failures": [
            "a2039ab1-5ddd-42bc-a534-6fdbafcaa7d4",
            "c83fc47c-79c9-4a6c-ba6f-ff68ce6565ee",
            "77614f6c-f060-475d-84e6-f8453128f701"
          ],
          "pending": [],
          "skipped": [],
          "duration": 242118,
          "root": false,
          "rootEmpty": false,
          "_timeout": 2000
        }
      ],
      "passes": [],
      "failures": [],
      "pending": [],
      "skipped": [],
      "duration": 0,
      "root": true,
      "rootEmpty": true,
      "_timeout": 2000
    }
  ],
  "meta": {
    "mocha": {
      "version": "7.0.1"
    },
    "mochawesome": {
      "options": {
        "quiet": false,
        "reportFilename": "mochawesome",
        "saveHtml": true,
        "saveJson": true,
        "consoleReporter": "spec",
        "useInlineDiffs": false,
        "code": true
      },
      "version": "6.1.1"
    },
    "marge": {
      "options": {
        "reportDir": "cypress/reports/separate-reports",
        "overwrite": false,
        "html": true,
        "json": true
      },
      "version": "5.1.0"
    }
  }
}