{
  "stats": {
    "suites": 1,
    "tests": 8,
    "passes": 8,
    "pending": 0,
    "failures": 0,
    "start": "2020-09-24T14:46:32.256Z",
    "end": "2020-09-24T14:47:42.587Z",
    "duration": 70331,
    "testsRegistered": 8,
    "passPercent": 100,
    "pendingPercent": 0,
    "other": 0,
    "hasOther": false,
    "skipped": 0,
    "hasSkipped": false
  },
  "results": [
    {
      "uuid": "779ce8fb-1131-443e-ab9b-d2c7f2d78ac8",
      "title": "",
      "fullFile": "cypress/integration/Aprova_Brasil/menu_regional.spec.js",
      "file": "cypress/integration/Aprova_Brasil/menu_regional.spec.js",
      "beforeHooks": [],
      "afterHooks": [],
      "tests": [],
      "suites": [
        {
          "uuid": "7e6aee81-2f01-464f-8586-5c937e461e5e",
          "title": "Menus - REGIONAL",
          "fullFile": "",
          "file": "",
          "beforeHooks": [],
          "afterHooks": [],
          "tests": [
            {
              "title": "Acessa Regional",
              "fullTitle": "Menus - REGIONAL Acessa Regional",
              "timedOut": null,
              "duration": 29199,
              "state": "passed",
              "speed": "slow",
              "pass": true,
              "fail": false,
              "pending": false,
              "context": null,
              "code": "cy.acessa_aprova();\ncy.logar_regional(); //cy.seleciona_projSimulado()\ncy.wait(10000);\ncy.verifica_dialog_contato_if();\nexpect(cy.get('.username-wrapper > [fxhide=\"\"]').contains('Olá, CABULA')).to.exist;",
              "err": {},
              "uuid": "434ef1b6-7d6b-4c09-a153-6058a2aed55a",
              "parentUUID": "7e6aee81-2f01-464f-8586-5c937e461e5e",
              "isHook": false,
              "skipped": false
            },
            {
              "title": "Acessa Painel",
              "fullTitle": "Menus - REGIONAL Acessa Painel",
              "timedOut": null,
              "duration": 131,
              "state": "passed",
              "speed": "slow",
              "pass": true,
              "fail": false,
              "pending": false,
              "context": null,
              "code": "cy.testa_painel_rede();",
              "err": {},
              "uuid": "66e302e8-acbc-47f1-bfc1-44438e30ed2b",
              "parentUUID": "7e6aee81-2f01-464f-8586-5c937e461e5e",
              "isHook": false,
              "skipped": false
            },
            {
              "title": "Acessa Resultados Gerais",
              "fullTitle": "Menus - REGIONAL Acessa Resultados Gerais",
              "timedOut": null,
              "duration": 1978,
              "state": "passed",
              "speed": "slow",
              "pass": true,
              "fail": false,
              "pending": false,
              "context": null,
              "code": "cy.testa_resultados(); //cy.wait(10000)",
              "err": {},
              "uuid": "849615cb-b55a-407c-9470-1766266f4e42",
              "parentUUID": "7e6aee81-2f01-464f-8586-5c937e461e5e",
              "isHook": false,
              "skipped": false
            },
            {
              "title": "Acessa Resultados por Habilidade",
              "fullTitle": "Menus - REGIONAL Acessa Resultados por Habilidade",
              "timedOut": null,
              "duration": 393,
              "state": "passed",
              "speed": "slow",
              "pass": true,
              "fail": false,
              "pending": false,
              "context": null,
              "code": "cy.testa_resultados_habilidades_rede();",
              "err": {},
              "uuid": "17304afd-2ebc-4d79-94d6-03ef9c83c210",
              "parentUUID": "7e6aee81-2f01-464f-8586-5c937e461e5e",
              "isHook": false,
              "skipped": false
            },
            {
              "title": "Acessa Relatório por Habilidade",
              "fullTitle": "Menus - REGIONAL Acessa Relatório por Habilidade",
              "timedOut": null,
              "duration": 4971,
              "state": "passed",
              "speed": "slow",
              "pass": true,
              "fail": false,
              "pending": false,
              "context": null,
              "code": "cy.testa_relatorio_habilidade2();",
              "err": {},
              "uuid": "629dc701-92a9-468f-a4e3-3827ddddcb94",
              "parentUUID": "7e6aee81-2f01-464f-8586-5c937e461e5e",
              "isHook": false,
              "skipped": false
            },
            {
              "title": "Acessa Relatório por Aluno",
              "fullTitle": "Menus - REGIONAL Acessa Relatório por Aluno",
              "timedOut": null,
              "duration": 3388,
              "state": "passed",
              "speed": "slow",
              "pass": true,
              "fail": false,
              "pending": false,
              "context": null,
              "code": "cy.testa_relatorio_aluno2();",
              "err": {},
              "uuid": "4d3dc74f-f111-4c37-8be2-a840cc221446",
              "parentUUID": "7e6aee81-2f01-464f-8586-5c937e461e5e",
              "isHook": false,
              "skipped": false
            },
            {
              "title": "Acessa Relatório por Questões Abertas",
              "fullTitle": "Menus - REGIONAL Acessa Relatório por Questões Abertas",
              "timedOut": null,
              "duration": 2726,
              "state": "passed",
              "speed": "slow",
              "pass": true,
              "fail": false,
              "pending": false,
              "context": null,
              "code": "cy.testa_relatorio_questoesAbertas2();",
              "err": {},
              "uuid": "18c00633-52b6-44f9-ad3a-357e969163f2",
              "parentUUID": "7e6aee81-2f01-464f-8586-5c937e461e5e",
              "isHook": false,
              "skipped": false
            },
            {
              "title": "Acessa Acompanhamento",
              "fullTitle": "Menus - REGIONAL Acessa Acompanhamento",
              "timedOut": null,
              "duration": 25669,
              "state": "passed",
              "speed": "slow",
              "pass": true,
              "fail": false,
              "pending": false,
              "context": null,
              "code": "cy.acessa_aprova();\ncy.logar_regional(); //cy.seleciona_projSimulado()\ncy.wait(10000);\ncy.verifica_dialog_contato_if();\ncy.testa_acompanhamento();",
              "err": {},
              "uuid": "97e851c8-87c8-48ca-9ef2-f35ec07804fe",
              "parentUUID": "7e6aee81-2f01-464f-8586-5c937e461e5e",
              "isHook": false,
              "skipped": false
            }
          ],
          "suites": [],
          "passes": [
            "434ef1b6-7d6b-4c09-a153-6058a2aed55a",
            "66e302e8-acbc-47f1-bfc1-44438e30ed2b",
            "849615cb-b55a-407c-9470-1766266f4e42",
            "17304afd-2ebc-4d79-94d6-03ef9c83c210",
            "629dc701-92a9-468f-a4e3-3827ddddcb94",
            "4d3dc74f-f111-4c37-8be2-a840cc221446",
            "18c00633-52b6-44f9-ad3a-357e969163f2",
            "97e851c8-87c8-48ca-9ef2-f35ec07804fe"
          ],
          "failures": [],
          "pending": [],
          "skipped": [],
          "duration": 68455,
          "root": false,
          "rootEmpty": false,
          "_timeout": 2000
        }
      ],
      "passes": [],
      "failures": [],
      "pending": [],
      "skipped": [],
      "duration": 0,
      "root": true,
      "rootEmpty": true,
      "_timeout": 2000
    }
  ],
  "meta": {
    "mocha": {
      "version": "7.0.1"
    },
    "mochawesome": {
      "options": {
        "quiet": false,
        "reportFilename": "mochawesome",
        "saveHtml": true,
        "saveJson": true,
        "consoleReporter": "spec",
        "useInlineDiffs": false,
        "code": true
      },
      "version": "6.1.1"
    },
    "marge": {
      "options": {
        "reportDir": "cypress/reports/separate-reports",
        "overwrite": false,
        "html": true,
        "json": true
      },
      "version": "5.1.0"
    }
  }
}