{
  "stats": {
    "suites": 1,
    "tests": 8,
    "passes": 8,
    "pending": 0,
    "failures": 0,
    "start": "2020-09-24T14:33:10.513Z",
    "end": "2020-09-24T14:34:23.211Z",
    "duration": 72698,
    "testsRegistered": 8,
    "passPercent": 100,
    "pendingPercent": 0,
    "other": 0,
    "hasOther": false,
    "skipped": 0,
    "hasSkipped": false
  },
  "results": [
    {
      "uuid": "87cba44d-2442-4029-bb35-7b7f0f5934c1",
      "title": "",
      "fullFile": "cypress/integration/Aprova_Brasil/menu_regional.spec.js",
      "file": "cypress/integration/Aprova_Brasil/menu_regional.spec.js",
      "beforeHooks": [],
      "afterHooks": [],
      "tests": [],
      "suites": [
        {
          "uuid": "a25a4263-da94-4fb6-8aac-e84164436e61",
          "title": "Menus - REGIONAL",
          "fullFile": "",
          "file": "",
          "beforeHooks": [],
          "afterHooks": [],
          "tests": [
            {
              "title": "Acessa Regional",
              "fullTitle": "Menus - REGIONAL Acessa Regional",
              "timedOut": null,
              "duration": 30404,
              "state": "passed",
              "speed": "slow",
              "pass": true,
              "fail": false,
              "pending": false,
              "context": null,
              "code": "cy.acessa_aprova();\ncy.logar_regional(); //cy.seleciona_projSimulado()\ncy.wait(10000);\ncy.verifica_dialog_contato_if();\nexpect(cy.get('.username-wrapper > [fxhide=\"\"]').contains('Olá, CABULA')).to.exist;",
              "err": {},
              "uuid": "d325fcb0-585f-4fea-859d-58c9c7b0bfdf",
              "parentUUID": "a25a4263-da94-4fb6-8aac-e84164436e61",
              "isHook": false,
              "skipped": false
            },
            {
              "title": "Acessa Painel",
              "fullTitle": "Menus - REGIONAL Acessa Painel",
              "timedOut": null,
              "duration": 121,
              "state": "passed",
              "speed": "slow",
              "pass": true,
              "fail": false,
              "pending": false,
              "context": null,
              "code": "cy.testa_painel_rede();",
              "err": {},
              "uuid": "d9037642-5ff4-4dab-a224-dd0a3027485a",
              "parentUUID": "a25a4263-da94-4fb6-8aac-e84164436e61",
              "isHook": false,
              "skipped": false
            },
            {
              "title": "Acessa Resultados Gerais",
              "fullTitle": "Menus - REGIONAL Acessa Resultados Gerais",
              "timedOut": null,
              "duration": 3166,
              "state": "passed",
              "speed": "slow",
              "pass": true,
              "fail": false,
              "pending": false,
              "context": null,
              "code": "cy.testa_resultados(); //cy.wait(10000)",
              "err": {},
              "uuid": "69c2921a-0098-4f83-891f-d4f2cc19e9e9",
              "parentUUID": "a25a4263-da94-4fb6-8aac-e84164436e61",
              "isHook": false,
              "skipped": false
            },
            {
              "title": "Acessa Resultados por Habilidade",
              "fullTitle": "Menus - REGIONAL Acessa Resultados por Habilidade",
              "timedOut": null,
              "duration": 390,
              "state": "passed",
              "speed": "slow",
              "pass": true,
              "fail": false,
              "pending": false,
              "context": null,
              "code": "cy.testa_resultados_habilidades_rede();",
              "err": {},
              "uuid": "d9c76756-5d50-47e3-9a0b-31a89194d270",
              "parentUUID": "a25a4263-da94-4fb6-8aac-e84164436e61",
              "isHook": false,
              "skipped": false
            },
            {
              "title": "Acessa Relatório por Habilidade",
              "fullTitle": "Menus - REGIONAL Acessa Relatório por Habilidade",
              "timedOut": null,
              "duration": 5230,
              "state": "passed",
              "speed": "slow",
              "pass": true,
              "fail": false,
              "pending": false,
              "context": null,
              "code": "cy.testa_relatorio_habilidade2();",
              "err": {},
              "uuid": "ea26acf6-2694-468d-a9a7-447797bfe5b3",
              "parentUUID": "a25a4263-da94-4fb6-8aac-e84164436e61",
              "isHook": false,
              "skipped": false
            },
            {
              "title": "Acessa Relatório por Aluno",
              "fullTitle": "Menus - REGIONAL Acessa Relatório por Aluno",
              "timedOut": null,
              "duration": 3401,
              "state": "passed",
              "speed": "slow",
              "pass": true,
              "fail": false,
              "pending": false,
              "context": null,
              "code": "cy.testa_relatorio_aluno2();",
              "err": {},
              "uuid": "961d99f0-4518-4bcd-be65-b81afd6af2d6",
              "parentUUID": "a25a4263-da94-4fb6-8aac-e84164436e61",
              "isHook": false,
              "skipped": false
            },
            {
              "title": "Acessa Relatório por Questões Abertas",
              "fullTitle": "Menus - REGIONAL Acessa Relatório por Questões Abertas",
              "timedOut": null,
              "duration": 2665,
              "state": "passed",
              "speed": "slow",
              "pass": true,
              "fail": false,
              "pending": false,
              "context": null,
              "code": "cy.testa_relatorio_questoesAbertas2();",
              "err": {},
              "uuid": "8ce4599e-78c6-4a84-bef1-06d0b6eefff6",
              "parentUUID": "a25a4263-da94-4fb6-8aac-e84164436e61",
              "isHook": false,
              "skipped": false
            },
            {
              "title": "Acessa Acompanhamento",
              "fullTitle": "Menus - REGIONAL Acessa Acompanhamento",
              "timedOut": null,
              "duration": 25425,
              "state": "passed",
              "speed": "slow",
              "pass": true,
              "fail": false,
              "pending": false,
              "context": null,
              "code": "cy.acessa_aprova();\ncy.logar_regional(); //cy.seleciona_projSimulado()\ncy.wait(10000);\ncy.verifica_dialog_contato_if();\ncy.testa_acompanhamento();",
              "err": {},
              "uuid": "d3b2a2b5-f661-4c94-ab9c-4a2c490238df",
              "parentUUID": "a25a4263-da94-4fb6-8aac-e84164436e61",
              "isHook": false,
              "skipped": false
            }
          ],
          "suites": [],
          "passes": [
            "d325fcb0-585f-4fea-859d-58c9c7b0bfdf",
            "d9037642-5ff4-4dab-a224-dd0a3027485a",
            "69c2921a-0098-4f83-891f-d4f2cc19e9e9",
            "d9c76756-5d50-47e3-9a0b-31a89194d270",
            "ea26acf6-2694-468d-a9a7-447797bfe5b3",
            "961d99f0-4518-4bcd-be65-b81afd6af2d6",
            "8ce4599e-78c6-4a84-bef1-06d0b6eefff6",
            "d3b2a2b5-f661-4c94-ab9c-4a2c490238df"
          ],
          "failures": [],
          "pending": [],
          "skipped": [],
          "duration": 70802,
          "root": false,
          "rootEmpty": false,
          "_timeout": 2000
        }
      ],
      "passes": [],
      "failures": [],
      "pending": [],
      "skipped": [],
      "duration": 0,
      "root": true,
      "rootEmpty": true,
      "_timeout": 2000
    }
  ],
  "meta": {
    "mocha": {
      "version": "7.0.1"
    },
    "mochawesome": {
      "options": {
        "quiet": false,
        "reportFilename": "mochawesome",
        "saveHtml": true,
        "saveJson": true,
        "consoleReporter": "spec",
        "useInlineDiffs": false,
        "code": true
      },
      "version": "6.1.1"
    },
    "marge": {
      "options": {
        "reportDir": "cypress/reports/separate-reports",
        "overwrite": false,
        "html": true,
        "json": true
      },
      "version": "5.1.0"
    }
  }
}