{
  "stats": {
    "suites": 1,
    "tests": 15,
    "passes": 15,
    "pending": 0,
    "failures": 0,
    "start": "2020-08-25T22:30:48.856Z",
    "end": "2020-08-25T22:34:29.483Z",
    "duration": 220627,
    "testsRegistered": 15,
    "passPercent": 100,
    "pendingPercent": 0,
    "other": 0,
    "hasOther": false,
    "skipped": 0,
    "hasSkipped": false
  },
  "results": [
    {
      "uuid": "80030993-f557-4ad0-8ff5-180d114112c1",
      "title": "",
      "fullFile": "cypress/integration/Aprova_cyp/tour.spec.js",
      "file": "cypress/integration/Aprova_cyp/tour.spec.js",
      "beforeHooks": [],
      "afterHooks": [],
      "tests": [],
      "suites": [
        {
          "uuid": "e860f8c4-65dd-4fdf-b8dd-4fb02cbdfe88",
          "title": "Teste do tour disponível para Instituição",
          "fullFile": "",
          "file": "",
          "beforeHooks": [],
          "afterHooks": [],
          "tests": [
            {
              "title": "Tour usuário de Instituição",
              "fullTitle": "Teste do tour disponível para Instituição Tour usuário de Instituição",
              "timedOut": null,
              "duration": 41751,
              "state": "passed",
              "speed": "slow",
              "pass": true,
              "fail": false,
              "pending": false,
              "context": null,
              "code": "cy.acessa_aprova();\ncy.logar_instituicao();\ncy.seleciona_projSimulado();\ncy.wait(10000);\nexpect(cy.get('.username-wrapper > [fxhide=\"\"]').contains('Olá, Escola Modelo 01')).to.exist;",
              "err": {},
              "uuid": "f6492890-f735-4250-897b-f4c2b47f160b",
              "parentUUID": "e860f8c4-65dd-4fdf-b8dd-4fb02cbdfe88",
              "isHook": false,
              "skipped": false
            },
            {
              "title": "Tour Painel",
              "fullTitle": "Teste do tour disponível para Instituição Tour Painel",
              "timedOut": null,
              "duration": 7680,
              "state": "passed",
              "speed": "slow",
              "pass": true,
              "fail": false,
              "pending": false,
              "context": null,
              "code": "cy.tourpainel();",
              "err": {},
              "uuid": "501e0ae5-71d5-4aeb-812d-240baa278e11",
              "parentUUID": "e860f8c4-65dd-4fdf-b8dd-4fb02cbdfe88",
              "isHook": false,
              "skipped": false
            },
            {
              "title": "Tour Simulado",
              "fullTitle": "Teste do tour disponível para Instituição Tour Simulado",
              "timedOut": null,
              "duration": 9266,
              "state": "passed",
              "speed": "slow",
              "pass": true,
              "fail": false,
              "pending": false,
              "context": null,
              "code": "cy.toursimulado();",
              "err": {},
              "uuid": "589239af-91a6-49d2-9ee1-478d0ba986f9",
              "parentUUID": "e860f8c4-65dd-4fdf-b8dd-4fb02cbdfe88",
              "isHook": false,
              "skipped": false
            },
            {
              "title": "Tour Turmas e Alunos",
              "fullTitle": "Teste do tour disponível para Instituição Tour Turmas e Alunos",
              "timedOut": null,
              "duration": 10314,
              "state": "passed",
              "speed": "slow",
              "pass": true,
              "fail": false,
              "pending": false,
              "context": null,
              "code": "cy.tourturmas();",
              "err": {},
              "uuid": "940406fe-23f2-4e5d-b270-c24fb3b1f823",
              "parentUUID": "e860f8c4-65dd-4fdf-b8dd-4fb02cbdfe88",
              "isHook": false,
              "skipped": false
            },
            {
              "title": "Tour Resultados Gerais",
              "fullTitle": "Teste do tour disponível para Instituição Tour Resultados Gerais",
              "timedOut": null,
              "duration": 10062,
              "state": "passed",
              "speed": "slow",
              "pass": true,
              "fail": false,
              "pending": false,
              "context": null,
              "code": "cy.tourresultadosgerais();",
              "err": {},
              "uuid": "e49fb3e5-59ac-4223-b93c-4b7dee8bf634",
              "parentUUID": "e860f8c4-65dd-4fdf-b8dd-4fb02cbdfe88",
              "isHook": false,
              "skipped": false
            },
            {
              "title": "Tour Resultados Por Habilidade",
              "fullTitle": "Teste do tour disponível para Instituição Tour Resultados Por Habilidade",
              "timedOut": null,
              "duration": 10072,
              "state": "passed",
              "speed": "slow",
              "pass": true,
              "fail": false,
              "pending": false,
              "context": null,
              "code": "cy.tourresultadoshab();",
              "err": {},
              "uuid": "cd3c9211-1800-4e98-8705-e8b703daae79",
              "parentUUID": "e860f8c4-65dd-4fdf-b8dd-4fb02cbdfe88",
              "isHook": false,
              "skipped": false
            },
            {
              "title": "Tour Calendário",
              "fullTitle": "Teste do tour disponível para Instituição Tour Calendário",
              "timedOut": null,
              "duration": 11138,
              "state": "passed",
              "speed": "slow",
              "pass": true,
              "fail": false,
              "pending": false,
              "context": null,
              "code": "cy.tourcalendario();",
              "err": {},
              "uuid": "c4cb0d1b-7362-46cb-bbe4-4813b5622422",
              "parentUUID": "e860f8c4-65dd-4fdf-b8dd-4fb02cbdfe88",
              "isHook": false,
              "skipped": false
            },
            {
              "title": "Tour Livro Digital",
              "fullTitle": "Teste do tour disponível para Instituição Tour Livro Digital",
              "timedOut": null,
              "duration": 9794,
              "state": "passed",
              "speed": "slow",
              "pass": true,
              "fail": false,
              "pending": false,
              "context": null,
              "code": "cy.tourlivros();",
              "err": {},
              "uuid": "73f85037-2bfd-4374-a625-98ae6a4ae438",
              "parentUUID": "e860f8c4-65dd-4fdf-b8dd-4fb02cbdfe88",
              "isHook": false,
              "skipped": false
            },
            {
              "title": "Tour Atividades Complementares",
              "fullTitle": "Teste do tour disponível para Instituição Tour Atividades Complementares",
              "timedOut": null,
              "duration": 9760,
              "state": "passed",
              "speed": "slow",
              "pass": true,
              "fail": false,
              "pending": false,
              "context": null,
              "code": "cy.touratv();",
              "err": {},
              "uuid": "8f75819e-f886-4364-bdf0-c0677b5cd8bf",
              "parentUUID": "e860f8c4-65dd-4fdf-b8dd-4fb02cbdfe88",
              "isHook": false,
              "skipped": false
            },
            {
              "title": "Tour RELATORIO POR HABILIDADE",
              "fullTitle": "Teste do tour disponível para Instituição Tour RELATORIO POR HABILIDADE",
              "timedOut": null,
              "duration": 9127,
              "state": "passed",
              "speed": "slow",
              "pass": true,
              "fail": false,
              "pending": false,
              "context": null,
              "code": "cy.tour_relatorio_habilidade();",
              "err": {},
              "uuid": "762e934c-a587-49e0-846c-e58eca82846c",
              "parentUUID": "e860f8c4-65dd-4fdf-b8dd-4fb02cbdfe88",
              "isHook": false,
              "skipped": false
            },
            {
              "title": "Tour relatório por aluno",
              "fullTitle": "Teste do tour disponível para Instituição Tour relatório por aluno",
              "timedOut": null,
              "duration": 8350,
              "state": "passed",
              "speed": "slow",
              "pass": true,
              "fail": false,
              "pending": false,
              "context": null,
              "code": "cy.tour_relatorio_aluno();",
              "err": {},
              "uuid": "153c1b16-b48f-4ebf-ab97-cf3bbf3c67b4",
              "parentUUID": "e860f8c4-65dd-4fdf-b8dd-4fb02cbdfe88",
              "isHook": false,
              "skipped": false
            },
            {
              "title": "Tour relatório por questões abertas",
              "fullTitle": "Teste do tour disponível para Instituição Tour relatório por questões abertas",
              "timedOut": null,
              "duration": 8455,
              "state": "passed",
              "speed": "slow",
              "pass": true,
              "fail": false,
              "pending": false,
              "context": null,
              "code": "cy.tour_relatorio_questoes();",
              "err": {},
              "uuid": "c59cb942-e2a1-4233-b128-336a8689e175",
              "parentUUID": "e860f8c4-65dd-4fdf-b8dd-4fb02cbdfe88",
              "isHook": false,
              "skipped": false
            },
            {
              "title": "Tour relatório conteudo",
              "fullTitle": "Teste do tour disponível para Instituição Tour relatório conteudo",
              "timedOut": null,
              "duration": 31576,
              "state": "passed",
              "speed": "slow",
              "pass": true,
              "fail": false,
              "pending": false,
              "context": null,
              "code": "cy.tour_relatorio_conteudo();",
              "err": {},
              "uuid": "a140d554-0387-4c0c-8dc0-eea318aa7fbf",
              "parentUUID": "e860f8c4-65dd-4fdf-b8dd-4fb02cbdfe88",
              "isHook": false,
              "skipped": false
            },
            {
              "title": "Tour Acompanhamento",
              "fullTitle": "Teste do tour disponível para Instituição Tour Acompanhamento",
              "timedOut": null,
              "duration": 31329,
              "state": "passed",
              "speed": "slow",
              "pass": true,
              "fail": false,
              "pending": false,
              "context": null,
              "code": "cy.tour_acompanhamento();",
              "err": {},
              "uuid": "fc2fe060-993a-45f7-9f51-9a369f308c2c",
              "parentUUID": "e860f8c4-65dd-4fdf-b8dd-4fb02cbdfe88",
              "isHook": false,
              "skipped": false
            },
            {
              "title": "Tour Ajuda",
              "fullTitle": "Teste do tour disponível para Instituição Tour Ajuda",
              "timedOut": null,
              "duration": 9293,
              "state": "passed",
              "speed": "slow",
              "pass": true,
              "fail": false,
              "pending": false,
              "context": null,
              "code": "cy.tourajuda();",
              "err": {},
              "uuid": "a6638df2-1e2c-4ff0-bbc0-ac94437c6b9d",
              "parentUUID": "e860f8c4-65dd-4fdf-b8dd-4fb02cbdfe88",
              "isHook": false,
              "skipped": false
            }
          ],
          "suites": [],
          "passes": [
            "f6492890-f735-4250-897b-f4c2b47f160b",
            "501e0ae5-71d5-4aeb-812d-240baa278e11",
            "589239af-91a6-49d2-9ee1-478d0ba986f9",
            "940406fe-23f2-4e5d-b270-c24fb3b1f823",
            "e49fb3e5-59ac-4223-b93c-4b7dee8bf634",
            "cd3c9211-1800-4e98-8705-e8b703daae79",
            "c4cb0d1b-7362-46cb-bbe4-4813b5622422",
            "73f85037-2bfd-4374-a625-98ae6a4ae438",
            "8f75819e-f886-4364-bdf0-c0677b5cd8bf",
            "762e934c-a587-49e0-846c-e58eca82846c",
            "153c1b16-b48f-4ebf-ab97-cf3bbf3c67b4",
            "c59cb942-e2a1-4233-b128-336a8689e175",
            "a140d554-0387-4c0c-8dc0-eea318aa7fbf",
            "fc2fe060-993a-45f7-9f51-9a369f308c2c",
            "a6638df2-1e2c-4ff0-bbc0-ac94437c6b9d"
          ],
          "failures": [],
          "pending": [],
          "skipped": [],
          "duration": 217967,
          "root": false,
          "rootEmpty": false,
          "_timeout": 2000
        }
      ],
      "passes": [],
      "failures": [],
      "pending": [],
      "skipped": [],
      "duration": 0,
      "root": true,
      "rootEmpty": true,
      "_timeout": 2000
    }
  ],
  "meta": {
    "mocha": {
      "version": "7.0.1"
    },
    "mochawesome": {
      "options": {
        "quiet": false,
        "reportFilename": "mochawesome",
        "saveHtml": true,
        "saveJson": true,
        "consoleReporter": "spec",
        "useInlineDiffs": false,
        "code": true
      },
      "version": "6.1.1"
    },
    "marge": {
      "options": {
        "reportDir": "cypress/reports/separate-reports",
        "overwrite": false,
        "html": true,
        "json": true
      },
      "version": "5.1.0"
    }
  }
}