{
  "stats": {
    "suites": 1,
    "tests": 4,
    "passes": 4,
    "pending": 0,
    "failures": 0,
    "start": "2020-08-25T22:14:43.763Z",
    "end": "2020-08-25T22:15:21.603Z",
    "duration": 37840,
    "testsRegistered": 4,
    "passPercent": 100,
    "pendingPercent": 0,
    "other": 0,
    "hasOther": false,
    "skipped": 0,
    "hasSkipped": false
  },
  "results": [
    {
      "uuid": "6e4245e2-79a6-4e2b-b81b-0f68d559789e",
      "title": "",
      "fullFile": "cypress/integration/Aprova_Brasil/menu_conteudo.spec.js",
      "file": "cypress/integration/Aprova_Brasil/menu_conteudo.spec.js",
      "beforeHooks": [],
      "afterHooks": [],
      "tests": [],
      "suites": [
        {
          "uuid": "cdd6ff82-4a27-45e2-ac21-b4a94fce9e80",
          "title": "Teste dos menus por usuário CONTEÚDO",
          "fullFile": "",
          "file": "",
          "beforeHooks": [],
          "afterHooks": [],
          "tests": [
            {
              "title": "Menus com usuário de Instituição CONTEÚDO",
              "fullTitle": "Teste dos menus por usuário CONTEÚDO Menus com usuário de Instituição CONTEÚDO",
              "timedOut": null,
              "duration": 29799,
              "state": "passed",
              "speed": "slow",
              "pass": true,
              "fail": false,
              "pending": false,
              "context": null,
              "code": "cy.acessa_aprova();\ncy.logar_conteudo(); // cy.seleciona_projSimulado()\n//cy.pular_cadastro();\ncy.wait(10000);\ncy.get('body').then(function (body) {\n  if (body.find('label:contains(CANCELAR)')) {\n    cy.get('.btn-cancelar').click();\n  } else {\n    cy.get('.page-header-title').should('be.visible');\n  }\n});\nexpect(cy.get('.username-wrapper > [fxhide=\"\"]').contains('Olá, ABAETE')).to.exist;",
              "err": {},
              "uuid": "cc47e8c9-59df-439c-a546-9b6539c9a05e",
              "parentUUID": "cdd6ff82-4a27-45e2-ac21-b4a94fce9e80",
              "isHook": false,
              "skipped": false
            },
            {
              "title": "Acessar Conteúdo Livros Digitais",
              "fullTitle": "Teste dos menus por usuário CONTEÚDO Acessar Conteúdo Livros Digitais",
              "timedOut": null,
              "duration": 504,
              "state": "passed",
              "speed": "slow",
              "pass": true,
              "fail": false,
              "pending": false,
              "context": null,
              "code": "cy.testa_conteudo_livrodigital();",
              "err": {},
              "uuid": "fe0214c9-8e63-47aa-b85a-8e52353e837f",
              "parentUUID": "cdd6ff82-4a27-45e2-ac21-b4a94fce9e80",
              "isHook": false,
              "skipped": false
            },
            {
              "title": "Acessar Conteúdo Atv Complementares",
              "fullTitle": "Teste dos menus por usuário CONTEÚDO Acessar Conteúdo Atv Complementares",
              "timedOut": null,
              "duration": 4103,
              "state": "passed",
              "speed": "slow",
              "pass": true,
              "fail": false,
              "pending": false,
              "context": null,
              "code": "cy.testa_projConteudo_atvComplementar();",
              "err": {},
              "uuid": "0c4e6643-f7a7-4eff-bc3f-bc27b426da40",
              "parentUUID": "cdd6ff82-4a27-45e2-ac21-b4a94fce9e80",
              "isHook": false,
              "skipped": false
            },
            {
              "title": "Acessar Conteúdo FAQ",
              "fullTitle": "Teste dos menus por usuário CONTEÚDO Acessar Conteúdo FAQ",
              "timedOut": null,
              "duration": 853,
              "state": "passed",
              "speed": "slow",
              "pass": true,
              "fail": false,
              "pending": false,
              "context": null,
              "code": "cy.testa_conteudo_ajuda();",
              "err": {},
              "uuid": "f538c091-b6dc-4a9f-ad1a-001bffd1da09",
              "parentUUID": "cdd6ff82-4a27-45e2-ac21-b4a94fce9e80",
              "isHook": false,
              "skipped": false
            }
          ],
          "suites": [],
          "passes": [
            "cc47e8c9-59df-439c-a546-9b6539c9a05e",
            "fe0214c9-8e63-47aa-b85a-8e52353e837f",
            "0c4e6643-f7a7-4eff-bc3f-bc27b426da40",
            "f538c091-b6dc-4a9f-ad1a-001bffd1da09"
          ],
          "failures": [],
          "pending": [],
          "skipped": [],
          "duration": 35259,
          "root": false,
          "rootEmpty": false,
          "_timeout": 2000
        }
      ],
      "passes": [],
      "failures": [],
      "pending": [],
      "skipped": [],
      "duration": 0,
      "root": true,
      "rootEmpty": true,
      "_timeout": 2000
    }
  ],
  "meta": {
    "mocha": {
      "version": "7.0.1"
    },
    "mochawesome": {
      "options": {
        "quiet": false,
        "reportFilename": "mochawesome",
        "saveHtml": true,
        "saveJson": true,
        "consoleReporter": "spec",
        "useInlineDiffs": false,
        "code": true
      },
      "version": "6.1.1"
    },
    "marge": {
      "options": {
        "reportDir": "cypress/reports/separate-reports",
        "overwrite": false,
        "html": true,
        "json": true
      },
      "version": "5.1.0"
    }
  }
}