{
  "stats": {
    "suites": 1,
    "tests": 13,
    "passes": 12,
    "pending": 0,
    "failures": 1,
    "start": "2020-07-28T17:02:46.979Z",
    "end": "2020-07-28T17:04:49.647Z",
    "duration": 122668,
    "testsRegistered": 13,
    "passPercent": 92.3076923076923,
    "pendingPercent": 0,
    "other": 0,
    "hasOther": false,
    "skipped": 0,
    "hasSkipped": false
  },
  "results": [
    {
      "uuid": "17276a59-c6e0-485c-a9ca-1cbe36e62546",
      "title": "",
      "fullFile": "cypress/integration/Aprova_Brasil/menu_escola.spec.js",
      "file": "cypress/integration/Aprova_Brasil/menu_escola.spec.js",
      "beforeHooks": [],
      "afterHooks": [],
      "tests": [],
      "suites": [
        {
          "uuid": "7dcf700c-a0b3-4668-bd5e-de64e2c78aeb",
          "title": "Teste dos menus por usuário INSTITUIÇÃO",
          "fullFile": "",
          "file": "",
          "beforeHooks": [],
          "afterHooks": [],
          "tests": [
            {
              "title": "Menus com usuário de Instituição",
              "fullTitle": "Teste dos menus por usuário INSTITUIÇÃO Menus com usuário de Instituição",
              "timedOut": null,
              "duration": 43488,
              "state": "passed",
              "speed": "slow",
              "pass": true,
              "fail": false,
              "pending": false,
              "context": null,
              "code": "cy.acessa_aprova();\ncy.logar_instituicao();\ncy.seleciona_projSimulado();\ncy.wait(10000);\nexpect(cy.get('.username-wrapper > [fxhide=\"\"]').contains('Olá, Escola Modelo 01')).to.exist;",
              "err": {},
              "uuid": "46174ca4-c5e4-458d-898c-7e26910fc146",
              "parentUUID": "7dcf700c-a0b3-4668-bd5e-de64e2c78aeb",
              "isHook": false,
              "skipped": false
            },
            {
              "title": "Acessar Painel",
              "fullTitle": "Teste dos menus por usuário INSTITUIÇÃO Acessar Painel",
              "timedOut": null,
              "duration": 453,
              "state": "passed",
              "speed": "slow",
              "pass": true,
              "fail": false,
              "pending": false,
              "context": null,
              "code": "cy.testa_painel();",
              "err": {},
              "uuid": "8e5c9b78-2c00-4a4c-9502-4a30ead8f326",
              "parentUUID": "7dcf700c-a0b3-4668-bd5e-de64e2c78aeb",
              "isHook": false,
              "skipped": false
            },
            {
              "title": "Acessar Simulados",
              "fullTitle": "Teste dos menus por usuário INSTITUIÇÃO Acessar Simulados",
              "timedOut": null,
              "duration": 2042,
              "state": "passed",
              "speed": "slow",
              "pass": true,
              "fail": false,
              "pending": false,
              "context": null,
              "code": "cy.testa_simulados();",
              "err": {},
              "uuid": "eddf16e6-2041-4c93-a030-46045082caba",
              "parentUUID": "7dcf700c-a0b3-4668-bd5e-de64e2c78aeb",
              "isHook": false,
              "skipped": false
            },
            {
              "title": "Acessar Turmas e Alunos",
              "fullTitle": "Teste dos menus por usuário INSTITUIÇÃO Acessar Turmas e Alunos",
              "timedOut": null,
              "duration": 500,
              "state": "passed",
              "speed": "slow",
              "pass": true,
              "fail": false,
              "pending": false,
              "context": null,
              "code": "cy.testa_turmas();",
              "err": {},
              "uuid": "50f44b58-472a-4eb1-8677-561adc41eded",
              "parentUUID": "7dcf700c-a0b3-4668-bd5e-de64e2c78aeb",
              "isHook": false,
              "skipped": false
            },
            {
              "title": "Acessar Resultados Gerais",
              "fullTitle": "Teste dos menus por usuário INSTITUIÇÃO Acessar Resultados Gerais",
              "timedOut": null,
              "duration": 4020,
              "state": "passed",
              "speed": "slow",
              "pass": true,
              "fail": false,
              "pending": false,
              "context": null,
              "code": "cy.testa_resultados();",
              "err": {},
              "uuid": "2f4ceb8e-bd2f-449e-916a-a5e8e02f041a",
              "parentUUID": "7dcf700c-a0b3-4668-bd5e-de64e2c78aeb",
              "isHook": false,
              "skipped": false
            },
            {
              "title": "Acessar Resultados por Habilidade",
              "fullTitle": "Teste dos menus por usuário INSTITUIÇÃO Acessar Resultados por Habilidade",
              "timedOut": null,
              "duration": 682,
              "state": "passed",
              "speed": "slow",
              "pass": true,
              "fail": false,
              "pending": false,
              "context": null,
              "code": "cy.testa_resultados_habilidades();",
              "err": {},
              "uuid": "e2fc9453-c9b1-4f03-a7af-d7e0d8db6533",
              "parentUUID": "7dcf700c-a0b3-4668-bd5e-de64e2c78aeb",
              "isHook": false,
              "skipped": false
            },
            {
              "title": "Acessar Relatório por Habilidade",
              "fullTitle": "Teste dos menus por usuário INSTITUIÇÃO Acessar Relatório por Habilidade",
              "timedOut": null,
              "duration": 5572,
              "state": "passed",
              "speed": "slow",
              "pass": true,
              "fail": false,
              "pending": false,
              "context": null,
              "code": "cy.testa_relatorio_habilidade();",
              "err": {},
              "uuid": "af0e3b56-2fb9-46f5-8838-33eb72f5088d",
              "parentUUID": "7dcf700c-a0b3-4668-bd5e-de64e2c78aeb",
              "isHook": false,
              "skipped": false
            },
            {
              "title": "Acessar Relatório por Aluno",
              "fullTitle": "Teste dos menus por usuário INSTITUIÇÃO Acessar Relatório por Aluno",
              "timedOut": null,
              "duration": 4320,
              "state": "passed",
              "speed": "slow",
              "pass": true,
              "fail": false,
              "pending": false,
              "context": null,
              "code": "cy.testa_relatorio_aluno();",
              "err": {},
              "uuid": "9795fbf6-55b9-4c74-9f90-50c664e8c2c6",
              "parentUUID": "7dcf700c-a0b3-4668-bd5e-de64e2c78aeb",
              "isHook": false,
              "skipped": false
            },
            {
              "title": "Acessar Relatório por Questões Abertas",
              "fullTitle": "Teste dos menus por usuário INSTITUIÇÃO Acessar Relatório por Questões Abertas",
              "timedOut": null,
              "duration": 4997,
              "state": "passed",
              "speed": "slow",
              "pass": true,
              "fail": false,
              "pending": false,
              "context": null,
              "code": "cy.testa_relatorio_questoesAbertas();",
              "err": {},
              "uuid": "24b429b9-edcb-4534-8363-f0d808826873",
              "parentUUID": "7dcf700c-a0b3-4668-bd5e-de64e2c78aeb",
              "isHook": false,
              "skipped": false
            },
            {
              "title": "Acessar Conteúdo Livros Digitais",
              "fullTitle": "Teste dos menus por usuário INSTITUIÇÃO Acessar Conteúdo Livros Digitais",
              "timedOut": null,
              "duration": 2593,
              "state": "passed",
              "speed": "slow",
              "pass": true,
              "fail": false,
              "pending": false,
              "context": null,
              "code": "cy.testa_conteudo_livrodigital();",
              "err": {},
              "uuid": "9a5413e9-ff33-498f-9367-e72c1c582cae",
              "parentUUID": "7dcf700c-a0b3-4668-bd5e-de64e2c78aeb",
              "isHook": false,
              "skipped": false
            },
            {
              "title": "Acessar Conteúdo Atv Complementares",
              "fullTitle": "Teste dos menus por usuário INSTITUIÇÃO Acessar Conteúdo Atv Complementares",
              "timedOut": null,
              "duration": 9772,
              "state": "failed",
              "speed": null,
              "pass": false,
              "fail": true,
              "pending": false,
              "context": null,
              "code": "cy.testa_conteudo_atvcompl();",
              "err": {
                "message": "AssertionError: Timed out retrying: Expected to find content: '2E2.1' but never did.",
                "estack": "AssertionError: Timed out retrying: Expected to find content: '2E2.1' but never did.\n    at Context.eval (http://aprovabrasil-hmg.azurewebsites.net/__cypress/tests?p=cypress/support/index.js:255:6)",
                "diff": null
              },
              "uuid": "187b8da2-8cb2-4882-9807-9fac1942f1f4",
              "parentUUID": "7dcf700c-a0b3-4668-bd5e-de64e2c78aeb",
              "isHook": false,
              "skipped": false
            },
            {
              "title": "Acessar Conteúdo FAQ",
              "fullTitle": "Teste dos menus por usuário INSTITUIÇÃO Acessar Conteúdo FAQ",
              "timedOut": null,
              "duration": 1038,
              "state": "passed",
              "speed": "slow",
              "pass": true,
              "fail": false,
              "pending": false,
              "context": null,
              "code": "cy.testa_conteudo_ajuda();",
              "err": {},
              "uuid": "3368f705-e4a6-48c9-8baf-02b47f1370fb",
              "parentUUID": "7dcf700c-a0b3-4668-bd5e-de64e2c78aeb",
              "isHook": false,
              "skipped": false
            },
            {
              "title": "Acessar Acompanhamento",
              "fullTitle": "Teste dos menus por usuário INSTITUIÇÃO Acessar Acompanhamento",
              "timedOut": null,
              "duration": 40506,
              "state": "passed",
              "speed": "slow",
              "pass": true,
              "fail": false,
              "pending": false,
              "context": null,
              "code": "cy.acessa_aprova();\ncy.logar_instituicao();\ncy.seleciona_projSimulado();\ncy.wait(10000);\ncy.testa_acompanhamento();",
              "err": {},
              "uuid": "c6736adc-e1b9-4d47-8a1b-5d7d33ff001d",
              "parentUUID": "7dcf700c-a0b3-4668-bd5e-de64e2c78aeb",
              "isHook": false,
              "skipped": false
            }
          ],
          "suites": [],
          "passes": [
            "46174ca4-c5e4-458d-898c-7e26910fc146",
            "8e5c9b78-2c00-4a4c-9502-4a30ead8f326",
            "eddf16e6-2041-4c93-a030-46045082caba",
            "50f44b58-472a-4eb1-8677-561adc41eded",
            "2f4ceb8e-bd2f-449e-916a-a5e8e02f041a",
            "e2fc9453-c9b1-4f03-a7af-d7e0d8db6533",
            "af0e3b56-2fb9-46f5-8838-33eb72f5088d",
            "9795fbf6-55b9-4c74-9f90-50c664e8c2c6",
            "24b429b9-edcb-4534-8363-f0d808826873",
            "9a5413e9-ff33-498f-9367-e72c1c582cae",
            "3368f705-e4a6-48c9-8baf-02b47f1370fb",
            "c6736adc-e1b9-4d47-8a1b-5d7d33ff001d"
          ],
          "failures": [
            "187b8da2-8cb2-4882-9807-9fac1942f1f4"
          ],
          "pending": [],
          "skipped": [],
          "duration": 119983,
          "root": false,
          "rootEmpty": false,
          "_timeout": 2000
        }
      ],
      "passes": [],
      "failures": [],
      "pending": [],
      "skipped": [],
      "duration": 0,
      "root": true,
      "rootEmpty": true,
      "_timeout": 2000
    }
  ],
  "meta": {
    "mocha": {
      "version": "7.0.1"
    },
    "mochawesome": {
      "options": {
        "quiet": false,
        "reportFilename": "mochawesome",
        "saveHtml": true,
        "saveJson": true,
        "consoleReporter": "spec",
        "useInlineDiffs": false,
        "code": true
      },
      "version": "6.1.1"
    },
    "marge": {
      "options": {
        "reportDir": "cypress/reports/separate-reports",
        "overwrite": false,
        "html": true,
        "json": true
      },
      "version": "5.1.0"
    }
  }
}