{
  "stats": {
    "suites": 1,
    "tests": 10,
    "passes": 10,
    "pending": 0,
    "failures": 0,
    "start": "2020-06-26T00:33:08.336Z",
    "end": "2020-06-26T00:34:55.145Z",
    "duration": 106809,
    "testsRegistered": 10,
    "passPercent": 100,
    "pendingPercent": 0,
    "other": 0,
    "hasOther": false,
    "skipped": 0,
    "hasSkipped": false
  },
  "results": [
    {
      "uuid": "72a50765-4a99-4e61-910e-da1f33ef6e1f",
      "title": "",
      "fullFile": "cypress/integration/Aprova_Brasil/menu_rede.spec.js",
      "file": "cypress/integration/Aprova_Brasil/menu_rede.spec.js",
      "beforeHooks": [],
      "afterHooks": [],
      "tests": [],
      "suites": [
        {
          "uuid": "f63c58b9-2449-4945-8416-5bd633b08197",
          "title": "Teste dos menus no painel principal por usuário REDE",
          "fullFile": "",
          "file": "",
          "beforeHooks": [],
          "afterHooks": [],
          "tests": [
            {
              "title": "Menus de Rede",
              "fullTitle": "Teste dos menus no painel principal por usuário REDE Menus de Rede",
              "timedOut": null,
              "duration": 43992,
              "state": "passed",
              "speed": "slow",
              "pass": true,
              "fail": false,
              "pending": false,
              "context": null,
              "code": "cy.acessa_aprova();\ncy.logar_rede();\ncy.seleciona_projSimulado();\ncy.wait(10000);\nexpect(cy.get('.username-wrapper > [fxhide=\"\"]').contains('Olá, Rede Demonstração')).to.exist;",
              "err": {},
              "uuid": "bc95b81b-ce49-43da-a684-f7889497fc7f",
              "parentUUID": "f63c58b9-2449-4945-8416-5bd633b08197",
              "isHook": false,
              "skipped": false
            },
            {
              "title": "Acessar Painel",
              "fullTitle": "Teste dos menus no painel principal por usuário REDE Acessar Painel",
              "timedOut": null,
              "duration": 284,
              "state": "passed",
              "speed": "slow",
              "pass": true,
              "fail": false,
              "pending": false,
              "context": null,
              "code": "cy.testa_painel_rede();",
              "err": {},
              "uuid": "d2939720-ba64-48ec-92bc-dfc47203afc8",
              "parentUUID": "f63c58b9-2449-4945-8416-5bd633b08197",
              "isHook": false,
              "skipped": false
            },
            {
              "title": "Acessar Resultados Gerais",
              "fullTitle": "Teste dos menus no painel principal por usuário REDE Acessar Resultados Gerais",
              "timedOut": null,
              "duration": 2624,
              "state": "passed",
              "speed": "slow",
              "pass": true,
              "fail": false,
              "pending": false,
              "context": null,
              "code": "cy.testa_resultados();",
              "err": {},
              "uuid": "179d41f1-cb85-4540-ba72-064435f6654a",
              "parentUUID": "f63c58b9-2449-4945-8416-5bd633b08197",
              "isHook": false,
              "skipped": false
            },
            {
              "title": "Acessar Resultados por Habilidade",
              "fullTitle": "Teste dos menus no painel principal por usuário REDE Acessar Resultados por Habilidade",
              "timedOut": null,
              "duration": 887,
              "state": "passed",
              "speed": "slow",
              "pass": true,
              "fail": false,
              "pending": false,
              "context": null,
              "code": "cy.testa_resultados_habilidades_rede();",
              "err": {},
              "uuid": "990e54d6-4518-479d-9b50-c1bceed6dae7",
              "parentUUID": "f63c58b9-2449-4945-8416-5bd633b08197",
              "isHook": false,
              "skipped": false
            },
            {
              "title": "Acessar Calendário",
              "fullTitle": "Teste dos menus no painel principal por usuário REDE Acessar Calendário",
              "timedOut": null,
              "duration": 397,
              "state": "passed",
              "speed": "slow",
              "pass": true,
              "fail": false,
              "pending": false,
              "context": null,
              "code": "cy.testa_calendario();",
              "err": {},
              "uuid": "bcea74f8-923c-4e58-a281-971e7f8d44b6",
              "parentUUID": "f63c58b9-2449-4945-8416-5bd633b08197",
              "isHook": false,
              "skipped": false
            },
            {
              "title": "Acessar Relatório por Habilidade",
              "fullTitle": "Teste dos menus no painel principal por usuário REDE Acessar Relatório por Habilidade",
              "timedOut": null,
              "duration": 6369,
              "state": "passed",
              "speed": "slow",
              "pass": true,
              "fail": false,
              "pending": false,
              "context": null,
              "code": "cy.testa_relatorio_habilidade();",
              "err": {},
              "uuid": "557b2479-f3e1-4223-9d44-3bf1d9b00fcf",
              "parentUUID": "f63c58b9-2449-4945-8416-5bd633b08197",
              "isHook": false,
              "skipped": false
            },
            {
              "title": "Acessar Relatório por Aluno",
              "fullTitle": "Teste dos menus no painel principal por usuário REDE Acessar Relatório por Aluno",
              "timedOut": null,
              "duration": 4382,
              "state": "passed",
              "speed": "slow",
              "pass": true,
              "fail": false,
              "pending": false,
              "context": null,
              "code": "cy.testa_relatorio_aluno();",
              "err": {},
              "uuid": "3e806560-aa4c-4645-bee5-10e2c40fc302",
              "parentUUID": "f63c58b9-2449-4945-8416-5bd633b08197",
              "isHook": false,
              "skipped": false
            },
            {
              "title": "Acessar Relatório por Questões Abertas",
              "fullTitle": "Teste dos menus no painel principal por usuário REDE Acessar Relatório por Questões Abertas",
              "timedOut": null,
              "duration": 5145,
              "state": "passed",
              "speed": "slow",
              "pass": true,
              "fail": false,
              "pending": false,
              "context": null,
              "code": "cy.testa_relatorio_questoesAbertas();",
              "err": {},
              "uuid": "1dbd695c-d293-4b2d-a525-00609ebe0534",
              "parentUUID": "f63c58b9-2449-4945-8416-5bd633b08197",
              "isHook": false,
              "skipped": false
            },
            {
              "title": "Acessar Conteúdo FAQ",
              "fullTitle": "Teste dos menus no painel principal por usuário REDE Acessar Conteúdo FAQ",
              "timedOut": null,
              "duration": 1269,
              "state": "passed",
              "speed": "slow",
              "pass": true,
              "fail": false,
              "pending": false,
              "context": null,
              "code": "cy.testa_conteudo_ajuda();",
              "err": {},
              "uuid": "6d764b1e-19df-4a49-bfc0-4712244cb5ce",
              "parentUUID": "f63c58b9-2449-4945-8416-5bd633b08197",
              "isHook": false,
              "skipped": false
            },
            {
              "title": "Acessar Acompanhamento",
              "fullTitle": "Teste dos menus no painel principal por usuário REDE Acessar Acompanhamento",
              "timedOut": null,
              "duration": 38843,
              "state": "passed",
              "speed": "slow",
              "pass": true,
              "fail": false,
              "pending": false,
              "context": null,
              "code": "cy.acessa_aprova();\ncy.logar_rede();\ncy.seleciona_projSimulado();\ncy.wait(10000);\ncy.testa_acompanhamento();",
              "err": {},
              "uuid": "b25e7d17-1dc3-41d0-be42-3124a998ee5a",
              "parentUUID": "f63c58b9-2449-4945-8416-5bd633b08197",
              "isHook": false,
              "skipped": false
            }
          ],
          "suites": [],
          "passes": [
            "bc95b81b-ce49-43da-a684-f7889497fc7f",
            "d2939720-ba64-48ec-92bc-dfc47203afc8",
            "179d41f1-cb85-4540-ba72-064435f6654a",
            "990e54d6-4518-479d-9b50-c1bceed6dae7",
            "bcea74f8-923c-4e58-a281-971e7f8d44b6",
            "557b2479-f3e1-4223-9d44-3bf1d9b00fcf",
            "3e806560-aa4c-4645-bee5-10e2c40fc302",
            "1dbd695c-d293-4b2d-a525-00609ebe0534",
            "6d764b1e-19df-4a49-bfc0-4712244cb5ce",
            "b25e7d17-1dc3-41d0-be42-3124a998ee5a"
          ],
          "failures": [],
          "pending": [],
          "skipped": [],
          "duration": 104192,
          "root": false,
          "rootEmpty": false,
          "_timeout": 2000
        }
      ],
      "passes": [],
      "failures": [],
      "pending": [],
      "skipped": [],
      "duration": 0,
      "root": true,
      "rootEmpty": true,
      "_timeout": 2000
    }
  ],
  "meta": {
    "mocha": {
      "version": "7.0.1"
    },
    "mochawesome": {
      "options": {
        "quiet": false,
        "reportFilename": "mochawesome",
        "saveHtml": true,
        "saveJson": true,
        "consoleReporter": "spec",
        "useInlineDiffs": false,
        "code": true
      },
      "version": "6.1.1"
    },
    "marge": {
      "options": {
        "reportDir": "cypress/reports/separate-reports",
        "overwrite": false,
        "html": true,
        "json": true
      },
      "version": "5.1.0"
    }
  }
}