{
  "stats": {
    "suites": 1,
    "tests": 8,
    "passes": 8,
    "pending": 0,
    "failures": 0,
    "start": "2020-09-22T21:00:34.087Z",
    "end": "2020-09-22T21:01:44.716Z",
    "duration": 70629,
    "testsRegistered": 8,
    "passPercent": 100,
    "pendingPercent": 0,
    "other": 0,
    "hasOther": false,
    "skipped": 0,
    "hasSkipped": false
  },
  "results": [
    {
      "uuid": "cdaf5534-3525-4805-b698-add93ac95513",
      "title": "",
      "fullFile": "cypress/integration/Aprova_Brasil/menu_regional.spec.js",
      "file": "cypress/integration/Aprova_Brasil/menu_regional.spec.js",
      "beforeHooks": [],
      "afterHooks": [],
      "tests": [],
      "suites": [
        {
          "uuid": "35bfba53-b3b9-47b3-8e9d-c02435a14d6c",
          "title": "Menus - REGIONAL",
          "fullFile": "",
          "file": "",
          "beforeHooks": [],
          "afterHooks": [],
          "tests": [
            {
              "title": "Acessa Regional",
              "fullTitle": "Menus - REGIONAL Acessa Regional",
              "timedOut": null,
              "duration": 29712,
              "state": "passed",
              "speed": "slow",
              "pass": true,
              "fail": false,
              "pending": false,
              "context": null,
              "code": "cy.acessa_aprova();\ncy.logar_regional(); //cy.seleciona_projSimulado()\ncy.wait(10000);\ncy.verifica_dialog_contato_if();\nexpect(cy.get('.username-wrapper > [fxhide=\"\"]').contains('Olá, CABULA')).to.exist;",
              "err": {},
              "uuid": "c3c02064-e005-4d2a-b969-25baaeb024cb",
              "parentUUID": "35bfba53-b3b9-47b3-8e9d-c02435a14d6c",
              "isHook": false,
              "skipped": false
            },
            {
              "title": "Acessa Painel",
              "fullTitle": "Menus - REGIONAL Acessa Painel",
              "timedOut": null,
              "duration": 133,
              "state": "passed",
              "speed": "slow",
              "pass": true,
              "fail": false,
              "pending": false,
              "context": null,
              "code": "cy.testa_painel_rede();",
              "err": {},
              "uuid": "62aa73e8-b2cc-4305-9a4e-b3fca829590b",
              "parentUUID": "35bfba53-b3b9-47b3-8e9d-c02435a14d6c",
              "isHook": false,
              "skipped": false
            },
            {
              "title": "Acessa Resultados Gerais",
              "fullTitle": "Menus - REGIONAL Acessa Resultados Gerais",
              "timedOut": null,
              "duration": 1954,
              "state": "passed",
              "speed": "slow",
              "pass": true,
              "fail": false,
              "pending": false,
              "context": null,
              "code": "cy.testa_resultados(); //cy.wait(10000)",
              "err": {},
              "uuid": "7211f856-e8a8-43f6-b13e-8d7c07e29a96",
              "parentUUID": "35bfba53-b3b9-47b3-8e9d-c02435a14d6c",
              "isHook": false,
              "skipped": false
            },
            {
              "title": "Acessa Resultados por Habilidade",
              "fullTitle": "Menus - REGIONAL Acessa Resultados por Habilidade",
              "timedOut": null,
              "duration": 439,
              "state": "passed",
              "speed": "slow",
              "pass": true,
              "fail": false,
              "pending": false,
              "context": null,
              "code": "cy.testa_resultados_habilidades_rede();",
              "err": {},
              "uuid": "b820648a-7c34-404e-ae46-b3482fc213fc",
              "parentUUID": "35bfba53-b3b9-47b3-8e9d-c02435a14d6c",
              "isHook": false,
              "skipped": false
            },
            {
              "title": "Acessa Relatório por Habilidade",
              "fullTitle": "Menus - REGIONAL Acessa Relatório por Habilidade",
              "timedOut": null,
              "duration": 5065,
              "state": "passed",
              "speed": "slow",
              "pass": true,
              "fail": false,
              "pending": false,
              "context": null,
              "code": "cy.testa_relatorio_habilidade2();",
              "err": {},
              "uuid": "a0a73bc1-c104-4d9c-ad48-33e9ffb4bb0e",
              "parentUUID": "35bfba53-b3b9-47b3-8e9d-c02435a14d6c",
              "isHook": false,
              "skipped": false
            },
            {
              "title": "Acessa Relatório por Aluno",
              "fullTitle": "Menus - REGIONAL Acessa Relatório por Aluno",
              "timedOut": null,
              "duration": 3395,
              "state": "passed",
              "speed": "slow",
              "pass": true,
              "fail": false,
              "pending": false,
              "context": null,
              "code": "cy.testa_relatorio_aluno2();",
              "err": {},
              "uuid": "32baf657-d1ff-4a8f-9f0f-c1bd781e0c40",
              "parentUUID": "35bfba53-b3b9-47b3-8e9d-c02435a14d6c",
              "isHook": false,
              "skipped": false
            },
            {
              "title": "Acessa Relatório por Questões Abertas",
              "fullTitle": "Menus - REGIONAL Acessa Relatório por Questões Abertas",
              "timedOut": null,
              "duration": 2682,
              "state": "passed",
              "speed": "slow",
              "pass": true,
              "fail": false,
              "pending": false,
              "context": null,
              "code": "cy.testa_relatorio_questoesAbertas2();",
              "err": {},
              "uuid": "35c2165a-54af-49e9-a2b5-dfc82a1a4284",
              "parentUUID": "35bfba53-b3b9-47b3-8e9d-c02435a14d6c",
              "isHook": false,
              "skipped": false
            },
            {
              "title": "Acessa Acompanhamento",
              "fullTitle": "Menus - REGIONAL Acessa Acompanhamento",
              "timedOut": null,
              "duration": 25439,
              "state": "passed",
              "speed": "slow",
              "pass": true,
              "fail": false,
              "pending": false,
              "context": null,
              "code": "cy.acessa_aprova();\ncy.logar_regional(); //cy.seleciona_projSimulado()\ncy.wait(10000);\ncy.verifica_dialog_contato_if();\ncy.testa_acompanhamento();",
              "err": {},
              "uuid": "b9976cb9-1ca1-4afe-a46b-93f50b6f4e74",
              "parentUUID": "35bfba53-b3b9-47b3-8e9d-c02435a14d6c",
              "isHook": false,
              "skipped": false
            }
          ],
          "suites": [],
          "passes": [
            "c3c02064-e005-4d2a-b969-25baaeb024cb",
            "62aa73e8-b2cc-4305-9a4e-b3fca829590b",
            "7211f856-e8a8-43f6-b13e-8d7c07e29a96",
            "b820648a-7c34-404e-ae46-b3482fc213fc",
            "a0a73bc1-c104-4d9c-ad48-33e9ffb4bb0e",
            "32baf657-d1ff-4a8f-9f0f-c1bd781e0c40",
            "35c2165a-54af-49e9-a2b5-dfc82a1a4284",
            "b9976cb9-1ca1-4afe-a46b-93f50b6f4e74"
          ],
          "failures": [],
          "pending": [],
          "skipped": [],
          "duration": 68819,
          "root": false,
          "rootEmpty": false,
          "_timeout": 2000
        }
      ],
      "passes": [],
      "failures": [],
      "pending": [],
      "skipped": [],
      "duration": 0,
      "root": true,
      "rootEmpty": true,
      "_timeout": 2000
    }
  ],
  "meta": {
    "mocha": {
      "version": "7.0.1"
    },
    "mochawesome": {
      "options": {
        "quiet": false,
        "reportFilename": "mochawesome",
        "saveHtml": true,
        "saveJson": true,
        "consoleReporter": "spec",
        "useInlineDiffs": false,
        "code": true
      },
      "version": "6.1.1"
    },
    "marge": {
      "options": {
        "reportDir": "cypress/reports/separate-reports",
        "overwrite": false,
        "html": true,
        "json": true
      },
      "version": "5.1.0"
    }
  }
}