{
  "stats": {
    "suites": 1,
    "tests": 11,
    "passes": 11,
    "pending": 0,
    "failures": 0,
    "start": "2020-09-22T20:57:39.858Z",
    "end": "2020-09-22T20:59:05.090Z",
    "duration": 85232,
    "testsRegistered": 11,
    "passPercent": 100,
    "pendingPercent": 0,
    "other": 0,
    "hasOther": false,
    "skipped": 0,
    "hasSkipped": false
  },
  "results": [
    {
      "uuid": "4cbd4960-366f-4d01-ba3c-86c962b72aaf",
      "title": "",
      "fullFile": "cypress/integration/Aprova_Brasil/menu_professor.spec.js",
      "file": "cypress/integration/Aprova_Brasil/menu_professor.spec.js",
      "beforeHooks": [],
      "afterHooks": [],
      "tests": [],
      "suites": [
        {
          "uuid": "6b69a478-8749-4632-beb1-b9fc237bd796",
          "title": "Menus - PROFESSOR",
          "fullFile": "",
          "file": "",
          "beforeHooks": [],
          "afterHooks": [],
          "tests": [
            {
              "title": "Acessa Professor",
              "fullTitle": "Menus - PROFESSOR Acessa Professor",
              "timedOut": null,
              "duration": 30922,
              "state": "passed",
              "speed": "slow",
              "pass": true,
              "fail": false,
              "pending": false,
              "context": null,
              "code": "cy.acessa_aprova();\ncy.logar_professor(); //cy.seleciona_projSimulado()\ncy.get('.lista-projetos-dialog > :nth-child(3)').click();\ncy.get('.btn-projeto-dialog > .btn').click();\ncy.wait(10000);\ncy.verifica_dialog_contato_if();\nexpect(cy.get('.username-wrapper > [fxhide=\"\"]').contains('Olá, Professor EF1')).to.exist;",
              "err": {},
              "uuid": "97f37f87-aabe-4e03-8a9f-65fffe9cc15c",
              "parentUUID": "6b69a478-8749-4632-beb1-b9fc237bd796",
              "isHook": false,
              "skipped": false
            },
            {
              "title": "Acessa Painel",
              "fullTitle": "Menus - PROFESSOR Acessa Painel",
              "timedOut": null,
              "duration": 177,
              "state": "passed",
              "speed": "slow",
              "pass": true,
              "fail": false,
              "pending": false,
              "context": null,
              "code": "cy.testa_painel();",
              "err": {},
              "uuid": "e42f4eb5-c0ca-42bb-a013-e36669ab7b3b",
              "parentUUID": "6b69a478-8749-4632-beb1-b9fc237bd796",
              "isHook": false,
              "skipped": false
            },
            {
              "title": "Acessa Simulados",
              "fullTitle": "Menus - PROFESSOR Acessa Simulados",
              "timedOut": null,
              "duration": 983,
              "state": "passed",
              "speed": "slow",
              "pass": true,
              "fail": false,
              "pending": false,
              "context": null,
              "code": "cy.testa_simulados();",
              "err": {},
              "uuid": "4aee6b1f-a1e8-4570-8a5b-bc36eabadc51",
              "parentUUID": "6b69a478-8749-4632-beb1-b9fc237bd796",
              "isHook": false,
              "skipped": false
            },
            {
              "title": "Acessa Resultados Gerais",
              "fullTitle": "Menus - PROFESSOR Acessa Resultados Gerais",
              "timedOut": null,
              "duration": 2117,
              "state": "passed",
              "speed": "slow",
              "pass": true,
              "fail": false,
              "pending": false,
              "context": null,
              "code": "cy.testa_resultados();",
              "err": {},
              "uuid": "feef2708-1b59-44cd-b867-5ebc46fe3b47",
              "parentUUID": "6b69a478-8749-4632-beb1-b9fc237bd796",
              "isHook": false,
              "skipped": false
            },
            {
              "title": "Acessa Resultados por Habilidade",
              "fullTitle": "Menus - PROFESSOR Acessa Resultados por Habilidade",
              "timedOut": null,
              "duration": 404,
              "state": "passed",
              "speed": "slow",
              "pass": true,
              "fail": false,
              "pending": false,
              "context": null,
              "code": "cy.testa_resultados_habilidades_rede();",
              "err": {},
              "uuid": "a4f65c49-a764-4ac5-8170-a278ffaae15b",
              "parentUUID": "6b69a478-8749-4632-beb1-b9fc237bd796",
              "isHook": false,
              "skipped": false
            },
            {
              "title": "Acessa Relatório por Habilidade",
              "fullTitle": "Menus - PROFESSOR Acessa Relatório por Habilidade",
              "timedOut": null,
              "duration": 5334,
              "state": "passed",
              "speed": "slow",
              "pass": true,
              "fail": false,
              "pending": false,
              "context": null,
              "code": "cy.testa_relatorio_habilidade3();",
              "err": {},
              "uuid": "cf275f25-b5e9-4d6f-9fc1-eb8fb451c6e1",
              "parentUUID": "6b69a478-8749-4632-beb1-b9fc237bd796",
              "isHook": false,
              "skipped": false
            },
            {
              "title": "Acessa Relatório por Aluno",
              "fullTitle": "Menus - PROFESSOR Acessa Relatório por Aluno",
              "timedOut": null,
              "duration": 3607,
              "state": "passed",
              "speed": "slow",
              "pass": true,
              "fail": false,
              "pending": false,
              "context": null,
              "code": "cy.testa_relatorio_aluno3();",
              "err": {},
              "uuid": "eb48a1d9-fa68-430d-ab8c-25d2cfb4d744",
              "parentUUID": "6b69a478-8749-4632-beb1-b9fc237bd796",
              "isHook": false,
              "skipped": false
            },
            {
              "title": "Acessa Relatório por Questões Abertas",
              "fullTitle": "Menus - PROFESSOR Acessa Relatório por Questões Abertas",
              "timedOut": null,
              "duration": 3810,
              "state": "passed",
              "speed": "slow",
              "pass": true,
              "fail": false,
              "pending": false,
              "context": null,
              "code": "cy.testa_relatorio_questoesAbertas3();",
              "err": {},
              "uuid": "15ca4dd3-5d41-4440-b36c-7a205785aa43",
              "parentUUID": "6b69a478-8749-4632-beb1-b9fc237bd796",
              "isHook": false,
              "skipped": false
            },
            {
              "title": "Acessa Conteúdo Livros Digitais",
              "fullTitle": "Menus - PROFESSOR Acessa Conteúdo Livros Digitais",
              "timedOut": null,
              "duration": 1677,
              "state": "passed",
              "speed": "slow",
              "pass": true,
              "fail": false,
              "pending": false,
              "context": null,
              "code": "cy.testa_conteudo_livrodigital();",
              "err": {},
              "uuid": "4f625b47-9644-4d1c-bc06-479c8802f808",
              "parentUUID": "6b69a478-8749-4632-beb1-b9fc237bd796",
              "isHook": false,
              "skipped": false
            },
            {
              "title": "Acessa Conteúdo Atv Complementar",
              "fullTitle": "Menus - PROFESSOR Acessa Conteúdo Atv Complementar",
              "timedOut": null,
              "duration": 5213,
              "state": "passed",
              "speed": "slow",
              "pass": true,
              "fail": false,
              "pending": false,
              "context": null,
              "code": "cy.testa_projConteudo_atvComplementar3();",
              "err": {},
              "uuid": "d4fb89fd-c6a0-4b42-b59d-ab0c4cc0cd64",
              "parentUUID": "6b69a478-8749-4632-beb1-b9fc237bd796",
              "isHook": false,
              "skipped": false
            },
            {
              "title": "Acessa Acompanhamento",
              "fullTitle": "Menus - PROFESSOR Acessa Acompanhamento",
              "timedOut": null,
              "duration": 29028,
              "state": "passed",
              "speed": "slow",
              "pass": true,
              "fail": false,
              "pending": false,
              "context": null,
              "code": "cy.acessa_aprova();\ncy.logar_professor();\ncy.get('.lista-projetos-dialog > :nth-child(3)').click();\ncy.get('.btn-projeto-dialog > .btn').click();\ncy.wait(10000);\ncy.verifica_dialog_contato_if();\ncy.testa_acompanhamento();",
              "err": {},
              "uuid": "ad11166c-b356-4d5e-b886-4e0feb8bd1ef",
              "parentUUID": "6b69a478-8749-4632-beb1-b9fc237bd796",
              "isHook": false,
              "skipped": false
            }
          ],
          "suites": [],
          "passes": [
            "97f37f87-aabe-4e03-8a9f-65fffe9cc15c",
            "e42f4eb5-c0ca-42bb-a013-e36669ab7b3b",
            "4aee6b1f-a1e8-4570-8a5b-bc36eabadc51",
            "feef2708-1b59-44cd-b867-5ebc46fe3b47",
            "a4f65c49-a764-4ac5-8170-a278ffaae15b",
            "cf275f25-b5e9-4d6f-9fc1-eb8fb451c6e1",
            "eb48a1d9-fa68-430d-ab8c-25d2cfb4d744",
            "15ca4dd3-5d41-4440-b36c-7a205785aa43",
            "4f625b47-9644-4d1c-bc06-479c8802f808",
            "d4fb89fd-c6a0-4b42-b59d-ab0c4cc0cd64",
            "ad11166c-b356-4d5e-b886-4e0feb8bd1ef"
          ],
          "failures": [],
          "pending": [],
          "skipped": [],
          "duration": 83272,
          "root": false,
          "rootEmpty": false,
          "_timeout": 2000
        }
      ],
      "passes": [],
      "failures": [],
      "pending": [],
      "skipped": [],
      "duration": 0,
      "root": true,
      "rootEmpty": true,
      "_timeout": 2000
    }
  ],
  "meta": {
    "mocha": {
      "version": "7.0.1"
    },
    "mochawesome": {
      "options": {
        "quiet": false,
        "reportFilename": "mochawesome",
        "saveHtml": true,
        "saveJson": true,
        "consoleReporter": "spec",
        "useInlineDiffs": false,
        "code": true
      },
      "version": "6.1.1"
    },
    "marge": {
      "options": {
        "reportDir": "cypress/reports/separate-reports",
        "overwrite": false,
        "html": true,
        "json": true
      },
      "version": "5.1.0"
    }
  }
}