{
  "stats": {
    "suites": 1,
    "tests": 8,
    "passes": 8,
    "pending": 0,
    "failures": 0,
    "start": "2020-09-22T21:22:21.982Z",
    "end": "2020-09-22T21:23:36.547Z",
    "duration": 74565,
    "testsRegistered": 8,
    "passPercent": 100,
    "pendingPercent": 0,
    "other": 0,
    "hasOther": false,
    "skipped": 0,
    "hasSkipped": false
  },
  "results": [
    {
      "uuid": "5a86c17a-fadf-4953-86e2-afec041e693b",
      "title": "",
      "fullFile": "cypress/integration/Aprova_Brasil/menu_regional.spec.js",
      "file": "cypress/integration/Aprova_Brasil/menu_regional.spec.js",
      "beforeHooks": [],
      "afterHooks": [],
      "tests": [],
      "suites": [
        {
          "uuid": "fe168c78-e3c0-4ec4-89b8-4f954728b477",
          "title": "Menus - REGIONAL",
          "fullFile": "",
          "file": "",
          "beforeHooks": [],
          "afterHooks": [],
          "tests": [
            {
              "title": "Acessa Regional",
              "fullTitle": "Menus - REGIONAL Acessa Regional",
              "timedOut": null,
              "duration": 33882,
              "state": "passed",
              "speed": "slow",
              "pass": true,
              "fail": false,
              "pending": false,
              "context": null,
              "code": "cy.acessa_aprova();\ncy.logar_regional(); //cy.seleciona_projSimulado()\ncy.wait(10000);\ncy.verifica_dialog_contato_if();\nexpect(cy.get('.username-wrapper > [fxhide=\"\"]').contains('Olá, CABULA')).to.exist;",
              "err": {},
              "uuid": "1882acf0-765d-4ead-8aa6-64b44dd98c82",
              "parentUUID": "fe168c78-e3c0-4ec4-89b8-4f954728b477",
              "isHook": false,
              "skipped": false
            },
            {
              "title": "Acessa Painel",
              "fullTitle": "Menus - REGIONAL Acessa Painel",
              "timedOut": null,
              "duration": 121,
              "state": "passed",
              "speed": "slow",
              "pass": true,
              "fail": false,
              "pending": false,
              "context": null,
              "code": "cy.testa_painel_rede();",
              "err": {},
              "uuid": "4d2db163-a09f-4077-be7e-08c9a22c68f5",
              "parentUUID": "fe168c78-e3c0-4ec4-89b8-4f954728b477",
              "isHook": false,
              "skipped": false
            },
            {
              "title": "Acessa Resultados Gerais",
              "fullTitle": "Menus - REGIONAL Acessa Resultados Gerais",
              "timedOut": null,
              "duration": 1943,
              "state": "passed",
              "speed": "slow",
              "pass": true,
              "fail": false,
              "pending": false,
              "context": null,
              "code": "cy.testa_resultados(); //cy.wait(10000)",
              "err": {},
              "uuid": "c0016526-0ce5-44c9-992a-a363fad9406d",
              "parentUUID": "fe168c78-e3c0-4ec4-89b8-4f954728b477",
              "isHook": false,
              "skipped": false
            },
            {
              "title": "Acessa Resultados por Habilidade",
              "fullTitle": "Menus - REGIONAL Acessa Resultados por Habilidade",
              "timedOut": null,
              "duration": 377,
              "state": "passed",
              "speed": "slow",
              "pass": true,
              "fail": false,
              "pending": false,
              "context": null,
              "code": "cy.testa_resultados_habilidades_rede();",
              "err": {},
              "uuid": "2f9fde7f-ad6b-4126-b8b6-e95cae989461",
              "parentUUID": "fe168c78-e3c0-4ec4-89b8-4f954728b477",
              "isHook": false,
              "skipped": false
            },
            {
              "title": "Acessa Relatório por Habilidade",
              "fullTitle": "Menus - REGIONAL Acessa Relatório por Habilidade",
              "timedOut": null,
              "duration": 5121,
              "state": "passed",
              "speed": "slow",
              "pass": true,
              "fail": false,
              "pending": false,
              "context": null,
              "code": "cy.testa_relatorio_habilidade2();",
              "err": {},
              "uuid": "deaa8056-28ca-46c0-b8ee-98c5c14c4a5a",
              "parentUUID": "fe168c78-e3c0-4ec4-89b8-4f954728b477",
              "isHook": false,
              "skipped": false
            },
            {
              "title": "Acessa Relatório por Aluno",
              "fullTitle": "Menus - REGIONAL Acessa Relatório por Aluno",
              "timedOut": null,
              "duration": 3388,
              "state": "passed",
              "speed": "slow",
              "pass": true,
              "fail": false,
              "pending": false,
              "context": null,
              "code": "cy.testa_relatorio_aluno2();",
              "err": {},
              "uuid": "c1f9cd5b-5f5c-445a-aa72-f62449dcbf43",
              "parentUUID": "fe168c78-e3c0-4ec4-89b8-4f954728b477",
              "isHook": false,
              "skipped": false
            },
            {
              "title": "Acessa Relatório por Questões Abertas",
              "fullTitle": "Menus - REGIONAL Acessa Relatório por Questões Abertas",
              "timedOut": null,
              "duration": 2694,
              "state": "passed",
              "speed": "slow",
              "pass": true,
              "fail": false,
              "pending": false,
              "context": null,
              "code": "cy.testa_relatorio_questoesAbertas2();",
              "err": {},
              "uuid": "68d591b7-9900-4875-92f9-36e6287188f1",
              "parentUUID": "fe168c78-e3c0-4ec4-89b8-4f954728b477",
              "isHook": false,
              "skipped": false
            },
            {
              "title": "Acessa Acompanhamento",
              "fullTitle": "Menus - REGIONAL Acessa Acompanhamento",
              "timedOut": null,
              "duration": 25282,
              "state": "passed",
              "speed": "slow",
              "pass": true,
              "fail": false,
              "pending": false,
              "context": null,
              "code": "cy.acessa_aprova();\ncy.logar_regional(); //cy.seleciona_projSimulado()\ncy.wait(10000);\ncy.verifica_dialog_contato_if();\ncy.testa_acompanhamento();",
              "err": {},
              "uuid": "d79ad15f-e4ec-4be5-8d31-d896902a3d5e",
              "parentUUID": "fe168c78-e3c0-4ec4-89b8-4f954728b477",
              "isHook": false,
              "skipped": false
            }
          ],
          "suites": [],
          "passes": [
            "1882acf0-765d-4ead-8aa6-64b44dd98c82",
            "4d2db163-a09f-4077-be7e-08c9a22c68f5",
            "c0016526-0ce5-44c9-992a-a363fad9406d",
            "2f9fde7f-ad6b-4126-b8b6-e95cae989461",
            "deaa8056-28ca-46c0-b8ee-98c5c14c4a5a",
            "c1f9cd5b-5f5c-445a-aa72-f62449dcbf43",
            "68d591b7-9900-4875-92f9-36e6287188f1",
            "d79ad15f-e4ec-4be5-8d31-d896902a3d5e"
          ],
          "failures": [],
          "pending": [],
          "skipped": [],
          "duration": 72808,
          "root": false,
          "rootEmpty": false,
          "_timeout": 2000
        }
      ],
      "passes": [],
      "failures": [],
      "pending": [],
      "skipped": [],
      "duration": 0,
      "root": true,
      "rootEmpty": true,
      "_timeout": 2000
    }
  ],
  "meta": {
    "mocha": {
      "version": "7.0.1"
    },
    "mochawesome": {
      "options": {
        "quiet": false,
        "reportFilename": "mochawesome",
        "saveHtml": true,
        "saveJson": true,
        "consoleReporter": "spec",
        "useInlineDiffs": false,
        "code": true
      },
      "version": "6.1.1"
    },
    "marge": {
      "options": {
        "reportDir": "cypress/reports/separate-reports",
        "overwrite": false,
        "html": true,
        "json": true
      },
      "version": "5.1.0"
    }
  }
}