{
  "stats": {
    "suites": 1,
    "tests": 9,
    "passes": 9,
    "pending": 0,
    "failures": 0,
    "start": "2020-09-22T20:37:49.106Z",
    "end": "2020-09-22T20:39:13.255Z",
    "duration": 84149,
    "testsRegistered": 9,
    "passPercent": 100,
    "pendingPercent": 0,
    "other": 0,
    "hasOther": false,
    "skipped": 0,
    "hasSkipped": false
  },
  "results": [
    {
      "uuid": "77330110-4411-4f03-beb6-e9f577331583",
      "title": "",
      "fullFile": "cypress/integration/Aprova_Brasil/menu_rede.spec.js",
      "file": "cypress/integration/Aprova_Brasil/menu_rede.spec.js",
      "beforeHooks": [],
      "afterHooks": [],
      "tests": [],
      "suites": [
        {
          "uuid": "5b283e5c-6d08-47e8-8519-6884fc9d7d40",
          "title": "Menus - REDE",
          "fullFile": "",
          "file": "",
          "beforeHooks": [],
          "afterHooks": [],
          "tests": [
            {
              "title": "Acessa - Rede",
              "fullTitle": "Menus - REDE Acessa - Rede",
              "timedOut": null,
              "duration": 34226,
              "state": "passed",
              "speed": "slow",
              "pass": true,
              "fail": false,
              "pending": false,
              "context": null,
              "code": "cy.acessa_aprova();\ncy.logar_rede();\ncy.seleciona_projSimulado();\ncy.wait(10000);\ncy.verifica_dialog_contato_if();\nexpect(cy.get('.username-wrapper > [fxhide=\"\"]').contains('Olá, Rede Demonstração')).to.exist;",
              "err": {},
              "uuid": "2668771b-fb0d-4f95-aa10-665a03b9e4a0",
              "parentUUID": "5b283e5c-6d08-47e8-8519-6884fc9d7d40",
              "isHook": false,
              "skipped": false
            },
            {
              "title": "Acessa Painel",
              "fullTitle": "Menus - REDE Acessa Painel",
              "timedOut": null,
              "duration": 173,
              "state": "passed",
              "speed": "slow",
              "pass": true,
              "fail": false,
              "pending": false,
              "context": null,
              "code": "cy.testa_painel_rede();",
              "err": {},
              "uuid": "609857ad-45d6-44a5-9e34-2268e9d968af",
              "parentUUID": "5b283e5c-6d08-47e8-8519-6884fc9d7d40",
              "isHook": false,
              "skipped": false
            },
            {
              "title": "Acessa Resultados Gerais",
              "fullTitle": "Menus - REDE Acessa Resultados Gerais",
              "timedOut": null,
              "duration": 3281,
              "state": "passed",
              "speed": "slow",
              "pass": true,
              "fail": false,
              "pending": false,
              "context": null,
              "code": "cy.testa_resultados();",
              "err": {},
              "uuid": "87601645-85d5-4345-b5a5-a1f7a1d22cee",
              "parentUUID": "5b283e5c-6d08-47e8-8519-6884fc9d7d40",
              "isHook": false,
              "skipped": false
            },
            {
              "title": "Acessa Resultados por Habilidade",
              "fullTitle": "Menus - REDE Acessa Resultados por Habilidade",
              "timedOut": null,
              "duration": 386,
              "state": "passed",
              "speed": "slow",
              "pass": true,
              "fail": false,
              "pending": false,
              "context": null,
              "code": "cy.testa_resultados_habilidades_rede();",
              "err": {},
              "uuid": "281d5f42-a869-4c1d-944f-6365afeb384d",
              "parentUUID": "5b283e5c-6d08-47e8-8519-6884fc9d7d40",
              "isHook": false,
              "skipped": false
            },
            {
              "title": "Acessa Calendário",
              "fullTitle": "Menus - REDE Acessa Calendário",
              "timedOut": null,
              "duration": 394,
              "state": "passed",
              "speed": "slow",
              "pass": true,
              "fail": false,
              "pending": false,
              "context": null,
              "code": "cy.testa_calendario();",
              "err": {},
              "uuid": "e334d308-feb7-4a37-9090-a4cbf8a63c36",
              "parentUUID": "5b283e5c-6d08-47e8-8519-6884fc9d7d40",
              "isHook": false,
              "skipped": false
            },
            {
              "title": "Acessa Relatório por Habilidade",
              "fullTitle": "Menus - REDE Acessa Relatório por Habilidade",
              "timedOut": null,
              "duration": 5422,
              "state": "passed",
              "speed": "slow",
              "pass": true,
              "fail": false,
              "pending": false,
              "context": null,
              "code": "cy.testa_relatorio_habilidade();",
              "err": {},
              "uuid": "94a73b69-9eb1-4d07-acbe-44dfba554335",
              "parentUUID": "5b283e5c-6d08-47e8-8519-6884fc9d7d40",
              "isHook": false,
              "skipped": false
            },
            {
              "title": "Acessa Relatório por Aluno",
              "fullTitle": "Menus - REDE Acessa Relatório por Aluno",
              "timedOut": null,
              "duration": 3637,
              "state": "passed",
              "speed": "slow",
              "pass": true,
              "fail": false,
              "pending": false,
              "context": null,
              "code": "cy.testa_relatorio_aluno();",
              "err": {},
              "uuid": "2da90b5c-acf7-4cd2-bcc4-c527e1fb2a92",
              "parentUUID": "5b283e5c-6d08-47e8-8519-6884fc9d7d40",
              "isHook": false,
              "skipped": false
            },
            {
              "title": "Acessa Relatório por Questões Abertas",
              "fullTitle": "Menus - REDE Acessa Relatório por Questões Abertas",
              "timedOut": null,
              "duration": 4025,
              "state": "passed",
              "speed": "slow",
              "pass": true,
              "fail": false,
              "pending": false,
              "context": null,
              "code": "cy.testa_relatorio_questoesAbertas();",
              "err": {},
              "uuid": "e87d5821-0a89-4bf6-9ae7-05f5602292c0",
              "parentUUID": "5b283e5c-6d08-47e8-8519-6884fc9d7d40",
              "isHook": false,
              "skipped": false
            },
            {
              "title": "Acessa Acompanhamento",
              "fullTitle": "Menus - REDE Acessa Acompanhamento",
              "timedOut": null,
              "duration": 30770,
              "state": "passed",
              "speed": "slow",
              "pass": true,
              "fail": false,
              "pending": false,
              "context": null,
              "code": "cy.acessa_aprova();\ncy.logar_rede();\ncy.seleciona_projSimulado();\ncy.wait(10000);\ncy.verifica_dialog_contato_if();\ncy.testa_acompanhamento();",
              "err": {},
              "uuid": "5492efa1-4b34-4faf-a692-2d6a145a39b6",
              "parentUUID": "5b283e5c-6d08-47e8-8519-6884fc9d7d40",
              "isHook": false,
              "skipped": false
            }
          ],
          "suites": [],
          "passes": [
            "2668771b-fb0d-4f95-aa10-665a03b9e4a0",
            "609857ad-45d6-44a5-9e34-2268e9d968af",
            "87601645-85d5-4345-b5a5-a1f7a1d22cee",
            "281d5f42-a869-4c1d-944f-6365afeb384d",
            "e334d308-feb7-4a37-9090-a4cbf8a63c36",
            "94a73b69-9eb1-4d07-acbe-44dfba554335",
            "2da90b5c-acf7-4cd2-bcc4-c527e1fb2a92",
            "e87d5821-0a89-4bf6-9ae7-05f5602292c0",
            "5492efa1-4b34-4faf-a692-2d6a145a39b6"
          ],
          "failures": [],
          "pending": [],
          "skipped": [],
          "duration": 82314,
          "root": false,
          "rootEmpty": false,
          "_timeout": 2000
        }
      ],
      "passes": [],
      "failures": [],
      "pending": [],
      "skipped": [],
      "duration": 0,
      "root": true,
      "rootEmpty": true,
      "_timeout": 2000
    }
  ],
  "meta": {
    "mocha": {
      "version": "7.0.1"
    },
    "mochawesome": {
      "options": {
        "quiet": false,
        "reportFilename": "mochawesome",
        "saveHtml": true,
        "saveJson": true,
        "consoleReporter": "spec",
        "useInlineDiffs": false,
        "code": true
      },
      "version": "6.1.1"
    },
    "marge": {
      "options": {
        "reportDir": "cypress/reports/separate-reports",
        "overwrite": false,
        "html": true,
        "json": true
      },
      "version": "5.1.0"
    }
  }
}