{
  "stats": {
    "suites": 1,
    "tests": 9,
    "passes": 9,
    "pending": 0,
    "failures": 0,
    "start": "2020-09-24T14:31:42.313Z",
    "end": "2020-09-24T14:33:08.741Z",
    "duration": 86428,
    "testsRegistered": 9,
    "passPercent": 100,
    "pendingPercent": 0,
    "other": 0,
    "hasOther": false,
    "skipped": 0,
    "hasSkipped": false
  },
  "results": [
    {
      "uuid": "d0095512-52fd-4ed6-a63c-e60711379a48",
      "title": "",
      "fullFile": "cypress/integration/Aprova_Brasil/menu_rede.spec.js",
      "file": "cypress/integration/Aprova_Brasil/menu_rede.spec.js",
      "beforeHooks": [],
      "afterHooks": [],
      "tests": [],
      "suites": [
        {
          "uuid": "6a55f0c3-438b-4fe8-a45e-4845833f7526",
          "title": "Menus - REDE",
          "fullFile": "",
          "file": "",
          "beforeHooks": [],
          "afterHooks": [],
          "tests": [
            {
              "title": "Acessa - Rede",
              "fullTitle": "Menus - REDE Acessa - Rede",
              "timedOut": null,
              "duration": 36593,
              "state": "passed",
              "speed": "slow",
              "pass": true,
              "fail": false,
              "pending": false,
              "context": null,
              "code": "cy.acessa_aprova();\ncy.logar_rede();\ncy.seleciona_projSimulado();\ncy.wait(10000);\ncy.verifica_dialog_contato_if();\nexpect(cy.get('.username-wrapper > [fxhide=\"\"]').contains('Olá, Rede Demonstração')).to.exist;",
              "err": {},
              "uuid": "ce0c5928-1357-458f-8fa8-04af38683134",
              "parentUUID": "6a55f0c3-438b-4fe8-a45e-4845833f7526",
              "isHook": false,
              "skipped": false
            },
            {
              "title": "Acessa Painel",
              "fullTitle": "Menus - REDE Acessa Painel",
              "timedOut": null,
              "duration": 122,
              "state": "passed",
              "speed": "slow",
              "pass": true,
              "fail": false,
              "pending": false,
              "context": null,
              "code": "cy.testa_painel_rede();",
              "err": {},
              "uuid": "b3774a09-dc9c-487d-92e3-51d461057678",
              "parentUUID": "6a55f0c3-438b-4fe8-a45e-4845833f7526",
              "isHook": false,
              "skipped": false
            },
            {
              "title": "Acessa Resultados Gerais",
              "fullTitle": "Menus - REDE Acessa Resultados Gerais",
              "timedOut": null,
              "duration": 3355,
              "state": "passed",
              "speed": "slow",
              "pass": true,
              "fail": false,
              "pending": false,
              "context": null,
              "code": "cy.testa_resultados();",
              "err": {},
              "uuid": "b5eca992-d24a-4b40-98a1-ef0ef2ec619f",
              "parentUUID": "6a55f0c3-438b-4fe8-a45e-4845833f7526",
              "isHook": false,
              "skipped": false
            },
            {
              "title": "Acessa Resultados por Habilidade",
              "fullTitle": "Menus - REDE Acessa Resultados por Habilidade",
              "timedOut": null,
              "duration": 393,
              "state": "passed",
              "speed": "slow",
              "pass": true,
              "fail": false,
              "pending": false,
              "context": null,
              "code": "cy.testa_resultados_habilidades_rede();",
              "err": {},
              "uuid": "cb95baf8-cbb3-465c-a7fb-6adbe03a2c3f",
              "parentUUID": "6a55f0c3-438b-4fe8-a45e-4845833f7526",
              "isHook": false,
              "skipped": false
            },
            {
              "title": "Acessa Calendário",
              "fullTitle": "Menus - REDE Acessa Calendário",
              "timedOut": null,
              "duration": 442,
              "state": "passed",
              "speed": "slow",
              "pass": true,
              "fail": false,
              "pending": false,
              "context": null,
              "code": "cy.testa_calendario();",
              "err": {},
              "uuid": "4afab4f4-942e-437a-8493-72064c559c56",
              "parentUUID": "6a55f0c3-438b-4fe8-a45e-4845833f7526",
              "isHook": false,
              "skipped": false
            },
            {
              "title": "Acessa Relatório por Habilidade",
              "fullTitle": "Menus - REDE Acessa Relatório por Habilidade",
              "timedOut": null,
              "duration": 5342,
              "state": "passed",
              "speed": "slow",
              "pass": true,
              "fail": false,
              "pending": false,
              "context": null,
              "code": "cy.testa_relatorio_habilidade();",
              "err": {},
              "uuid": "e7666db0-86dc-4b87-83f3-e26e2b009885",
              "parentUUID": "6a55f0c3-438b-4fe8-a45e-4845833f7526",
              "isHook": false,
              "skipped": false
            },
            {
              "title": "Acessa Relatório por Aluno",
              "fullTitle": "Menus - REDE Acessa Relatório por Aluno",
              "timedOut": null,
              "duration": 3602,
              "state": "passed",
              "speed": "slow",
              "pass": true,
              "fail": false,
              "pending": false,
              "context": null,
              "code": "cy.testa_relatorio_aluno();",
              "err": {},
              "uuid": "9744573f-7424-472d-8d77-c6415cc6aa14",
              "parentUUID": "6a55f0c3-438b-4fe8-a45e-4845833f7526",
              "isHook": false,
              "skipped": false
            },
            {
              "title": "Acessa Relatório por Questões Abertas",
              "fullTitle": "Menus - REDE Acessa Relatório por Questões Abertas",
              "timedOut": null,
              "duration": 3978,
              "state": "passed",
              "speed": "slow",
              "pass": true,
              "fail": false,
              "pending": false,
              "context": null,
              "code": "cy.testa_relatorio_questoesAbertas();",
              "err": {},
              "uuid": "03f24609-5e78-4571-8384-abf7f345507d",
              "parentUUID": "6a55f0c3-438b-4fe8-a45e-4845833f7526",
              "isHook": false,
              "skipped": false
            },
            {
              "title": "Acessa Acompanhamento",
              "fullTitle": "Menus - REDE Acessa Acompanhamento",
              "timedOut": null,
              "duration": 30803,
              "state": "passed",
              "speed": "slow",
              "pass": true,
              "fail": false,
              "pending": false,
              "context": null,
              "code": "cy.acessa_aprova();\ncy.logar_rede();\ncy.seleciona_projSimulado();\ncy.wait(10000);\ncy.verifica_dialog_contato_if();\ncy.testa_acompanhamento();",
              "err": {},
              "uuid": "3bb49433-b5cd-4e97-8378-a62cc14572c3",
              "parentUUID": "6a55f0c3-438b-4fe8-a45e-4845833f7526",
              "isHook": false,
              "skipped": false
            }
          ],
          "suites": [],
          "passes": [
            "ce0c5928-1357-458f-8fa8-04af38683134",
            "b3774a09-dc9c-487d-92e3-51d461057678",
            "b5eca992-d24a-4b40-98a1-ef0ef2ec619f",
            "cb95baf8-cbb3-465c-a7fb-6adbe03a2c3f",
            "4afab4f4-942e-437a-8493-72064c559c56",
            "e7666db0-86dc-4b87-83f3-e26e2b009885",
            "9744573f-7424-472d-8d77-c6415cc6aa14",
            "03f24609-5e78-4571-8384-abf7f345507d",
            "3bb49433-b5cd-4e97-8378-a62cc14572c3"
          ],
          "failures": [],
          "pending": [],
          "skipped": [],
          "duration": 84630,
          "root": false,
          "rootEmpty": false,
          "_timeout": 2000
        }
      ],
      "passes": [],
      "failures": [],
      "pending": [],
      "skipped": [],
      "duration": 0,
      "root": true,
      "rootEmpty": true,
      "_timeout": 2000
    }
  ],
  "meta": {
    "mocha": {
      "version": "7.0.1"
    },
    "mochawesome": {
      "options": {
        "quiet": false,
        "reportFilename": "mochawesome",
        "saveHtml": true,
        "saveJson": true,
        "consoleReporter": "spec",
        "useInlineDiffs": false,
        "code": true
      },
      "version": "6.1.1"
    },
    "marge": {
      "options": {
        "reportDir": "cypress/reports/separate-reports",
        "overwrite": false,
        "html": true,
        "json": true
      },
      "version": "5.1.0"
    }
  }
}