{
  "stats": {
    "suites": 1,
    "tests": 8,
    "passes": 8,
    "pending": 0,
    "failures": 0,
    "start": "2020-09-22T21:57:04.387Z",
    "end": "2020-09-22T21:58:25.395Z",
    "duration": 81008,
    "testsRegistered": 8,
    "passPercent": 100,
    "pendingPercent": 0,
    "other": 0,
    "hasOther": false,
    "skipped": 0,
    "hasSkipped": false
  },
  "results": [
    {
      "uuid": "9180388d-a662-4be5-a21b-88ccb343030c",
      "title": "",
      "fullFile": "cypress/integration/Aprova_Brasil/menu_regional.spec.js",
      "file": "cypress/integration/Aprova_Brasil/menu_regional.spec.js",
      "beforeHooks": [],
      "afterHooks": [],
      "tests": [],
      "suites": [
        {
          "uuid": "f8a03b74-2d21-4a0b-8284-55ce35312d1b",
          "title": "Menus - REGIONAL",
          "fullFile": "",
          "file": "",
          "beforeHooks": [],
          "afterHooks": [],
          "tests": [
            {
              "title": "Acessa Regional",
              "fullTitle": "Menus - REGIONAL Acessa Regional",
              "timedOut": null,
              "duration": 37255,
              "state": "passed",
              "speed": "slow",
              "pass": true,
              "fail": false,
              "pending": false,
              "context": null,
              "code": "cy.acessa_aprova();\ncy.logar_regional(); //cy.seleciona_projSimulado()\ncy.wait(10000);\ncy.verifica_dialog_contato_if();\nexpect(cy.get('.username-wrapper > [fxhide=\"\"]').contains('Olá, CABULA')).to.exist;",
              "err": {},
              "uuid": "36271a31-b12f-4072-94bd-d42a6d6ac896",
              "parentUUID": "f8a03b74-2d21-4a0b-8284-55ce35312d1b",
              "isHook": false,
              "skipped": false
            },
            {
              "title": "Acessa Painel",
              "fullTitle": "Menus - REGIONAL Acessa Painel",
              "timedOut": null,
              "duration": 128,
              "state": "passed",
              "speed": "slow",
              "pass": true,
              "fail": false,
              "pending": false,
              "context": null,
              "code": "cy.testa_painel_rede();",
              "err": {},
              "uuid": "624fdcbb-094c-48e7-849f-ba86d161f923",
              "parentUUID": "f8a03b74-2d21-4a0b-8284-55ce35312d1b",
              "isHook": false,
              "skipped": false
            },
            {
              "title": "Acessa Resultados Gerais",
              "fullTitle": "Menus - REGIONAL Acessa Resultados Gerais",
              "timedOut": null,
              "duration": 3897,
              "state": "passed",
              "speed": "slow",
              "pass": true,
              "fail": false,
              "pending": false,
              "context": null,
              "code": "cy.testa_resultados(); //cy.wait(10000)",
              "err": {},
              "uuid": "e038ae3a-7fc8-4ca1-a040-2795c1f3ec2d",
              "parentUUID": "f8a03b74-2d21-4a0b-8284-55ce35312d1b",
              "isHook": false,
              "skipped": false
            },
            {
              "title": "Acessa Resultados por Habilidade",
              "fullTitle": "Menus - REGIONAL Acessa Resultados por Habilidade",
              "timedOut": null,
              "duration": 426,
              "state": "passed",
              "speed": "slow",
              "pass": true,
              "fail": false,
              "pending": false,
              "context": null,
              "code": "cy.testa_resultados_habilidades_rede();",
              "err": {},
              "uuid": "9d77955c-035f-48ce-a61e-ecedf8822749",
              "parentUUID": "f8a03b74-2d21-4a0b-8284-55ce35312d1b",
              "isHook": false,
              "skipped": false
            },
            {
              "title": "Acessa Relatório por Habilidade",
              "fullTitle": "Menus - REGIONAL Acessa Relatório por Habilidade",
              "timedOut": null,
              "duration": 5077,
              "state": "passed",
              "speed": "slow",
              "pass": true,
              "fail": false,
              "pending": false,
              "context": null,
              "code": "cy.testa_relatorio_habilidade2();",
              "err": {},
              "uuid": "589b709f-9984-4b1b-95fb-18d80fb68e7b",
              "parentUUID": "f8a03b74-2d21-4a0b-8284-55ce35312d1b",
              "isHook": false,
              "skipped": false
            },
            {
              "title": "Acessa Relatório por Aluno",
              "fullTitle": "Menus - REGIONAL Acessa Relatório por Aluno",
              "timedOut": null,
              "duration": 3380,
              "state": "passed",
              "speed": "slow",
              "pass": true,
              "fail": false,
              "pending": false,
              "context": null,
              "code": "cy.testa_relatorio_aluno2();",
              "err": {},
              "uuid": "05a8cbea-9980-4f3a-a9f9-19de01a1fbe5",
              "parentUUID": "f8a03b74-2d21-4a0b-8284-55ce35312d1b",
              "isHook": false,
              "skipped": false
            },
            {
              "title": "Acessa Relatório por Questões Abertas",
              "fullTitle": "Menus - REGIONAL Acessa Relatório por Questões Abertas",
              "timedOut": null,
              "duration": 2666,
              "state": "passed",
              "speed": "slow",
              "pass": true,
              "fail": false,
              "pending": false,
              "context": null,
              "code": "cy.testa_relatorio_questoesAbertas2();",
              "err": {},
              "uuid": "7262ba9a-9058-4109-93de-4efffd79429b",
              "parentUUID": "f8a03b74-2d21-4a0b-8284-55ce35312d1b",
              "isHook": false,
              "skipped": false
            },
            {
              "title": "Acessa Acompanhamento",
              "fullTitle": "Menus - REGIONAL Acessa Acompanhamento",
              "timedOut": null,
              "duration": 26436,
              "state": "passed",
              "speed": "slow",
              "pass": true,
              "fail": false,
              "pending": false,
              "context": null,
              "code": "cy.acessa_aprova();\ncy.logar_regional(); //cy.seleciona_projSimulado()\ncy.wait(10000);\ncy.verifica_dialog_contato_if();\ncy.testa_acompanhamento();",
              "err": {},
              "uuid": "e340cf3d-7853-412e-84be-04382e79e859",
              "parentUUID": "f8a03b74-2d21-4a0b-8284-55ce35312d1b",
              "isHook": false,
              "skipped": false
            }
          ],
          "suites": [],
          "passes": [
            "36271a31-b12f-4072-94bd-d42a6d6ac896",
            "624fdcbb-094c-48e7-849f-ba86d161f923",
            "e038ae3a-7fc8-4ca1-a040-2795c1f3ec2d",
            "9d77955c-035f-48ce-a61e-ecedf8822749",
            "589b709f-9984-4b1b-95fb-18d80fb68e7b",
            "05a8cbea-9980-4f3a-a9f9-19de01a1fbe5",
            "7262ba9a-9058-4109-93de-4efffd79429b",
            "e340cf3d-7853-412e-84be-04382e79e859"
          ],
          "failures": [],
          "pending": [],
          "skipped": [],
          "duration": 79265,
          "root": false,
          "rootEmpty": false,
          "_timeout": 2000
        }
      ],
      "passes": [],
      "failures": [],
      "pending": [],
      "skipped": [],
      "duration": 0,
      "root": true,
      "rootEmpty": true,
      "_timeout": 2000
    }
  ],
  "meta": {
    "mocha": {
      "version": "7.0.1"
    },
    "mochawesome": {
      "options": {
        "quiet": false,
        "reportFilename": "mochawesome",
        "saveHtml": true,
        "saveJson": true,
        "consoleReporter": "spec",
        "useInlineDiffs": false,
        "code": true
      },
      "version": "6.1.1"
    },
    "marge": {
      "options": {
        "reportDir": "cypress/reports/separate-reports",
        "overwrite": false,
        "html": true,
        "json": true
      },
      "version": "5.1.0"
    }
  }
}