{
  "stats": {
    "suites": 1,
    "tests": 8,
    "passes": 8,
    "pending": 0,
    "failures": 0,
    "start": "2020-09-23T20:51:09.187Z",
    "end": "2020-09-23T20:54:18.403Z",
    "duration": 189216,
    "testsRegistered": 8,
    "passPercent": 100,
    "pendingPercent": 0,
    "other": 0,
    "hasOther": false,
    "skipped": 0,
    "hasSkipped": false
  },
  "results": [
    {
      "uuid": "3baec3fa-aa08-4ae7-8c25-481a1baa8042",
      "title": "",
      "fullFile": "cypress/integration/Aprova_cyp/aprova_menus.spec.js",
      "file": "cypress/integration/Aprova_cyp/aprova_menus.spec.js",
      "beforeHooks": [],
      "afterHooks": [],
      "tests": [],
      "suites": [
        {
          "uuid": "6492695b-f8ed-4f8f-af63-03ae7e773c0a",
          "title": "Menus por projeto - Simulado e Avaliação Inicial",
          "fullFile": "",
          "file": "",
          "beforeHooks": [],
          "afterHooks": [],
          "tests": [
            {
              "title": "Rede - Simulado",
              "fullTitle": "Menus por projeto - Simulado e Avaliação Inicial Rede - Simulado",
              "timedOut": null,
              "duration": 28289,
              "state": "passed",
              "speed": "slow",
              "pass": true,
              "fail": false,
              "pending": false,
              "context": null,
              "code": "cy.logar_rede();\ncy.seleciona_projSimulado();\ncy.wait(2000);\ncy.verifica_dialog_contato_if();\ncy.get('[fxflex=\"1 0 auto\"] > .toggle-button-navbar > .mat-button-wrapper > .mat-icon').click(); //Menu sanduiche \ncy.menu_rede_simulado();",
              "err": {},
              "uuid": "33071724-4798-4e52-bb08-4ad1836838ff",
              "parentUUID": "6492695b-f8ed-4f8f-af63-03ae7e773c0a",
              "isHook": false,
              "skipped": false
            },
            {
              "title": "Rede - Avaliação Inicial",
              "fullTitle": "Menus por projeto - Simulado e Avaliação Inicial Rede - Avaliação Inicial",
              "timedOut": null,
              "duration": 23209,
              "state": "passed",
              "speed": "slow",
              "pass": true,
              "fail": false,
              "pending": false,
              "context": null,
              "code": "cy.logar_rede();\ncy.seleciona_projAvDiagnostica();\ncy.wait(2000);\ncy.verifica_dialog_contato_if();\ncy.get('[fxflex=\"1 0 auto\"] > .toggle-button-navbar > .mat-button-wrapper > .mat-icon').click(); //Menu sanduiche \ncy.menu_rede_av();",
              "err": {},
              "uuid": "f7a17f92-2a75-4a1e-b57e-9afbea6b9980",
              "parentUUID": "6492695b-f8ed-4f8f-af63-03ae7e773c0a",
              "isHook": false,
              "skipped": false
            },
            {
              "title": "Instituição - Simulado",
              "fullTitle": "Menus por projeto - Simulado e Avaliação Inicial Instituição - Simulado",
              "timedOut": null,
              "duration": 26384,
              "state": "passed",
              "speed": "slow",
              "pass": true,
              "fail": false,
              "pending": false,
              "context": null,
              "code": "cy.logar_instituicao();\ncy.seleciona_projSimulado();\ncy.wait(2000);\ncy.verifica_dialog_contato_if();\ncy.get('[fxflex=\"1 0 auto\"] > .toggle-button-navbar > .mat-button-wrapper > .mat-icon').click(); //Menu sanduiche \ncy.menu_instituicao_simulado();",
              "err": {},
              "uuid": "d7d91063-bca1-4738-a502-f664365d3824",
              "parentUUID": "6492695b-f8ed-4f8f-af63-03ae7e773c0a",
              "isHook": false,
              "skipped": false
            },
            {
              "title": "Instituição - Avaliação Inicial",
              "fullTitle": "Menus por projeto - Simulado e Avaliação Inicial Instituição - Avaliação Inicial",
              "timedOut": null,
              "duration": 26946,
              "state": "passed",
              "speed": "slow",
              "pass": true,
              "fail": false,
              "pending": false,
              "context": null,
              "code": "cy.logar_instituicao();\ncy.seleciona_projAvDiagnostica();\ncy.wait(2000);\ncy.verifica_dialog_contato_if();\ncy.get('[fxflex=\"1 0 auto\"] > .toggle-button-navbar > .mat-button-wrapper > .mat-icon').click(); //Menu sanduiche \ncy.menu_instituicao_av();",
              "err": {},
              "uuid": "fa6acfa4-e118-455b-8cf6-b17bc5fad5f5",
              "parentUUID": "6492695b-f8ed-4f8f-af63-03ae7e773c0a",
              "isHook": false,
              "skipped": false
            },
            {
              "title": "Regional - Simulado",
              "fullTitle": "Menus por projeto - Simulado e Avaliação Inicial Regional - Simulado",
              "timedOut": null,
              "duration": 18627,
              "state": "passed",
              "speed": "slow",
              "pass": true,
              "fail": false,
              "pending": false,
              "context": null,
              "code": "cy.logar_regional();\ncy.wait(2000);\ncy.verifica_dialog_contato_if();\ncy.get('[fxflex=\"1 0 auto\"] > .toggle-button-navbar > .mat-button-wrapper > .mat-icon').click(); //Menu sanduiche \ncy.menu_regional_simulado();",
              "err": {},
              "uuid": "cd45ea63-b256-41b0-817a-7e25d5840b9a",
              "parentUUID": "6492695b-f8ed-4f8f-af63-03ae7e773c0a",
              "isHook": false,
              "skipped": false
            },
            {
              "title": "Professor - Simulado",
              "fullTitle": "Menus por projeto - Simulado e Avaliação Inicial Professor - Simulado",
              "timedOut": null,
              "duration": 21028,
              "state": "passed",
              "speed": "slow",
              "pass": true,
              "fail": false,
              "pending": false,
              "context": null,
              "code": "cy.logar_professor();\ncy.get('.lista-projetos-dialog > :nth-child(3)').click(); //Seleciona projeto demo\ncy.get('.btn-projeto-dialog > .btn').click();\ncy.wait(2000);\ncy.verifica_dialog_contato_if();\ncy.get('[fxflex=\"1 0 auto\"] > .toggle-button-navbar > .mat-button-wrapper > .mat-icon').click(); //Menu sanduiche \ncy.menu_professor_simulado();",
              "err": {},
              "uuid": "df530f0b-8172-48bb-9041-8978a9d6173f",
              "parentUUID": "6492695b-f8ed-4f8f-af63-03ae7e773c0a",
              "isHook": false,
              "skipped": false
            },
            {
              "title": "Professor - Avaliação Inicial",
              "fullTitle": "Menus por projeto - Simulado e Avaliação Inicial Professor - Avaliação Inicial",
              "timedOut": null,
              "duration": 25473,
              "state": "passed",
              "speed": "slow",
              "pass": true,
              "fail": false,
              "pending": false,
              "context": null,
              "code": "cy.logar_professor();\ncy.seleciona_projAvDiagnostica();\ncy.wait(2000);\ncy.verifica_dialog_contato_if();\ncy.get('[fxflex=\"1 0 auto\"] > .toggle-button-navbar > .mat-button-wrapper > .mat-icon').click(); //Menu sanduiche \ncy.menu_professor_av();",
              "err": {},
              "uuid": "f305d6e9-fade-47c8-bd83-21ee27cfa581",
              "parentUUID": "6492695b-f8ed-4f8f-af63-03ae7e773c0a",
              "isHook": false,
              "skipped": false
            },
            {
              "title": "Conteúdo",
              "fullTitle": "Menus por projeto - Simulado e Avaliação Inicial Conteúdo",
              "timedOut": null,
              "duration": 16809,
              "state": "passed",
              "speed": "slow",
              "pass": true,
              "fail": false,
              "pending": false,
              "context": null,
              "code": "cy.logar_conteudo();\ncy.wait(2000);\ncy.verifica_dialog_contato_if();\ncy.get('[fxflex=\"1 0 auto\"] > .toggle-button-navbar > .mat-button-wrapper > .mat-icon').click(); //Menu sanduiche\ncy.menu_conteudo();",
              "err": {},
              "uuid": "e4132e9e-0ab9-404a-b9b9-8809194a32e7",
              "parentUUID": "6492695b-f8ed-4f8f-af63-03ae7e773c0a",
              "isHook": false,
              "skipped": false
            }
          ],
          "suites": [],
          "passes": [
            "33071724-4798-4e52-bb08-4ad1836838ff",
            "f7a17f92-2a75-4a1e-b57e-9afbea6b9980",
            "d7d91063-bca1-4738-a502-f664365d3824",
            "fa6acfa4-e118-455b-8cf6-b17bc5fad5f5",
            "cd45ea63-b256-41b0-817a-7e25d5840b9a",
            "df530f0b-8172-48bb-9041-8978a9d6173f",
            "f305d6e9-fade-47c8-bd83-21ee27cfa581",
            "e4132e9e-0ab9-404a-b9b9-8809194a32e7"
          ],
          "failures": [],
          "pending": [],
          "skipped": [],
          "duration": 186765,
          "root": false,
          "rootEmpty": false,
          "_timeout": 2000
        }
      ],
      "passes": [],
      "failures": [],
      "pending": [],
      "skipped": [],
      "duration": 0,
      "root": true,
      "rootEmpty": true,
      "_timeout": 2000
    }
  ],
  "meta": {
    "mocha": {
      "version": "7.0.1"
    },
    "mochawesome": {
      "options": {
        "quiet": false,
        "reportFilename": "mochawesome",
        "saveHtml": true,
        "saveJson": true,
        "consoleReporter": "spec",
        "useInlineDiffs": false,
        "code": true
      },
      "version": "6.1.1"
    },
    "marge": {
      "options": {
        "reportDir": "cypress/reports/separate-reports",
        "overwrite": false,
        "html": true,
        "json": true
      },
      "version": "5.1.0"
    }
  }
}