{
  "stats": {
    "suites": 1,
    "tests": 13,
    "passes": 13,
    "pending": 0,
    "failures": 0,
    "start": "2020-07-28T17:44:14.824Z",
    "end": "2020-07-28T17:46:12.166Z",
    "duration": 117342,
    "testsRegistered": 13,
    "passPercent": 100,
    "pendingPercent": 0,
    "other": 0,
    "hasOther": false,
    "skipped": 0,
    "hasSkipped": false
  },
  "results": [
    {
      "uuid": "3180fc28-6802-4ade-9fb1-7085d5fa4208",
      "title": "",
      "fullFile": "cypress/integration/Aprova_Brasil/menu_escola.spec.js",
      "file": "cypress/integration/Aprova_Brasil/menu_escola.spec.js",
      "beforeHooks": [],
      "afterHooks": [],
      "tests": [],
      "suites": [
        {
          "uuid": "a8e70a87-25a1-4b28-a7e3-3f18f983d3be",
          "title": "Teste dos menus por usuário INSTITUIÇÃO",
          "fullFile": "",
          "file": "",
          "beforeHooks": [],
          "afterHooks": [],
          "tests": [
            {
              "title": "Menus com usuário de Instituição",
              "fullTitle": "Teste dos menus por usuário INSTITUIÇÃO Menus com usuário de Instituição",
              "timedOut": null,
              "duration": 43333,
              "state": "passed",
              "speed": "slow",
              "pass": true,
              "fail": false,
              "pending": false,
              "context": null,
              "code": "cy.acessa_aprova();\ncy.logar_instituicao();\ncy.seleciona_projSimulado();\ncy.wait(10000);\nexpect(cy.get('.username-wrapper > [fxhide=\"\"]').contains('Olá, Escola Modelo 01')).to.exist;",
              "err": {},
              "uuid": "a3c0e525-a26b-4c6a-b446-eb5560bf172a",
              "parentUUID": "a8e70a87-25a1-4b28-a7e3-3f18f983d3be",
              "isHook": false,
              "skipped": false
            },
            {
              "title": "Acessar Painel",
              "fullTitle": "Teste dos menus por usuário INSTITUIÇÃO Acessar Painel",
              "timedOut": null,
              "duration": 388,
              "state": "passed",
              "speed": "slow",
              "pass": true,
              "fail": false,
              "pending": false,
              "context": null,
              "code": "cy.testa_painel();",
              "err": {},
              "uuid": "e7a4dea5-e9f7-46ee-ad4f-a1005f9eab4d",
              "parentUUID": "a8e70a87-25a1-4b28-a7e3-3f18f983d3be",
              "isHook": false,
              "skipped": false
            },
            {
              "title": "Acessar Simulados",
              "fullTitle": "Teste dos menus por usuário INSTITUIÇÃO Acessar Simulados",
              "timedOut": null,
              "duration": 1920,
              "state": "passed",
              "speed": "slow",
              "pass": true,
              "fail": false,
              "pending": false,
              "context": null,
              "code": "cy.testa_simulados();",
              "err": {},
              "uuid": "7296f192-ccad-455b-a72d-ef7884e151d0",
              "parentUUID": "a8e70a87-25a1-4b28-a7e3-3f18f983d3be",
              "isHook": false,
              "skipped": false
            },
            {
              "title": "Acessar Turmas e Alunos",
              "fullTitle": "Teste dos menus por usuário INSTITUIÇÃO Acessar Turmas e Alunos",
              "timedOut": null,
              "duration": 515,
              "state": "passed",
              "speed": "slow",
              "pass": true,
              "fail": false,
              "pending": false,
              "context": null,
              "code": "cy.testa_turmas();",
              "err": {},
              "uuid": "ec889b63-2f6b-4894-a074-64b1b23c9a9c",
              "parentUUID": "a8e70a87-25a1-4b28-a7e3-3f18f983d3be",
              "isHook": false,
              "skipped": false
            },
            {
              "title": "Acessar Resultados Gerais",
              "fullTitle": "Teste dos menus por usuário INSTITUIÇÃO Acessar Resultados Gerais",
              "timedOut": null,
              "duration": 3593,
              "state": "passed",
              "speed": "slow",
              "pass": true,
              "fail": false,
              "pending": false,
              "context": null,
              "code": "cy.testa_resultados();",
              "err": {},
              "uuid": "43ef55cf-6f51-49fa-807f-ac41e23a344f",
              "parentUUID": "a8e70a87-25a1-4b28-a7e3-3f18f983d3be",
              "isHook": false,
              "skipped": false
            },
            {
              "title": "Acessar Resultados por Habilidade",
              "fullTitle": "Teste dos menus por usuário INSTITUIÇÃO Acessar Resultados por Habilidade",
              "timedOut": null,
              "duration": 710,
              "state": "passed",
              "speed": "slow",
              "pass": true,
              "fail": false,
              "pending": false,
              "context": null,
              "code": "cy.testa_resultados_habilidades();",
              "err": {},
              "uuid": "550be417-b1d8-4fdc-b074-36d0a12400f0",
              "parentUUID": "a8e70a87-25a1-4b28-a7e3-3f18f983d3be",
              "isHook": false,
              "skipped": false
            },
            {
              "title": "Acessar Relatório por Habilidade",
              "fullTitle": "Teste dos menus por usuário INSTITUIÇÃO Acessar Relatório por Habilidade",
              "timedOut": null,
              "duration": 3077,
              "state": "passed",
              "speed": "slow",
              "pass": true,
              "fail": false,
              "pending": false,
              "context": null,
              "code": "cy.testa_relatorio_habilidade();",
              "err": {},
              "uuid": "002ec141-859c-4993-bcc4-8a93d165fd19",
              "parentUUID": "a8e70a87-25a1-4b28-a7e3-3f18f983d3be",
              "isHook": false,
              "skipped": false
            },
            {
              "title": "Acessar Relatório por Aluno",
              "fullTitle": "Teste dos menus por usuário INSTITUIÇÃO Acessar Relatório por Aluno",
              "timedOut": null,
              "duration": 7096,
              "state": "passed",
              "speed": "slow",
              "pass": true,
              "fail": false,
              "pending": false,
              "context": null,
              "code": "cy.testa_relatorio_aluno();",
              "err": {},
              "uuid": "70144f8d-7fa1-49ce-8209-50d3d65282c7",
              "parentUUID": "a8e70a87-25a1-4b28-a7e3-3f18f983d3be",
              "isHook": false,
              "skipped": false
            },
            {
              "title": "Acessar Relatório por Questões Abertas",
              "fullTitle": "Teste dos menus por usuário INSTITUIÇÃO Acessar Relatório por Questões Abertas",
              "timedOut": null,
              "duration": 5508,
              "state": "passed",
              "speed": "slow",
              "pass": true,
              "fail": false,
              "pending": false,
              "context": null,
              "code": "cy.testa_relatorio_questoesAbertas();",
              "err": {},
              "uuid": "1877b17c-9a5c-4d65-bf1f-39068bb674ef",
              "parentUUID": "a8e70a87-25a1-4b28-a7e3-3f18f983d3be",
              "isHook": false,
              "skipped": false
            },
            {
              "title": "Acessar Conteúdo Livros Digitais",
              "fullTitle": "Teste dos menus por usuário INSTITUIÇÃO Acessar Conteúdo Livros Digitais",
              "timedOut": null,
              "duration": 2956,
              "state": "passed",
              "speed": "slow",
              "pass": true,
              "fail": false,
              "pending": false,
              "context": null,
              "code": "cy.testa_conteudo_livrodigital();",
              "err": {},
              "uuid": "ca3279b8-aae5-415c-a67b-da64d4605714",
              "parentUUID": "a8e70a87-25a1-4b28-a7e3-3f18f983d3be",
              "isHook": false,
              "skipped": false
            },
            {
              "title": "Acessar Conteúdo Atv Complementares",
              "fullTitle": "Teste dos menus por usuário INSTITUIÇÃO Acessar Conteúdo Atv Complementares",
              "timedOut": null,
              "duration": 4246,
              "state": "passed",
              "speed": "slow",
              "pass": true,
              "fail": false,
              "pending": false,
              "context": null,
              "code": "cy.testa_conteudo_atvcompl();",
              "err": {},
              "uuid": "57f4968a-44c2-48fc-8ecf-30c26b67370c",
              "parentUUID": "a8e70a87-25a1-4b28-a7e3-3f18f983d3be",
              "isHook": false,
              "skipped": false
            },
            {
              "title": "Acessar Conteúdo FAQ",
              "fullTitle": "Teste dos menus por usuário INSTITUIÇÃO Acessar Conteúdo FAQ",
              "timedOut": null,
              "duration": 926,
              "state": "passed",
              "speed": "slow",
              "pass": true,
              "fail": false,
              "pending": false,
              "context": null,
              "code": "cy.testa_conteudo_ajuda();",
              "err": {},
              "uuid": "8c471306-5f78-4180-85d2-73fce8f84146",
              "parentUUID": "a8e70a87-25a1-4b28-a7e3-3f18f983d3be",
              "isHook": false,
              "skipped": false
            },
            {
              "title": "Acessar Acompanhamento",
              "fullTitle": "Teste dos menus por usuário INSTITUIÇÃO Acessar Acompanhamento",
              "timedOut": null,
              "duration": 40428,
              "state": "passed",
              "speed": "slow",
              "pass": true,
              "fail": false,
              "pending": false,
              "context": null,
              "code": "cy.acessa_aprova();\ncy.logar_instituicao();\ncy.seleciona_projSimulado();\ncy.wait(10000);\ncy.testa_acompanhamento();",
              "err": {},
              "uuid": "185bc719-5f02-4189-92ca-0ecd2f3cc35e",
              "parentUUID": "a8e70a87-25a1-4b28-a7e3-3f18f983d3be",
              "isHook": false,
              "skipped": false
            }
          ],
          "suites": [],
          "passes": [
            "a3c0e525-a26b-4c6a-b446-eb5560bf172a",
            "e7a4dea5-e9f7-46ee-ad4f-a1005f9eab4d",
            "7296f192-ccad-455b-a72d-ef7884e151d0",
            "ec889b63-2f6b-4894-a074-64b1b23c9a9c",
            "43ef55cf-6f51-49fa-807f-ac41e23a344f",
            "550be417-b1d8-4fdc-b074-36d0a12400f0",
            "002ec141-859c-4993-bcc4-8a93d165fd19",
            "70144f8d-7fa1-49ce-8209-50d3d65282c7",
            "1877b17c-9a5c-4d65-bf1f-39068bb674ef",
            "ca3279b8-aae5-415c-a67b-da64d4605714",
            "57f4968a-44c2-48fc-8ecf-30c26b67370c",
            "8c471306-5f78-4180-85d2-73fce8f84146",
            "185bc719-5f02-4189-92ca-0ecd2f3cc35e"
          ],
          "failures": [],
          "pending": [],
          "skipped": [],
          "duration": 114696,
          "root": false,
          "rootEmpty": false,
          "_timeout": 2000
        }
      ],
      "passes": [],
      "failures": [],
      "pending": [],
      "skipped": [],
      "duration": 0,
      "root": true,
      "rootEmpty": true,
      "_timeout": 2000
    }
  ],
  "meta": {
    "mocha": {
      "version": "7.0.1"
    },
    "mochawesome": {
      "options": {
        "quiet": false,
        "reportFilename": "mochawesome",
        "saveHtml": true,
        "saveJson": true,
        "consoleReporter": "spec",
        "useInlineDiffs": false,
        "code": true
      },
      "version": "6.1.1"
    },
    "marge": {
      "options": {
        "reportDir": "cypress/reports/separate-reports",
        "overwrite": false,
        "html": true,
        "json": true
      },
      "version": "5.1.0"
    }
  }
}