{
  "stats": {
    "suites": 1,
    "tests": 14,
    "passes": 14,
    "pending": 0,
    "failures": 0,
    "start": "2020-09-22T21:17:21.544Z",
    "end": "2020-09-22T21:19:29.403Z",
    "duration": 127859,
    "testsRegistered": 14,
    "passPercent": 100,
    "pendingPercent": 0,
    "other": 0,
    "hasOther": false,
    "skipped": 0,
    "hasSkipped": false
  },
  "results": [
    {
      "uuid": "c7eb531e-266f-4619-84bb-5d76859411bc",
      "title": "",
      "fullFile": "cypress/integration/Aprova_Brasil/menu_escola.spec.js",
      "file": "cypress/integration/Aprova_Brasil/menu_escola.spec.js",
      "beforeHooks": [],
      "afterHooks": [],
      "tests": [],
      "suites": [
        {
          "uuid": "12fdad51-2ad2-4bd8-af72-9bc48c54d33f",
          "title": "Acesso aos menus - INSTITUIÇÃO",
          "fullFile": "",
          "file": "",
          "beforeHooks": [],
          "afterHooks": [],
          "tests": [
            {
              "title": "Acesso - Instituição",
              "fullTitle": "Acesso aos menus - INSTITUIÇÃO Acesso - Instituição",
              "timedOut": null,
              "duration": 30196,
              "state": "passed",
              "speed": "slow",
              "pass": true,
              "fail": false,
              "pending": false,
              "context": null,
              "code": "cy.acessa_aprova();\ncy.logar_instituicao();\ncy.seleciona_projSimulado();\ncy.wait(5000);\ncy.verifica_dialog_contato_if();\nexpect(cy.get('.username-wrapper > [fxhide=\"\"]').contains('Olá, Escola Modelo 01')).to.exist;",
              "err": {},
              "uuid": "cbdb117b-408b-48a2-89de-a14c90a02ce1",
              "parentUUID": "12fdad51-2ad2-4bd8-af72-9bc48c54d33f",
              "isHook": false,
              "skipped": false
            },
            {
              "title": "Acessa Painel",
              "fullTitle": "Acesso aos menus - INSTITUIÇÃO Acessa Painel",
              "timedOut": null,
              "duration": 163,
              "state": "passed",
              "speed": "slow",
              "pass": true,
              "fail": false,
              "pending": false,
              "context": null,
              "code": "cy.testa_painel();",
              "err": {},
              "uuid": "c15396c2-1f3b-4471-baa7-15bdfd2e6293",
              "parentUUID": "12fdad51-2ad2-4bd8-af72-9bc48c54d33f",
              "isHook": false,
              "skipped": false
            },
            {
              "title": "Acessa Simulados",
              "fullTitle": "Acesso aos menus - INSTITUIÇÃO Acessa Simulados",
              "timedOut": null,
              "duration": 1153,
              "state": "passed",
              "speed": "slow",
              "pass": true,
              "fail": false,
              "pending": false,
              "context": null,
              "code": "cy.testa_simulados();",
              "err": {},
              "uuid": "02aacdf5-6098-4ede-949c-58649516ddb0",
              "parentUUID": "12fdad51-2ad2-4bd8-af72-9bc48c54d33f",
              "isHook": false,
              "skipped": false
            },
            {
              "title": "Acessa Turmas e Alunos",
              "fullTitle": "Acesso aos menus - INSTITUIÇÃO Acessa Turmas e Alunos",
              "timedOut": null,
              "duration": 496,
              "state": "passed",
              "speed": "slow",
              "pass": true,
              "fail": false,
              "pending": false,
              "context": null,
              "code": "cy.testa_turmas();",
              "err": {},
              "uuid": "64a2dad2-7b1b-4db0-a266-3b3adb6861b2",
              "parentUUID": "12fdad51-2ad2-4bd8-af72-9bc48c54d33f",
              "isHook": false,
              "skipped": false
            },
            {
              "title": "Acessa Resultados Gerais",
              "fullTitle": "Acesso aos menus - INSTITUIÇÃO Acessa Resultados Gerais",
              "timedOut": null,
              "duration": 2358,
              "state": "passed",
              "speed": "slow",
              "pass": true,
              "fail": false,
              "pending": false,
              "context": null,
              "code": "cy.testa_resultados();",
              "err": {},
              "uuid": "53341ddf-020f-48ae-aa58-fb4e16411b4a",
              "parentUUID": "12fdad51-2ad2-4bd8-af72-9bc48c54d33f",
              "isHook": false,
              "skipped": false
            },
            {
              "title": "Acessa Resultados por Habilidade",
              "fullTitle": "Acesso aos menus - INSTITUIÇÃO Acessa Resultados por Habilidade",
              "timedOut": null,
              "duration": 398,
              "state": "passed",
              "speed": "slow",
              "pass": true,
              "fail": false,
              "pending": false,
              "context": null,
              "code": "cy.testa_resultados_habilidades();",
              "err": {},
              "uuid": "aa3097f7-7806-4fd0-8cc1-18d2631ac66d",
              "parentUUID": "12fdad51-2ad2-4bd8-af72-9bc48c54d33f",
              "isHook": false,
              "skipped": false
            },
            {
              "title": "Acessa Relatório por Habilidade",
              "fullTitle": "Acesso aos menus - INSTITUIÇÃO Acessa Relatório por Habilidade",
              "timedOut": null,
              "duration": 5874,
              "state": "passed",
              "speed": "slow",
              "pass": true,
              "fail": false,
              "pending": false,
              "context": null,
              "code": "cy.testa_relatorio_habilidade();",
              "err": {},
              "uuid": "483e442e-b9a3-4f60-9c65-d3c2f184c9c1",
              "parentUUID": "12fdad51-2ad2-4bd8-af72-9bc48c54d33f",
              "isHook": false,
              "skipped": false
            },
            {
              "title": "Acessa Relatório por Aluno",
              "fullTitle": "Acesso aos menus - INSTITUIÇÃO Acessa Relatório por Aluno",
              "timedOut": null,
              "duration": 3964,
              "state": "passed",
              "speed": "slow",
              "pass": true,
              "fail": false,
              "pending": false,
              "context": null,
              "code": "cy.testa_relatorio_aluno();",
              "err": {},
              "uuid": "7c6f6abf-a7f9-4658-a342-b6b7534ee198",
              "parentUUID": "12fdad51-2ad2-4bd8-af72-9bc48c54d33f",
              "isHook": false,
              "skipped": false
            },
            {
              "title": "Acessa Relatório por Questões Abertas",
              "fullTitle": "Acesso aos menus - INSTITUIÇÃO Acessa Relatório por Questões Abertas",
              "timedOut": null,
              "duration": 3835,
              "state": "passed",
              "speed": "slow",
              "pass": true,
              "fail": false,
              "pending": false,
              "context": null,
              "code": "cy.testa_relatorio_questoesAbertas();",
              "err": {},
              "uuid": "63ddb016-134b-44af-8436-e699526a9fb3",
              "parentUUID": "12fdad51-2ad2-4bd8-af72-9bc48c54d33f",
              "isHook": false,
              "skipped": false
            },
            {
              "title": "Acessa Conteúdo Livros Digitais",
              "fullTitle": "Acesso aos menus - INSTITUIÇÃO Acessa Conteúdo Livros Digitais",
              "timedOut": null,
              "duration": 1467,
              "state": "passed",
              "speed": "slow",
              "pass": true,
              "fail": false,
              "pending": false,
              "context": null,
              "code": "cy.testa_conteudo_livrodigital();",
              "err": {},
              "uuid": "6319e2b5-9576-4989-a4f8-91aa5760212b",
              "parentUUID": "12fdad51-2ad2-4bd8-af72-9bc48c54d33f",
              "isHook": false,
              "skipped": false
            },
            {
              "title": "Acessa Conteúdo Atv. Complementares",
              "fullTitle": "Acesso aos menus - INSTITUIÇÃO Acessa Conteúdo Atv. Complementares",
              "timedOut": null,
              "duration": 3528,
              "state": "passed",
              "speed": "slow",
              "pass": true,
              "fail": false,
              "pending": false,
              "context": null,
              "code": "cy.testa_conteudo_atvcompl();",
              "err": {},
              "uuid": "ce31b5f0-7eaf-4c72-9a99-bb24592d86c9",
              "parentUUID": "12fdad51-2ad2-4bd8-af72-9bc48c54d33f",
              "isHook": false,
              "skipped": false
            },
            {
              "title": "Acessa Conteúdo FAQ",
              "fullTitle": "Acesso aos menus - INSTITUIÇÃO Acessa Conteúdo FAQ",
              "timedOut": null,
              "duration": 529,
              "state": "passed",
              "speed": "slow",
              "pass": true,
              "fail": false,
              "pending": false,
              "context": null,
              "code": "cy.testa_conteudo_ajuda();",
              "err": {},
              "uuid": "c02b86ad-7b67-4108-8136-35d010d3b0a4",
              "parentUUID": "12fdad51-2ad2-4bd8-af72-9bc48c54d33f",
              "isHook": false,
              "skipped": false
            },
            {
              "title": "Acessa Acompanhamento",
              "fullTitle": "Acesso aos menus - INSTITUIÇÃO Acessa Acompanhamento",
              "timedOut": null,
              "duration": 31619,
              "state": "passed",
              "speed": "slow",
              "pass": true,
              "fail": false,
              "pending": false,
              "context": null,
              "code": "cy.acessa_aprova();\ncy.logar_instituicao();\ncy.seleciona_projSimulado();\ncy.wait(10000);\ncy.verifica_dialog_contato_if();\ncy.testa_acompanhamento();",
              "err": {},
              "uuid": "1fa8e5fa-2e6f-451f-84c1-226dd105bafe",
              "parentUUID": "12fdad51-2ad2-4bd8-af72-9bc48c54d33f",
              "isHook": false,
              "skipped": false
            },
            {
              "title": "Acessa Inserir Respostas",
              "fullTitle": "Acesso aos menus - INSTITUIÇÃO Acessa Inserir Respostas",
              "timedOut": null,
              "duration": 40243,
              "state": "passed",
              "speed": "slow",
              "pass": true,
              "fail": false,
              "pending": false,
              "context": null,
              "code": "cy.acessa_aprova();\ncy.logar_instituicao();\ncy.seleciona_projSimulado();\ncy.wait(10000);\ncy.verifica_dialog_contato_if();\ncy.testa_inserir_respostas();",
              "err": {},
              "uuid": "e70ae745-e02a-44a2-812d-eb530e1d23f1",
              "parentUUID": "12fdad51-2ad2-4bd8-af72-9bc48c54d33f",
              "isHook": false,
              "skipped": false
            }
          ],
          "suites": [],
          "passes": [
            "cbdb117b-408b-48a2-89de-a14c90a02ce1",
            "c15396c2-1f3b-4471-baa7-15bdfd2e6293",
            "02aacdf5-6098-4ede-949c-58649516ddb0",
            "64a2dad2-7b1b-4db0-a266-3b3adb6861b2",
            "53341ddf-020f-48ae-aa58-fb4e16411b4a",
            "aa3097f7-7806-4fd0-8cc1-18d2631ac66d",
            "483e442e-b9a3-4f60-9c65-d3c2f184c9c1",
            "7c6f6abf-a7f9-4658-a342-b6b7534ee198",
            "63ddb016-134b-44af-8436-e699526a9fb3",
            "6319e2b5-9576-4989-a4f8-91aa5760212b",
            "ce31b5f0-7eaf-4c72-9a99-bb24592d86c9",
            "c02b86ad-7b67-4108-8136-35d010d3b0a4",
            "1fa8e5fa-2e6f-451f-84c1-226dd105bafe",
            "e70ae745-e02a-44a2-812d-eb530e1d23f1"
          ],
          "failures": [],
          "pending": [],
          "skipped": [],
          "duration": 125823,
          "root": false,
          "rootEmpty": false,
          "_timeout": 2000
        }
      ],
      "passes": [],
      "failures": [],
      "pending": [],
      "skipped": [],
      "duration": 0,
      "root": true,
      "rootEmpty": true,
      "_timeout": 2000
    }
  ],
  "meta": {
    "mocha": {
      "version": "7.0.1"
    },
    "mochawesome": {
      "options": {
        "quiet": false,
        "reportFilename": "mochawesome",
        "saveHtml": true,
        "saveJson": true,
        "consoleReporter": "spec",
        "useInlineDiffs": false,
        "code": true
      },
      "version": "6.1.1"
    },
    "marge": {
      "options": {
        "reportDir": "cypress/reports/separate-reports",
        "overwrite": false,
        "html": true,
        "json": true
      },
      "version": "5.1.0"
    }
  }
}