{
  "stats": {
    "suites": 1,
    "tests": 3,
    "passes": 3,
    "pending": 0,
    "failures": 0,
    "start": "2020-09-22T21:12:01.932Z",
    "end": "2020-09-22T21:12:28.498Z",
    "duration": 26566,
    "testsRegistered": 3,
    "passPercent": 100,
    "pendingPercent": 0,
    "other": 0,
    "hasOther": false,
    "skipped": 0,
    "hasSkipped": false
  },
  "results": [
    {
      "uuid": "84459291-92d4-4466-b23e-25f0fd300121",
      "title": "",
      "fullFile": "cypress/integration/Aprova_Brasil/menu_conteudo.spec.js",
      "file": "cypress/integration/Aprova_Brasil/menu_conteudo.spec.js",
      "beforeHooks": [],
      "afterHooks": [],
      "tests": [],
      "suites": [
        {
          "uuid": "ac0d7a22-3377-46b5-b027-2b23bc37c435",
          "title": "Menus - CONTEÚDO",
          "fullFile": "",
          "file": "",
          "beforeHooks": [],
          "afterHooks": [],
          "tests": [
            {
              "title": "Menus - Instituição CONTEÚDO",
              "fullTitle": "Menus - CONTEÚDO Menus - Instituição CONTEÚDO",
              "timedOut": null,
              "duration": 21655,
              "state": "passed",
              "speed": "slow",
              "pass": true,
              "fail": false,
              "pending": false,
              "context": null,
              "code": "cy.acessa_aprova();\ncy.logar_conteudo(); // cy.seleciona_projSimulado()\n//cy.pular_cadastro();\n// cy.wait(10000)\n// cy.get('body').then((body) => {\n//     if (body.find('label:contains(CANCELAR)')){\n//             cy.get('.btn-cancelar').click()            \n//     } else {\n//         cy.get('.page-header-title').should('be.visible')\n//     }\n// })\ncy.verifica_dialog_contato_if();\nexpect(cy.get('.username-wrapper > [fxhide=\"\"]').contains('Olá, ABAETE')).to.exist;",
              "err": {},
              "uuid": "164f8562-bd8b-404b-aa60-aed9a529d7b5",
              "parentUUID": "ac0d7a22-3377-46b5-b027-2b23bc37c435",
              "isHook": false,
              "skipped": false
            },
            {
              "title": "Acessa Conteúdo Livros Digitais",
              "fullTitle": "Menus - CONTEÚDO Acessa Conteúdo Livros Digitais",
              "timedOut": null,
              "duration": 352,
              "state": "passed",
              "speed": "slow",
              "pass": true,
              "fail": false,
              "pending": false,
              "context": null,
              "code": "cy.testa_conteudo_livrodigital();",
              "err": {},
              "uuid": "d0861933-e4aa-4353-a7f2-16baf1d64d21",
              "parentUUID": "ac0d7a22-3377-46b5-b027-2b23bc37c435",
              "isHook": false,
              "skipped": false
            },
            {
              "title": "Acessa Conteúdo Atv. Complementares",
              "fullTitle": "Menus - CONTEÚDO Acessa Conteúdo Atv. Complementares",
              "timedOut": null,
              "duration": 2503,
              "state": "passed",
              "speed": "slow",
              "pass": true,
              "fail": false,
              "pending": false,
              "context": null,
              "code": "cy.testa_projConteudo_atvComplementar();",
              "err": {},
              "uuid": "9ef00ec6-90a7-4570-a0a0-988bab61c4bf",
              "parentUUID": "ac0d7a22-3377-46b5-b027-2b23bc37c435",
              "isHook": false,
              "skipped": false
            }
          ],
          "suites": [],
          "passes": [
            "164f8562-bd8b-404b-aa60-aed9a529d7b5",
            "d0861933-e4aa-4353-a7f2-16baf1d64d21",
            "9ef00ec6-90a7-4570-a0a0-988bab61c4bf"
          ],
          "failures": [],
          "pending": [],
          "skipped": [],
          "duration": 24510,
          "root": false,
          "rootEmpty": false,
          "_timeout": 2000
        }
      ],
      "passes": [],
      "failures": [],
      "pending": [],
      "skipped": [],
      "duration": 0,
      "root": true,
      "rootEmpty": true,
      "_timeout": 2000
    }
  ],
  "meta": {
    "mocha": {
      "version": "7.0.1"
    },
    "mochawesome": {
      "options": {
        "quiet": false,
        "reportFilename": "mochawesome",
        "saveHtml": true,
        "saveJson": true,
        "consoleReporter": "spec",
        "useInlineDiffs": false,
        "code": true
      },
      "version": "6.1.1"
    },
    "marge": {
      "options": {
        "reportDir": "cypress/reports/separate-reports",
        "overwrite": false,
        "html": true,
        "json": true
      },
      "version": "5.1.0"
    }
  }
}