{
  "stats": {
    "suites": 1,
    "tests": 4,
    "passes": 4,
    "pending": 0,
    "failures": 0,
    "start": "2020-06-23T21:05:20.703Z",
    "end": "2020-06-23T21:06:36.581Z",
    "duration": 75878,
    "testsRegistered": 4,
    "passPercent": 100,
    "pendingPercent": 0,
    "other": 0,
    "hasOther": false,
    "skipped": 0,
    "hasSkipped": false
  },
  "results": [
    {
      "uuid": "8328b068-4792-44c6-8406-52c720471e0b",
      "title": "",
      "fullFile": "cypress/integration/Aprova_cyp/login_invalido.spec.js",
      "file": "cypress/integration/Aprova_cyp/login_invalido.spec.js",
      "beforeHooks": [],
      "afterHooks": [],
      "tests": [],
      "suites": [
        {
          "uuid": "47ef31fa-0b0a-474e-932e-5cb76213d7ff",
          "title": "Teste cases de login invalido",
          "fullFile": "",
          "file": "",
          "beforeHooks": [],
          "afterHooks": [],
          "tests": [
            {
              "title": "Logar com Usuário e Senha incorretos",
              "fullTitle": "Teste cases de login invalido Logar com Usuário e Senha incorretos",
              "timedOut": null,
              "duration": 26912,
              "state": "passed",
              "speed": "slow",
              "pass": true,
              "fail": false,
              "pending": false,
              "context": null,
              "code": "cy.visit('http://aprovabrasil-hmg.azurewebsites.net'); //cy.viewport(1366, 768)\ncy.get('.btn').click();\ncy.get('#mat-input-0').type('dema1');\ncy.get('#mat-input-1').type('dea1');\ncy.server();\ncy.route('POST', '**/api/v1/usuarios/login').as('postV1');\ncy.get('.submit-button').click();\ncy.wait('@postV1').then(function (xhr) {\n  expect(xhr.status).be.eq(400);\n}); // VERIFICA MENSAGEM DE ERRO\nif (cy.get('.mat-simple-snackbar').contains('Usuário ou senha não coincidem com um usuário válido ou sua conta foi bloqueada!')) {\n  // CONFIRMA MSG DE ERRO -> CLICA BOTÃO 'OK'\n  cy.get('.mat-simple-snackbar-action > .ng-tns-c22-8').click();\n}",
              "err": {},
              "uuid": "204d3a7d-7b60-4bc1-b56f-2cd411a7fd74",
              "parentUUID": "47ef31fa-0b0a-474e-932e-5cb76213d7ff",
              "isHook": false,
              "skipped": false
            },
            {
              "title": "Logar com Usuário vazio e Senha incorreta",
              "fullTitle": "Teste cases de login invalido Logar com Usuário vazio e Senha incorreta",
              "timedOut": null,
              "duration": 16378,
              "state": "passed",
              "speed": "slow",
              "pass": true,
              "fail": false,
              "pending": false,
              "context": null,
              "code": "cy.visit('http://aprovabrasil-hmg.azurewebsites.net'); //cy.viewport(1366, 768)\ncy.get('.btn').click();\ncy.get('#mat-input-0').should('have.value', '');\ncy.get('#mat-input-1').type('dea1');\ncy.get('.submit-button').should('be.disabled');",
              "err": {},
              "uuid": "5e32d38b-4ed8-463c-b290-e82b316ea577",
              "parentUUID": "47ef31fa-0b0a-474e-932e-5cb76213d7ff",
              "isHook": false,
              "skipped": false
            },
            {
              "title": "Logar com Usuário e Senha vazios",
              "fullTitle": "Teste cases de login invalido Logar com Usuário e Senha vazios",
              "timedOut": null,
              "duration": 7107,
              "state": "passed",
              "speed": "slow",
              "pass": true,
              "fail": false,
              "pending": false,
              "context": null,
              "code": "cy.visit('http://aprovabrasil-hmg.azurewebsites.net'); //cy.viewport(1366, 768)\ncy.get('.btn').click();\ncy.get('#mat-input-0').should('have.value', '');\ncy.get('#mat-input-1').should('have.value', '');\ncy.get('.submit-button').should('be.disabled');",
              "err": {},
              "uuid": "d0472797-b069-4d78-b196-ce2b3d75598f",
              "parentUUID": "47ef31fa-0b0a-474e-932e-5cb76213d7ff",
              "isHook": false,
              "skipped": false
            },
            {
              "title": "Logar com Usuário incorreto e Senha correta",
              "fullTitle": "Teste cases de login invalido Logar com Usuário incorreto e Senha correta",
              "timedOut": null,
              "duration": 23756,
              "state": "passed",
              "speed": "slow",
              "pass": true,
              "fail": false,
              "pending": false,
              "context": null,
              "code": "cy.visit('http://aprovabrasil-hmg.azurewebsites.net'); //cy.viewport(1366, 768)\ncy.get('.btn').click();\ncy.get('#mat-input-0').type('dema1');\ncy.get('#mat-input-1').type('deo1');\ncy.server();\ncy.route('POST', '**/api/v1/usuarios/login').as('postV1');\ncy.get('.submit-button').click();\ncy.wait('@postV1').then(function (xhr) {\n  expect(xhr.status).be.eq(400); // VERIFICA MENSAGEM DE ERRO\n  if (cy.get('.mat-simple-snackbar').contains('Usuário ou senha não coincidem com um usuário válido ou sua conta foi bloqueada!')) {\n    // CONFIRMA MSG DE ERRO -> CLICA BOTÃO 'OK'\n    cy.get('.mat-simple-snackbar-action > .ng-tns-c22-8').click();\n  }\n});\nit('Logar com Usuário correto e Senha incorreta', function () {\n  cy.visit('http://aprovabrasil-hmg.azurewebsites.net'); //cy.viewport(1366, 768)\n  cy.get('.btn').click();\n  cy.get('#mat-input-0').type('demo1');\n  cy.get('#mat-input-1').type('dea1');\n  cy.server();\n  cy.route('POST', '**/api/v1/usuarios/login').as('postV1');\n  cy.get('.submit-button').click();\n  cy.wait('@postV1').then(function (xhr) {\n    expect(xhr.status).be.eq(400);\n  }); // VERIFICA MENSAGEM DE ERRO\n  if (cy.get('.mat-simple-snackbar').contains('Usuário ou senha não coincidem com um usuário válido ou sua conta foi bloqueada!')) {\n    // CONFIRMA MSG DE ERRO -> CLICA BOTÃO 'OK'\n    cy.get('.mat-simple-snackbar-action > .ng-tns-c22-8').click();\n  }\n});",
              "err": {},
              "uuid": "605aa586-7984-4c12-85bf-0d3de0c1e9ef",
              "parentUUID": "47ef31fa-0b0a-474e-932e-5cb76213d7ff",
              "isHook": false,
              "skipped": false
            }
          ],
          "suites": [],
          "passes": [
            "204d3a7d-7b60-4bc1-b56f-2cd411a7fd74",
            "5e32d38b-4ed8-463c-b290-e82b316ea577",
            "d0472797-b069-4d78-b196-ce2b3d75598f",
            "605aa586-7984-4c12-85bf-0d3de0c1e9ef"
          ],
          "failures": [],
          "pending": [],
          "skipped": [],
          "duration": 74153,
          "root": false,
          "rootEmpty": false,
          "_timeout": 2000
        }
      ],
      "passes": [],
      "failures": [],
      "pending": [],
      "skipped": [],
      "duration": 0,
      "root": true,
      "rootEmpty": true,
      "_timeout": 2000
    }
  ],
  "meta": {
    "mocha": {
      "version": "7.0.1"
    },
    "mochawesome": {
      "options": {
        "quiet": false,
        "reportFilename": "mochawesome",
        "saveHtml": true,
        "saveJson": true,
        "consoleReporter": "spec",
        "useInlineDiffs": false,
        "code": true
      },
      "version": "6.1.1"
    },
    "marge": {
      "options": {
        "reportDir": "cypress/reports/separate-reports",
        "overwrite": false,
        "html": true,
        "json": true
      },
      "version": "5.1.0"
    }
  }
}