{
  "stats": {
    "suites": 1,
    "tests": 10,
    "passes": 10,
    "pending": 0,
    "failures": 0,
    "start": "2020-08-25T22:19:48.556Z",
    "end": "2020-08-25T22:21:36.323Z",
    "duration": 107767,
    "testsRegistered": 10,
    "passPercent": 100,
    "pendingPercent": 0,
    "other": 0,
    "hasOther": false,
    "skipped": 0,
    "hasSkipped": false
  },
  "results": [
    {
      "uuid": "13d1b16d-2c9f-4d86-8045-952623722dec",
      "title": "",
      "fullFile": "cypress/integration/Aprova_Brasil/menu_rede.spec.js",
      "file": "cypress/integration/Aprova_Brasil/menu_rede.spec.js",
      "beforeHooks": [],
      "afterHooks": [],
      "tests": [],
      "suites": [
        {
          "uuid": "4c5a7bc6-ff1a-48ef-81f3-c090ba5e0123",
          "title": "Teste dos menus no painel principal por usuário REDE",
          "fullFile": "",
          "file": "",
          "beforeHooks": [],
          "afterHooks": [],
          "tests": [
            {
              "title": "Menus de Rede",
              "fullTitle": "Teste dos menus no painel principal por usuário REDE Menus de Rede",
              "timedOut": null,
              "duration": 41004,
              "state": "passed",
              "speed": "slow",
              "pass": true,
              "fail": false,
              "pending": false,
              "context": null,
              "code": "cy.acessa_aprova();\ncy.logar_rede();\ncy.seleciona_projSimulado();\ncy.wait(10000);\nexpect(cy.get('.username-wrapper > [fxhide=\"\"]').contains('Olá, Rede Demonstração')).to.exist;",
              "err": {},
              "uuid": "c05c5fd6-e464-4007-8318-6955e2b14b25",
              "parentUUID": "4c5a7bc6-ff1a-48ef-81f3-c090ba5e0123",
              "isHook": false,
              "skipped": false
            },
            {
              "title": "Acessar Painel",
              "fullTitle": "Teste dos menus no painel principal por usuário REDE Acessar Painel",
              "timedOut": null,
              "duration": 234,
              "state": "passed",
              "speed": "slow",
              "pass": true,
              "fail": false,
              "pending": false,
              "context": null,
              "code": "cy.testa_painel_rede();",
              "err": {},
              "uuid": "91f68f18-b167-49af-92cc-425b1da12352",
              "parentUUID": "4c5a7bc6-ff1a-48ef-81f3-c090ba5e0123",
              "isHook": false,
              "skipped": false
            },
            {
              "title": "Acessar Resultados Gerais",
              "fullTitle": "Teste dos menus no painel principal por usuário REDE Acessar Resultados Gerais",
              "timedOut": null,
              "duration": 5020,
              "state": "passed",
              "speed": "slow",
              "pass": true,
              "fail": false,
              "pending": false,
              "context": null,
              "code": "cy.testa_resultados();",
              "err": {},
              "uuid": "860480c6-cbb8-40df-9a22-260e854642ec",
              "parentUUID": "4c5a7bc6-ff1a-48ef-81f3-c090ba5e0123",
              "isHook": false,
              "skipped": false
            },
            {
              "title": "Acessar Resultados por Habilidade",
              "fullTitle": "Teste dos menus no painel principal por usuário REDE Acessar Resultados por Habilidade",
              "timedOut": null,
              "duration": 779,
              "state": "passed",
              "speed": "slow",
              "pass": true,
              "fail": false,
              "pending": false,
              "context": null,
              "code": "cy.testa_resultados_habilidades_rede();",
              "err": {},
              "uuid": "5b9acbcf-8376-43c1-9ee3-ad31aa6e61b3",
              "parentUUID": "4c5a7bc6-ff1a-48ef-81f3-c090ba5e0123",
              "isHook": false,
              "skipped": false
            },
            {
              "title": "Acessar Calendário",
              "fullTitle": "Teste dos menus no painel principal por usuário REDE Acessar Calendário",
              "timedOut": null,
              "duration": 811,
              "state": "passed",
              "speed": "slow",
              "pass": true,
              "fail": false,
              "pending": false,
              "context": null,
              "code": "cy.testa_calendario();",
              "err": {},
              "uuid": "aae4eb7f-a72e-4814-ab29-c1a9454b4f7b",
              "parentUUID": "4c5a7bc6-ff1a-48ef-81f3-c090ba5e0123",
              "isHook": false,
              "skipped": false
            },
            {
              "title": "Acessar Relatório por Habilidade",
              "fullTitle": "Teste dos menus no painel principal por usuário REDE Acessar Relatório por Habilidade",
              "timedOut": null,
              "duration": 6162,
              "state": "passed",
              "speed": "slow",
              "pass": true,
              "fail": false,
              "pending": false,
              "context": null,
              "code": "cy.testa_relatorio_habilidade();",
              "err": {},
              "uuid": "038cdab9-0ccf-41ee-8d2f-6ef64292ab3d",
              "parentUUID": "4c5a7bc6-ff1a-48ef-81f3-c090ba5e0123",
              "isHook": false,
              "skipped": false
            },
            {
              "title": "Acessar Relatório por Aluno",
              "fullTitle": "Teste dos menus no painel principal por usuário REDE Acessar Relatório por Aluno",
              "timedOut": null,
              "duration": 4253,
              "state": "passed",
              "speed": "slow",
              "pass": true,
              "fail": false,
              "pending": false,
              "context": null,
              "code": "cy.testa_relatorio_aluno();",
              "err": {},
              "uuid": "1513201d-ca55-4731-8687-f3b1792f6ca4",
              "parentUUID": "4c5a7bc6-ff1a-48ef-81f3-c090ba5e0123",
              "isHook": false,
              "skipped": false
            },
            {
              "title": "Acessar Relatório por Questões Abertas",
              "fullTitle": "Teste dos menus no painel principal por usuário REDE Acessar Relatório por Questões Abertas",
              "timedOut": null,
              "duration": 4523,
              "state": "passed",
              "speed": "slow",
              "pass": true,
              "fail": false,
              "pending": false,
              "context": null,
              "code": "cy.testa_relatorio_questoesAbertas();",
              "err": {},
              "uuid": "4178fd45-07e2-403b-ac0e-f60ee8bd68f7",
              "parentUUID": "4c5a7bc6-ff1a-48ef-81f3-c090ba5e0123",
              "isHook": false,
              "skipped": false
            },
            {
              "title": "Acessar Conteúdo FAQ",
              "fullTitle": "Teste dos menus no painel principal por usuário REDE Acessar Conteúdo FAQ",
              "timedOut": null,
              "duration": 1049,
              "state": "passed",
              "speed": "slow",
              "pass": true,
              "fail": false,
              "pending": false,
              "context": null,
              "code": "cy.testa_conteudo_ajuda();",
              "err": {},
              "uuid": "558a8a2d-9290-4c00-8b93-f6f50ccefe8a",
              "parentUUID": "4c5a7bc6-ff1a-48ef-81f3-c090ba5e0123",
              "isHook": false,
              "skipped": false
            },
            {
              "title": "Acessar Acompanhamento",
              "fullTitle": "Teste dos menus no painel principal por usuário REDE Acessar Acompanhamento",
              "timedOut": null,
              "duration": 41421,
              "state": "passed",
              "speed": "slow",
              "pass": true,
              "fail": false,
              "pending": false,
              "context": null,
              "code": "cy.acessa_aprova();\ncy.logar_rede();\ncy.seleciona_projSimulado();\ncy.wait(10000);\ncy.testa_acompanhamento();",
              "err": {},
              "uuid": "f5a9c487-19ec-4f66-a425-d8166034c10d",
              "parentUUID": "4c5a7bc6-ff1a-48ef-81f3-c090ba5e0123",
              "isHook": false,
              "skipped": false
            }
          ],
          "suites": [],
          "passes": [
            "c05c5fd6-e464-4007-8318-6955e2b14b25",
            "91f68f18-b167-49af-92cc-425b1da12352",
            "860480c6-cbb8-40df-9a22-260e854642ec",
            "5b9acbcf-8376-43c1-9ee3-ad31aa6e61b3",
            "aae4eb7f-a72e-4814-ab29-c1a9454b4f7b",
            "038cdab9-0ccf-41ee-8d2f-6ef64292ab3d",
            "1513201d-ca55-4731-8687-f3b1792f6ca4",
            "4178fd45-07e2-403b-ac0e-f60ee8bd68f7",
            "558a8a2d-9290-4c00-8b93-f6f50ccefe8a",
            "f5a9c487-19ec-4f66-a425-d8166034c10d"
          ],
          "failures": [],
          "pending": [],
          "skipped": [],
          "duration": 105256,
          "root": false,
          "rootEmpty": false,
          "_timeout": 2000
        }
      ],
      "passes": [],
      "failures": [],
      "pending": [],
      "skipped": [],
      "duration": 0,
      "root": true,
      "rootEmpty": true,
      "_timeout": 2000
    }
  ],
  "meta": {
    "mocha": {
      "version": "7.0.1"
    },
    "mochawesome": {
      "options": {
        "quiet": false,
        "reportFilename": "mochawesome",
        "saveHtml": true,
        "saveJson": true,
        "consoleReporter": "spec",
        "useInlineDiffs": false,
        "code": true
      },
      "version": "6.1.1"
    },
    "marge": {
      "options": {
        "reportDir": "cypress/reports/separate-reports",
        "overwrite": false,
        "html": true,
        "json": true
      },
      "version": "5.1.0"
    }
  }
}