{
  "stats": {
    "suites": 1,
    "tests": 10,
    "passes": 10,
    "pending": 0,
    "failures": 0,
    "start": "2020-08-18T21:49:47.208Z",
    "end": "2020-08-18T21:51:47.701Z",
    "duration": 120493,
    "testsRegistered": 10,
    "passPercent": 100,
    "pendingPercent": 0,
    "other": 0,
    "hasOther": false,
    "skipped": 0,
    "hasSkipped": false
  },
  "results": [
    {
      "uuid": "6aa9ee3c-7e41-4a51-ae69-b2a020562247",
      "title": "",
      "fullFile": "cypress/integration/Aprova_Brasil/menu_rede.spec.js",
      "file": "cypress/integration/Aprova_Brasil/menu_rede.spec.js",
      "beforeHooks": [],
      "afterHooks": [],
      "tests": [],
      "suites": [
        {
          "uuid": "9822ebc1-b8b0-4e6e-a26d-b1959fc57f5a",
          "title": "Teste dos menus no painel principal por usuário REDE",
          "fullFile": "",
          "file": "",
          "beforeHooks": [],
          "afterHooks": [],
          "tests": [
            {
              "title": "Menus de Rede",
              "fullTitle": "Teste dos menus no painel principal por usuário REDE Menus de Rede",
              "timedOut": null,
              "duration": 48638,
              "state": "passed",
              "speed": "slow",
              "pass": true,
              "fail": false,
              "pending": false,
              "context": null,
              "code": "cy.acessa_aprova();\ncy.logar_rede();\ncy.seleciona_projSimulado();\ncy.wait(10000);\nexpect(cy.get('.username-wrapper > [fxhide=\"\"]').contains('Olá, Rede Demonstração')).to.exist;",
              "err": {},
              "uuid": "2b54f291-89a9-4ff5-9211-bad47f0d7df7",
              "parentUUID": "9822ebc1-b8b0-4e6e-a26d-b1959fc57f5a",
              "isHook": false,
              "skipped": false
            },
            {
              "title": "Acessar Painel",
              "fullTitle": "Teste dos menus no painel principal por usuário REDE Acessar Painel",
              "timedOut": null,
              "duration": 291,
              "state": "passed",
              "speed": "slow",
              "pass": true,
              "fail": false,
              "pending": false,
              "context": null,
              "code": "cy.testa_painel_rede();",
              "err": {},
              "uuid": "f14242a7-e28f-4911-a885-4a8e2b155d8e",
              "parentUUID": "9822ebc1-b8b0-4e6e-a26d-b1959fc57f5a",
              "isHook": false,
              "skipped": false
            },
            {
              "title": "Acessar Resultados Gerais",
              "fullTitle": "Teste dos menus no painel principal por usuário REDE Acessar Resultados Gerais",
              "timedOut": null,
              "duration": 6194,
              "state": "passed",
              "speed": "slow",
              "pass": true,
              "fail": false,
              "pending": false,
              "context": null,
              "code": "cy.testa_resultados();",
              "err": {},
              "uuid": "d3ad6388-f2f4-4c6d-80aa-570b601c393d",
              "parentUUID": "9822ebc1-b8b0-4e6e-a26d-b1959fc57f5a",
              "isHook": false,
              "skipped": false
            },
            {
              "title": "Acessar Resultados por Habilidade",
              "fullTitle": "Teste dos menus no painel principal por usuário REDE Acessar Resultados por Habilidade",
              "timedOut": null,
              "duration": 976,
              "state": "passed",
              "speed": "slow",
              "pass": true,
              "fail": false,
              "pending": false,
              "context": null,
              "code": "cy.testa_resultados_habilidades_rede();",
              "err": {},
              "uuid": "b0aecab1-448c-4a4f-8f92-ba30bc7f980d",
              "parentUUID": "9822ebc1-b8b0-4e6e-a26d-b1959fc57f5a",
              "isHook": false,
              "skipped": false
            },
            {
              "title": "Acessar Calendário",
              "fullTitle": "Teste dos menus no painel principal por usuário REDE Acessar Calendário",
              "timedOut": null,
              "duration": 931,
              "state": "passed",
              "speed": "slow",
              "pass": true,
              "fail": false,
              "pending": false,
              "context": null,
              "code": "cy.testa_calendario();",
              "err": {},
              "uuid": "178fc392-b201-44fb-b377-1922f3d9ac1f",
              "parentUUID": "9822ebc1-b8b0-4e6e-a26d-b1959fc57f5a",
              "isHook": false,
              "skipped": false
            },
            {
              "title": "Acessar Relatório por Habilidade",
              "fullTitle": "Teste dos menus no painel principal por usuário REDE Acessar Relatório por Habilidade",
              "timedOut": null,
              "duration": 8744,
              "state": "passed",
              "speed": "slow",
              "pass": true,
              "fail": false,
              "pending": false,
              "context": null,
              "code": "cy.testa_relatorio_habilidade();",
              "err": {},
              "uuid": "c22f78d4-c15e-4c53-a804-c5862c5d4a58",
              "parentUUID": "9822ebc1-b8b0-4e6e-a26d-b1959fc57f5a",
              "isHook": false,
              "skipped": false
            },
            {
              "title": "Acessar Relatório por Aluno",
              "fullTitle": "Teste dos menus no painel principal por usuário REDE Acessar Relatório por Aluno",
              "timedOut": null,
              "duration": 4870,
              "state": "passed",
              "speed": "slow",
              "pass": true,
              "fail": false,
              "pending": false,
              "context": null,
              "code": "cy.testa_relatorio_aluno();",
              "err": {},
              "uuid": "3b0daaa2-df2c-4f20-80a5-9cc33b616b0c",
              "parentUUID": "9822ebc1-b8b0-4e6e-a26d-b1959fc57f5a",
              "isHook": false,
              "skipped": false
            },
            {
              "title": "Acessar Relatório por Questões Abertas",
              "fullTitle": "Teste dos menus no painel principal por usuário REDE Acessar Relatório por Questões Abertas",
              "timedOut": null,
              "duration": 4901,
              "state": "passed",
              "speed": "slow",
              "pass": true,
              "fail": false,
              "pending": false,
              "context": null,
              "code": "cy.testa_relatorio_questoesAbertas();",
              "err": {},
              "uuid": "f504efc5-2318-44c1-a588-fd7de2144a9d",
              "parentUUID": "9822ebc1-b8b0-4e6e-a26d-b1959fc57f5a",
              "isHook": false,
              "skipped": false
            },
            {
              "title": "Acessar Conteúdo FAQ",
              "fullTitle": "Teste dos menus no painel principal por usuário REDE Acessar Conteúdo FAQ",
              "timedOut": null,
              "duration": 1292,
              "state": "passed",
              "speed": "slow",
              "pass": true,
              "fail": false,
              "pending": false,
              "context": null,
              "code": "cy.testa_conteudo_ajuda();",
              "err": {},
              "uuid": "e0e0ab4c-aaba-4b88-af09-56076081c025",
              "parentUUID": "9822ebc1-b8b0-4e6e-a26d-b1959fc57f5a",
              "isHook": false,
              "skipped": false
            },
            {
              "title": "Acessar Acompanhamento",
              "fullTitle": "Teste dos menus no painel principal por usuário REDE Acessar Acompanhamento",
              "timedOut": null,
              "duration": 41122,
              "state": "passed",
              "speed": "slow",
              "pass": true,
              "fail": false,
              "pending": false,
              "context": null,
              "code": "cy.acessa_aprova();\ncy.logar_rede();\ncy.seleciona_projSimulado();\ncy.wait(10000);\ncy.testa_acompanhamento();",
              "err": {},
              "uuid": "8301102b-130d-46e3-94cf-5356759bfbae",
              "parentUUID": "9822ebc1-b8b0-4e6e-a26d-b1959fc57f5a",
              "isHook": false,
              "skipped": false
            }
          ],
          "suites": [],
          "passes": [
            "2b54f291-89a9-4ff5-9211-bad47f0d7df7",
            "f14242a7-e28f-4911-a885-4a8e2b155d8e",
            "d3ad6388-f2f4-4c6d-80aa-570b601c393d",
            "b0aecab1-448c-4a4f-8f92-ba30bc7f980d",
            "178fc392-b201-44fb-b377-1922f3d9ac1f",
            "c22f78d4-c15e-4c53-a804-c5862c5d4a58",
            "3b0daaa2-df2c-4f20-80a5-9cc33b616b0c",
            "f504efc5-2318-44c1-a588-fd7de2144a9d",
            "e0e0ab4c-aaba-4b88-af09-56076081c025",
            "8301102b-130d-46e3-94cf-5356759bfbae"
          ],
          "failures": [],
          "pending": [],
          "skipped": [],
          "duration": 117959,
          "root": false,
          "rootEmpty": false,
          "_timeout": 2000
        }
      ],
      "passes": [],
      "failures": [],
      "pending": [],
      "skipped": [],
      "duration": 0,
      "root": true,
      "rootEmpty": true,
      "_timeout": 2000
    }
  ],
  "meta": {
    "mocha": {
      "version": "7.0.1"
    },
    "mochawesome": {
      "options": {
        "quiet": false,
        "reportFilename": "mochawesome",
        "saveHtml": true,
        "saveJson": true,
        "consoleReporter": "spec",
        "useInlineDiffs": false,
        "code": true
      },
      "version": "6.1.1"
    },
    "marge": {
      "options": {
        "reportDir": "cypress/reports/separate-reports",
        "overwrite": false,
        "html": true,
        "json": true
      },
      "version": "5.1.0"
    }
  }
}