{
  "stats": {
    "suites": 1,
    "tests": 12,
    "passes": 12,
    "pending": 0,
    "failures": 0,
    "start": "2020-06-26T00:31:32.129Z",
    "end": "2020-06-26T00:33:06.403Z",
    "duration": 94274,
    "testsRegistered": 12,
    "passPercent": 100,
    "pendingPercent": 0,
    "other": 0,
    "hasOther": false,
    "skipped": 0,
    "hasSkipped": false
  },
  "results": [
    {
      "uuid": "9383b4cc-6245-4ba7-a7fa-c55c6c0c266a",
      "title": "",
      "fullFile": "cypress/integration/Aprova_Brasil/menu_professor.spec.js",
      "file": "cypress/integration/Aprova_Brasil/menu_professor.spec.js",
      "beforeHooks": [],
      "afterHooks": [],
      "tests": [],
      "suites": [
        {
          "uuid": "50e02a0d-6b11-4be7-8f17-03e328f94ae2",
          "title": "Teste dos menus por usuário PROFESSOR",
          "fullFile": "",
          "file": "",
          "beforeHooks": [],
          "afterHooks": [],
          "tests": [
            {
              "title": "Menus com usuário de Professor",
              "fullTitle": "Teste dos menus por usuário PROFESSOR Menus com usuário de Professor",
              "timedOut": null,
              "duration": 34091,
              "state": "passed",
              "speed": "slow",
              "pass": true,
              "fail": false,
              "pending": false,
              "context": null,
              "code": "cy.acessa_aprova();\ncy.logar_professor(); //cy.seleciona_projSimulado()\ncy.get('.lista-projetos-dialog > :nth-child(3)').click();\ncy.get('.btn-projeto-dialog > .btn').click();\ncy.wait(10000);\nexpect(cy.get('.username-wrapper > [fxhide=\"\"]').contains('Olá, Professor EF1')).to.exist;",
              "err": {},
              "uuid": "c5beeef2-e7b1-4d8a-9fa7-22d64c16c712",
              "parentUUID": "50e02a0d-6b11-4be7-8f17-03e328f94ae2",
              "isHook": false,
              "skipped": false
            },
            {
              "title": "Acessar Painel",
              "fullTitle": "Teste dos menus por usuário PROFESSOR Acessar Painel",
              "timedOut": null,
              "duration": 299,
              "state": "passed",
              "speed": "slow",
              "pass": true,
              "fail": false,
              "pending": false,
              "context": null,
              "code": "cy.testa_painel();",
              "err": {},
              "uuid": "d7a1730d-4b83-44f0-9480-4aabf26633df",
              "parentUUID": "50e02a0d-6b11-4be7-8f17-03e328f94ae2",
              "isHook": false,
              "skipped": false
            },
            {
              "title": "Acessar Simulados",
              "fullTitle": "Teste dos menus por usuário PROFESSOR Acessar Simulados",
              "timedOut": null,
              "duration": 985,
              "state": "passed",
              "speed": "slow",
              "pass": true,
              "fail": false,
              "pending": false,
              "context": null,
              "code": "cy.testa_simulados();",
              "err": {},
              "uuid": "358cce01-0eec-439d-bd43-7aed40263556",
              "parentUUID": "50e02a0d-6b11-4be7-8f17-03e328f94ae2",
              "isHook": false,
              "skipped": false
            },
            {
              "title": "Acessar Resultados Gerais",
              "fullTitle": "Teste dos menus por usuário PROFESSOR Acessar Resultados Gerais",
              "timedOut": null,
              "duration": 2612,
              "state": "passed",
              "speed": "slow",
              "pass": true,
              "fail": false,
              "pending": false,
              "context": null,
              "code": "cy.testa_resultados();",
              "err": {},
              "uuid": "8540ade4-6cb4-4910-9e70-8dcbe4e2a11d",
              "parentUUID": "50e02a0d-6b11-4be7-8f17-03e328f94ae2",
              "isHook": false,
              "skipped": false
            },
            {
              "title": "Acessar Resultados por Habilidade",
              "fullTitle": "Teste dos menus por usuário PROFESSOR Acessar Resultados por Habilidade",
              "timedOut": null,
              "duration": 741,
              "state": "passed",
              "speed": "slow",
              "pass": true,
              "fail": false,
              "pending": false,
              "context": null,
              "code": "cy.testa_resultados_habilidades_rede();",
              "err": {},
              "uuid": "1286325c-b6fe-46c9-af16-fbfa06db239e",
              "parentUUID": "50e02a0d-6b11-4be7-8f17-03e328f94ae2",
              "isHook": false,
              "skipped": false
            },
            {
              "title": "Acessar Relatório por Habilidade",
              "fullTitle": "Teste dos menus por usuário PROFESSOR Acessar Relatório por Habilidade",
              "timedOut": null,
              "duration": 5435,
              "state": "passed",
              "speed": "slow",
              "pass": true,
              "fail": false,
              "pending": false,
              "context": null,
              "code": "cy.testa_relatorio_habilidade3();",
              "err": {},
              "uuid": "71440b2f-f7e4-46ee-8fc2-70e792db7b2b",
              "parentUUID": "50e02a0d-6b11-4be7-8f17-03e328f94ae2",
              "isHook": false,
              "skipped": false
            },
            {
              "title": "Acessar Relatório por Aluno",
              "fullTitle": "Teste dos menus por usuário PROFESSOR Acessar Relatório por Aluno",
              "timedOut": null,
              "duration": 4283,
              "state": "passed",
              "speed": "slow",
              "pass": true,
              "fail": false,
              "pending": false,
              "context": null,
              "code": "cy.testa_relatorio_aluno3();",
              "err": {},
              "uuid": "4cdb097e-96b6-4b3d-b0e6-9791f05e63f8",
              "parentUUID": "50e02a0d-6b11-4be7-8f17-03e328f94ae2",
              "isHook": false,
              "skipped": false
            },
            {
              "title": "Acessar Relatório por Questões Abertas",
              "fullTitle": "Teste dos menus por usuário PROFESSOR Acessar Relatório por Questões Abertas",
              "timedOut": null,
              "duration": 4412,
              "state": "passed",
              "speed": "slow",
              "pass": true,
              "fail": false,
              "pending": false,
              "context": null,
              "code": "cy.testa_relatorio_questoesAbertas3();",
              "err": {},
              "uuid": "0c99bfd9-09d2-481a-adc6-6a58e9dde5dc",
              "parentUUID": "50e02a0d-6b11-4be7-8f17-03e328f94ae2",
              "isHook": false,
              "skipped": false
            },
            {
              "title": "Acessar Conteúdo Livros Digitais",
              "fullTitle": "Teste dos menus por usuário PROFESSOR Acessar Conteúdo Livros Digitais",
              "timedOut": null,
              "duration": 2029,
              "state": "passed",
              "speed": "slow",
              "pass": true,
              "fail": false,
              "pending": false,
              "context": null,
              "code": "cy.testa_conteudo_livrodigital();",
              "err": {},
              "uuid": "6aaf2c32-c25b-4a2f-990d-b7ce8d33e0ae",
              "parentUUID": "50e02a0d-6b11-4be7-8f17-03e328f94ae2",
              "isHook": false,
              "skipped": false
            },
            {
              "title": "Acessar Conteúdo Atv Complementares",
              "fullTitle": "Teste dos menus por usuário PROFESSOR Acessar Conteúdo Atv Complementares",
              "timedOut": null,
              "duration": 6061,
              "state": "passed",
              "speed": "slow",
              "pass": true,
              "fail": false,
              "pending": false,
              "context": null,
              "code": "cy.testa_projConteudo_atvComplementar3();",
              "err": {},
              "uuid": "97b8a093-6e77-48dd-90c1-329e1b86cc55",
              "parentUUID": "50e02a0d-6b11-4be7-8f17-03e328f94ae2",
              "isHook": false,
              "skipped": false
            },
            {
              "title": "Acessar Conteúdo FAQ",
              "fullTitle": "Teste dos menus por usuário PROFESSOR Acessar Conteúdo FAQ",
              "timedOut": null,
              "duration": 875,
              "state": "passed",
              "speed": "slow",
              "pass": true,
              "fail": false,
              "pending": false,
              "context": null,
              "code": "cy.testa_conteudo_ajuda();",
              "err": {},
              "uuid": "1ecf3dc4-d693-4ab1-b2c0-721aa99ef7e8",
              "parentUUID": "50e02a0d-6b11-4be7-8f17-03e328f94ae2",
              "isHook": false,
              "skipped": false
            },
            {
              "title": "Acessar Acompanhamento",
              "fullTitle": "Teste dos menus por usuário PROFESSOR Acessar Acompanhamento",
              "timedOut": null,
              "duration": 30041,
              "state": "passed",
              "speed": "slow",
              "pass": true,
              "fail": false,
              "pending": false,
              "context": null,
              "code": "cy.acessa_aprova();\ncy.logar_professor();\ncy.get('.lista-projetos-dialog > :nth-child(3)').click();\ncy.get('.btn-projeto-dialog > .btn').click();\ncy.wait(10000);\ncy.testa_acompanhamento();",
              "err": {},
              "uuid": "f2d64517-8335-4b30-b1e6-0baed548f6b6",
              "parentUUID": "50e02a0d-6b11-4be7-8f17-03e328f94ae2",
              "isHook": false,
              "skipped": false
            }
          ],
          "suites": [],
          "passes": [
            "c5beeef2-e7b1-4d8a-9fa7-22d64c16c712",
            "d7a1730d-4b83-44f0-9480-4aabf26633df",
            "358cce01-0eec-439d-bd43-7aed40263556",
            "8540ade4-6cb4-4910-9e70-8dcbe4e2a11d",
            "1286325c-b6fe-46c9-af16-fbfa06db239e",
            "71440b2f-f7e4-46ee-8fc2-70e792db7b2b",
            "4cdb097e-96b6-4b3d-b0e6-9791f05e63f8",
            "0c99bfd9-09d2-481a-adc6-6a58e9dde5dc",
            "6aaf2c32-c25b-4a2f-990d-b7ce8d33e0ae",
            "97b8a093-6e77-48dd-90c1-329e1b86cc55",
            "1ecf3dc4-d693-4ab1-b2c0-721aa99ef7e8",
            "f2d64517-8335-4b30-b1e6-0baed548f6b6"
          ],
          "failures": [],
          "pending": [],
          "skipped": [],
          "duration": 91864,
          "root": false,
          "rootEmpty": false,
          "_timeout": 2000
        }
      ],
      "passes": [],
      "failures": [],
      "pending": [],
      "skipped": [],
      "duration": 0,
      "root": true,
      "rootEmpty": true,
      "_timeout": 2000
    }
  ],
  "meta": {
    "mocha": {
      "version": "7.0.1"
    },
    "mochawesome": {
      "options": {
        "quiet": false,
        "reportFilename": "mochawesome",
        "saveHtml": true,
        "saveJson": true,
        "consoleReporter": "spec",
        "useInlineDiffs": false,
        "code": true
      },
      "version": "6.1.1"
    },
    "marge": {
      "options": {
        "reportDir": "cypress/reports/separate-reports",
        "overwrite": false,
        "html": true,
        "json": true
      },
      "version": "5.1.0"
    }
  }
}