{
  "stats": {
    "suites": 1,
    "tests": 14,
    "passes": 14,
    "pending": 0,
    "failures": 0,
    "start": "2020-09-22T21:51:54.976Z",
    "end": "2020-09-22T21:54:07.184Z",
    "duration": 132208,
    "testsRegistered": 14,
    "passPercent": 100,
    "pendingPercent": 0,
    "other": 0,
    "hasOther": false,
    "skipped": 0,
    "hasSkipped": false
  },
  "results": [
    {
      "uuid": "614c3bf0-e3df-4753-9b41-d22f809caa60",
      "title": "",
      "fullFile": "cypress/integration/Aprova_Brasil/menu_escola.spec.js",
      "file": "cypress/integration/Aprova_Brasil/menu_escola.spec.js",
      "beforeHooks": [],
      "afterHooks": [],
      "tests": [],
      "suites": [
        {
          "uuid": "75a7a633-20b9-4fe3-98b7-a64a6da209cf",
          "title": "Acesso aos menus - INSTITUIÇÃO",
          "fullFile": "",
          "file": "",
          "beforeHooks": [],
          "afterHooks": [],
          "tests": [
            {
              "title": "Acesso - Instituição",
              "fullTitle": "Acesso aos menus - INSTITUIÇÃO Acesso - Instituição",
              "timedOut": null,
              "duration": 33626,
              "state": "passed",
              "speed": "slow",
              "pass": true,
              "fail": false,
              "pending": false,
              "context": null,
              "code": "cy.acessa_aprova();\ncy.logar_instituicao();\ncy.seleciona_projSimulado();\ncy.wait(5000);\ncy.verifica_dialog_contato_if();\nexpect(cy.get('.username-wrapper > [fxhide=\"\"]').contains('Olá, Escola Modelo 01')).to.exist;",
              "err": {},
              "uuid": "b287f037-4179-470a-b40c-9674a750ad35",
              "parentUUID": "75a7a633-20b9-4fe3-98b7-a64a6da209cf",
              "isHook": false,
              "skipped": false
            },
            {
              "title": "Acessa Painel",
              "fullTitle": "Acesso aos menus - INSTITUIÇÃO Acessa Painel",
              "timedOut": null,
              "duration": 164,
              "state": "passed",
              "speed": "slow",
              "pass": true,
              "fail": false,
              "pending": false,
              "context": null,
              "code": "cy.testa_painel();",
              "err": {},
              "uuid": "1a23fab4-025c-44b7-b0c0-60d984b1908f",
              "parentUUID": "75a7a633-20b9-4fe3-98b7-a64a6da209cf",
              "isHook": false,
              "skipped": false
            },
            {
              "title": "Acessa Simulados",
              "fullTitle": "Acesso aos menus - INSTITUIÇÃO Acessa Simulados",
              "timedOut": null,
              "duration": 1759,
              "state": "passed",
              "speed": "slow",
              "pass": true,
              "fail": false,
              "pending": false,
              "context": null,
              "code": "cy.testa_simulados();",
              "err": {},
              "uuid": "7d337ff4-51ca-4e0c-9eba-2e0ac8fe814a",
              "parentUUID": "75a7a633-20b9-4fe3-98b7-a64a6da209cf",
              "isHook": false,
              "skipped": false
            },
            {
              "title": "Acessa Turmas e Alunos",
              "fullTitle": "Acesso aos menus - INSTITUIÇÃO Acessa Turmas e Alunos",
              "timedOut": null,
              "duration": 472,
              "state": "passed",
              "speed": "slow",
              "pass": true,
              "fail": false,
              "pending": false,
              "context": null,
              "code": "cy.testa_turmas();",
              "err": {},
              "uuid": "6ef45465-32f7-4a7d-a29f-cffc8a4a9b23",
              "parentUUID": "75a7a633-20b9-4fe3-98b7-a64a6da209cf",
              "isHook": false,
              "skipped": false
            },
            {
              "title": "Acessa Resultados Gerais",
              "fullTitle": "Acesso aos menus - INSTITUIÇÃO Acessa Resultados Gerais",
              "timedOut": null,
              "duration": 3382,
              "state": "passed",
              "speed": "slow",
              "pass": true,
              "fail": false,
              "pending": false,
              "context": null,
              "code": "cy.testa_resultados();",
              "err": {},
              "uuid": "67a20a7d-fa4d-41f8-82bb-dfc2f095c25d",
              "parentUUID": "75a7a633-20b9-4fe3-98b7-a64a6da209cf",
              "isHook": false,
              "skipped": false
            },
            {
              "title": "Acessa Resultados por Habilidade",
              "fullTitle": "Acesso aos menus - INSTITUIÇÃO Acessa Resultados por Habilidade",
              "timedOut": null,
              "duration": 408,
              "state": "passed",
              "speed": "slow",
              "pass": true,
              "fail": false,
              "pending": false,
              "context": null,
              "code": "cy.testa_resultados_habilidades();",
              "err": {},
              "uuid": "555a34ad-9eee-437b-9265-0dde338ee4cc",
              "parentUUID": "75a7a633-20b9-4fe3-98b7-a64a6da209cf",
              "isHook": false,
              "skipped": false
            },
            {
              "title": "Acessa Relatório por Habilidade",
              "fullTitle": "Acesso aos menus - INSTITUIÇÃO Acessa Relatório por Habilidade",
              "timedOut": null,
              "duration": 5900,
              "state": "passed",
              "speed": "slow",
              "pass": true,
              "fail": false,
              "pending": false,
              "context": null,
              "code": "cy.testa_relatorio_habilidade();",
              "err": {},
              "uuid": "4087ec15-88ec-44e3-bcd5-af05e1d3a903",
              "parentUUID": "75a7a633-20b9-4fe3-98b7-a64a6da209cf",
              "isHook": false,
              "skipped": false
            },
            {
              "title": "Acessa Relatório por Aluno",
              "fullTitle": "Acesso aos menus - INSTITUIÇÃO Acessa Relatório por Aluno",
              "timedOut": null,
              "duration": 3830,
              "state": "passed",
              "speed": "slow",
              "pass": true,
              "fail": false,
              "pending": false,
              "context": null,
              "code": "cy.testa_relatorio_aluno();",
              "err": {},
              "uuid": "9900589d-837c-4648-8e32-a0c121ebb9bb",
              "parentUUID": "75a7a633-20b9-4fe3-98b7-a64a6da209cf",
              "isHook": false,
              "skipped": false
            },
            {
              "title": "Acessa Relatório por Questões Abertas",
              "fullTitle": "Acesso aos menus - INSTITUIÇÃO Acessa Relatório por Questões Abertas",
              "timedOut": null,
              "duration": 3759,
              "state": "passed",
              "speed": "slow",
              "pass": true,
              "fail": false,
              "pending": false,
              "context": null,
              "code": "cy.testa_relatorio_questoesAbertas();",
              "err": {},
              "uuid": "9b67b468-112e-4f50-8051-90aae63daefa",
              "parentUUID": "75a7a633-20b9-4fe3-98b7-a64a6da209cf",
              "isHook": false,
              "skipped": false
            },
            {
              "title": "Acessa Conteúdo Livros Digitais",
              "fullTitle": "Acesso aos menus - INSTITUIÇÃO Acessa Conteúdo Livros Digitais",
              "timedOut": null,
              "duration": 1424,
              "state": "passed",
              "speed": "slow",
              "pass": true,
              "fail": false,
              "pending": false,
              "context": null,
              "code": "cy.testa_conteudo_livrodigital();",
              "err": {},
              "uuid": "2008fc70-d6d0-4bc8-b1e3-bbc23a73159f",
              "parentUUID": "75a7a633-20b9-4fe3-98b7-a64a6da209cf",
              "isHook": false,
              "skipped": false
            },
            {
              "title": "Acessa Conteúdo Atv. Complementares",
              "fullTitle": "Acesso aos menus - INSTITUIÇÃO Acessa Conteúdo Atv. Complementares",
              "timedOut": null,
              "duration": 3376,
              "state": "passed",
              "speed": "slow",
              "pass": true,
              "fail": false,
              "pending": false,
              "context": null,
              "code": "cy.testa_conteudo_atvcompl();",
              "err": {},
              "uuid": "fbd83830-3f9b-4bfe-a335-7c01cd1752df",
              "parentUUID": "75a7a633-20b9-4fe3-98b7-a64a6da209cf",
              "isHook": false,
              "skipped": false
            },
            {
              "title": "Acessa Conteúdo FAQ",
              "fullTitle": "Acesso aos menus - INSTITUIÇÃO Acessa Conteúdo FAQ",
              "timedOut": null,
              "duration": 544,
              "state": "passed",
              "speed": "slow",
              "pass": true,
              "fail": false,
              "pending": false,
              "context": null,
              "code": "cy.testa_conteudo_ajuda();",
              "err": {},
              "uuid": "bef81139-1cf8-4d37-ad77-5840a305ff75",
              "parentUUID": "75a7a633-20b9-4fe3-98b7-a64a6da209cf",
              "isHook": false,
              "skipped": false
            },
            {
              "title": "Acessa Acompanhamento",
              "fullTitle": "Acesso aos menus - INSTITUIÇÃO Acessa Acompanhamento",
              "timedOut": null,
              "duration": 31251,
              "state": "passed",
              "speed": "slow",
              "pass": true,
              "fail": false,
              "pending": false,
              "context": null,
              "code": "cy.acessa_aprova();\ncy.logar_instituicao();\ncy.seleciona_projSimulado();\ncy.wait(10000);\ncy.verifica_dialog_contato_if();\ncy.testa_acompanhamento();",
              "err": {},
              "uuid": "106a2719-f6bc-4cb7-b466-ebb3d06b60a9",
              "parentUUID": "75a7a633-20b9-4fe3-98b7-a64a6da209cf",
              "isHook": false,
              "skipped": false
            },
            {
              "title": "Acessa Inserir Respostas",
              "fullTitle": "Acesso aos menus - INSTITUIÇÃO Acessa Inserir Respostas",
              "timedOut": null,
              "duration": 40240,
              "state": "passed",
              "speed": "slow",
              "pass": true,
              "fail": false,
              "pending": false,
              "context": null,
              "code": "cy.acessa_aprova();\ncy.logar_instituicao();\ncy.seleciona_projSimulado();\ncy.wait(10000);\ncy.verifica_dialog_contato_if();\ncy.testa_inserir_respostas();",
              "err": {},
              "uuid": "c2381826-3e93-4158-8bb1-30e55913bb1d",
              "parentUUID": "75a7a633-20b9-4fe3-98b7-a64a6da209cf",
              "isHook": false,
              "skipped": false
            }
          ],
          "suites": [],
          "passes": [
            "b287f037-4179-470a-b40c-9674a750ad35",
            "1a23fab4-025c-44b7-b0c0-60d984b1908f",
            "7d337ff4-51ca-4e0c-9eba-2e0ac8fe814a",
            "6ef45465-32f7-4a7d-a29f-cffc8a4a9b23",
            "67a20a7d-fa4d-41f8-82bb-dfc2f095c25d",
            "555a34ad-9eee-437b-9265-0dde338ee4cc",
            "4087ec15-88ec-44e3-bcd5-af05e1d3a903",
            "9900589d-837c-4648-8e32-a0c121ebb9bb",
            "9b67b468-112e-4f50-8051-90aae63daefa",
            "2008fc70-d6d0-4bc8-b1e3-bbc23a73159f",
            "fbd83830-3f9b-4bfe-a335-7c01cd1752df",
            "bef81139-1cf8-4d37-ad77-5840a305ff75",
            "106a2719-f6bc-4cb7-b466-ebb3d06b60a9",
            "c2381826-3e93-4158-8bb1-30e55913bb1d"
          ],
          "failures": [],
          "pending": [],
          "skipped": [],
          "duration": 130135,
          "root": false,
          "rootEmpty": false,
          "_timeout": 2000
        }
      ],
      "passes": [],
      "failures": [],
      "pending": [],
      "skipped": [],
      "duration": 0,
      "root": true,
      "rootEmpty": true,
      "_timeout": 2000
    }
  ],
  "meta": {
    "mocha": {
      "version": "7.0.1"
    },
    "mochawesome": {
      "options": {
        "quiet": false,
        "reportFilename": "mochawesome",
        "saveHtml": true,
        "saveJson": true,
        "consoleReporter": "spec",
        "useInlineDiffs": false,
        "code": true
      },
      "version": "6.1.1"
    },
    "marge": {
      "options": {
        "reportDir": "cypress/reports/separate-reports",
        "overwrite": false,
        "html": true,
        "json": true
      },
      "version": "5.1.0"
    }
  }
}