{
  "stats": {
    "suites": 1,
    "tests": 5,
    "passes": 5,
    "pending": 0,
    "failures": 0,
    "start": "2020-08-25T22:26:49.394Z",
    "end": "2020-08-25T22:29:55.880Z",
    "duration": 186486,
    "testsRegistered": 5,
    "passPercent": 100,
    "pendingPercent": 0,
    "other": 0,
    "hasOther": false,
    "skipped": 0,
    "hasSkipped": false
  },
  "results": [
    {
      "uuid": "fe59b65c-c20b-4dee-bd0a-a7d2bc33b46b",
      "title": "",
      "fullFile": "cypress/integration/Aprova_cyp/login_valido.spec.js",
      "file": "cypress/integration/Aprova_cyp/login_valido.spec.js",
      "beforeHooks": [],
      "afterHooks": [],
      "tests": [],
      "suites": [
        {
          "uuid": "5fa36323-b508-410a-8fb4-1fb334698cbe",
          "title": "Teste de logins validos",
          "fullFile": "",
          "file": "",
          "beforeHooks": [],
          "afterHooks": [],
          "tests": [
            {
              "title": "Logar com Rede",
              "fullTitle": "Teste de logins validos Logar com Rede",
              "timedOut": null,
              "duration": 38829,
              "state": "passed",
              "speed": "slow",
              "pass": true,
              "fail": false,
              "pending": false,
              "context": null,
              "code": "cy.get('#mat-input-0').type('Rede');\ncy.get('#mat-input-1').type('at04');\ncy.server();\ncy.route('POST', '**/api/v1/usuarios/login').as('postV1');\ncy.get('.submit-button').click();\ncy.wait('@postV1').then(function (xhr) {\n  expect(xhr.status).be.eq(200);\n}); // SELECIONA PROJETO\ncy.get('.lista-projetos-dialog > :nth-child(4)').click();\ncy.get('.btn-projeto-dialog > .btn').click();\ncy.wait(10000);\ncy.url().should('include', '/app/painel');\ncy.get('.username-wrapper > [fxhide=\"\"]').contains('Olá, Rede Demonstração'); // DESLOGAR\ncy.get('.user-button > .ml-14').click();\ncy.get('.mat-menu-item').click();",
              "err": {},
              "uuid": "36ea04ec-e258-4f67-969c-aeff0146855e",
              "parentUUID": "5fa36323-b508-410a-8fb4-1fb334698cbe",
              "isHook": false,
              "skipped": false
            },
            {
              "title": "Logar com Escola",
              "fullTitle": "Teste de logins validos Logar com Escola",
              "timedOut": null,
              "duration": 32649,
              "state": "passed",
              "speed": "slow",
              "pass": true,
              "fail": false,
              "pending": false,
              "context": null,
              "code": "cy.get('#mat-input-0').type('demo1');\ncy.get('#mat-input-1').type('deo1');\ncy.server();\ncy.route('POST', '**/api/v1/usuarios/login').as('postV1');\ncy.get('.submit-button').click();\ncy.wait('@postV1').then(function (xhr) {\n  expect(xhr.status).be.eq(200);\n}); // SELECIONA PROJETO\ncy.get('.lista-projetos-dialog > :nth-child(4)').click();\ncy.get('.btn-projeto-dialog > .btn').click();\ncy.wait(10000);\ncy.url().should('include', '/app/painel');\ncy.get('.username-wrapper > [fxhide=\"\"]').contains('Olá, Escola Modelo 01'); // DESLOGAR\ncy.get('.user-button > .ml-14').click();\ncy.get('.mat-menu-item').click();",
              "err": {},
              "uuid": "cb19c7f8-1e5a-4ab5-b839-27f75f84f791",
              "parentUUID": "5fa36323-b508-410a-8fb4-1fb334698cbe",
              "isHook": false,
              "skipped": false
            },
            {
              "title": "Logar com Professor",
              "fullTitle": "Teste de logins validos Logar com Professor",
              "timedOut": null,
              "duration": 32624,
              "state": "passed",
              "speed": "slow",
              "pass": true,
              "fail": false,
              "pending": false,
              "context": null,
              "code": "cy.get('#mat-input-0').type('293124@avalia.com');\ncy.get('#mat-input-1').type('ZTVEHB');\ncy.server();\ncy.route('POST', '**/api/v1/usuarios/login').as('postV1');\ncy.get('.submit-button').click();\ncy.wait('@postV1').then(function (xhr) {\n  expect(xhr.status).be.eq(200);\n}); // SELECIONA PROJETO\ncy.get('.lista-projetos-dialog > :nth-child(3)').click();\ncy.get('.btn-projeto-dialog > .btn').click();\ncy.wait(10000);\ncy.url().should('include', '/app/painel');\ncy.get('.username-wrapper > [fxhide=\"\"]').contains('Olá, Professor EF1'); // DESLOGAR\ncy.get('.user-button > .ml-14').click();\ncy.get('.mat-menu-item').click();",
              "err": {},
              "uuid": "5d2c7e9f-ce86-43ad-a33f-e31b8ec1c83f",
              "parentUUID": "5fa36323-b508-410a-8fb4-1fb334698cbe",
              "isHook": false,
              "skipped": false
            },
            {
              "title": "Logar com Regional",
              "fullTitle": "Teste de logins validos Logar com Regional",
              "timedOut": null,
              "duration": 33875,
              "state": "passed",
              "speed": "slow",
              "pass": true,
              "fail": false,
              "pending": false,
              "context": null,
              "code": "cy.get('#mat-input-0').type('890163@avalia.com');\ncy.get('#mat-input-1').type('7YF7QD');\ncy.server();\ncy.route('POST', '**/api/v1/usuarios/login').as('postV1');\ncy.get('.submit-button').click();\ncy.wait('@postV1').then(function (xhr) {\n  expect(xhr.status).be.eq(200);\n});\ncy.wait(10000);\nexpect(cy.url().should('include', '/app/painel'));\ncy.get('.username-wrapper > [fxhide=\"\"]').contains('Olá, CABULA'); // DESLOGAR\ncy.get('.user-button > .ml-14').click();\ncy.get('.mat-menu-item').click();",
              "err": {},
              "uuid": "b845c5a8-97c3-4843-9356-61e7a100636a",
              "parentUUID": "5fa36323-b508-410a-8fb4-1fb334698cbe",
              "isHook": false,
              "skipped": false
            },
            {
              "title": "Trocar projeto",
              "fullTitle": "Teste de logins validos Trocar projeto",
              "timedOut": null,
              "duration": 46400,
              "state": "passed",
              "speed": "slow",
              "pass": true,
              "fail": false,
              "pending": false,
              "context": null,
              "code": "cy.get('#mat-input-0').type('demo1');\ncy.get('#mat-input-1').type('deo1');\ncy.server();\ncy.route('POST', '**/api/v1/usuarios/login').as('postV1');\ncy.get('.submit-button').click();\ncy.wait('@postV1').then(function (xhr) {\n  expect(xhr.status).be.eq(200);\n}); // SELECIONA PROJETO\ncy.get('.lista-projetos-dialog > :nth-child(4)').click();\ncy.get('.btn-projeto-dialog > .btn').click();\ncy.wait(10000);\ncy.url().should('include', '/app/painel');\ncy.get('.username-wrapper > [fxhide=\"\"]').contains('Olá, Escola Modelo 01'); //TROCAR PROJETO\ncy.get('#app-toolbar > mat-toolbar > div > div > div:nth-child(1) > div.logo-rede.ng-star-inserted > div:nth-child(2) > div').click();\ncy.get('#mat-dialog-1 > app-selecionar-projeto > div > div.lista-projetos-dialog.projetos-dialog-atuais.ng-star-inserted > mat-card:nth-child(3)').click();\ncy.get('#mat-dialog-1 > app-selecionar-projeto > div > div.btn-projeto-dialog > button.btn.btn-blue.mat-stroked-button.mat-button').click();\ncy.get('#app-toolbar > mat-toolbar > div > div > div:nth-child(1) > div.logo-rede.ng-star-inserted > div:nth-child(2) > div').contains('2020 - AVALIAÇÃO DIAGNÓSTICA'); // DESLOGAR\ncy.get('.user-button > .ml-14').click();\ncy.get('.mat-menu-item').click();",
              "err": {},
              "uuid": "68aabdb2-b6e4-421c-8bf0-d8f34b134b90",
              "parentUUID": "5fa36323-b508-410a-8fb4-1fb334698cbe",
              "isHook": false,
              "skipped": false
            }
          ],
          "suites": [],
          "passes": [
            "36ea04ec-e258-4f67-969c-aeff0146855e",
            "cb19c7f8-1e5a-4ab5-b839-27f75f84f791",
            "5d2c7e9f-ce86-43ad-a33f-e31b8ec1c83f",
            "b845c5a8-97c3-4843-9356-61e7a100636a",
            "68aabdb2-b6e4-421c-8bf0-d8f34b134b90"
          ],
          "failures": [],
          "pending": [],
          "skipped": [],
          "duration": 184377,
          "root": false,
          "rootEmpty": false,
          "_timeout": 2000
        }
      ],
      "passes": [],
      "failures": [],
      "pending": [],
      "skipped": [],
      "duration": 0,
      "root": true,
      "rootEmpty": true,
      "_timeout": 2000
    }
  ],
  "meta": {
    "mocha": {
      "version": "7.0.1"
    },
    "mochawesome": {
      "options": {
        "quiet": false,
        "reportFilename": "mochawesome",
        "saveHtml": true,
        "saveJson": true,
        "consoleReporter": "spec",
        "useInlineDiffs": false,
        "code": true
      },
      "version": "6.1.1"
    },
    "marge": {
      "options": {
        "reportDir": "cypress/reports/separate-reports",
        "overwrite": false,
        "html": true,
        "json": true
      },
      "version": "5.1.0"
    }
  }
}