{
  "stats": {
    "suites": 1,
    "tests": 14,
    "passes": 14,
    "pending": 0,
    "failures": 0,
    "start": "2020-09-22T21:12:30.652Z",
    "end": "2020-09-22T21:14:40.266Z",
    "duration": 129614,
    "testsRegistered": 14,
    "passPercent": 100,
    "pendingPercent": 0,
    "other": 0,
    "hasOther": false,
    "skipped": 0,
    "hasSkipped": false
  },
  "results": [
    {
      "uuid": "9a181fb9-10ed-43db-af02-a973ec46bcc9",
      "title": "",
      "fullFile": "cypress/integration/Aprova_Brasil/menu_escola.spec.js",
      "file": "cypress/integration/Aprova_Brasil/menu_escola.spec.js",
      "beforeHooks": [],
      "afterHooks": [],
      "tests": [],
      "suites": [
        {
          "uuid": "57e85e66-494f-4da5-b312-da71c05806d0",
          "title": "Acesso aos menus - INSTITUIÇÃO",
          "fullFile": "",
          "file": "",
          "beforeHooks": [],
          "afterHooks": [],
          "tests": [
            {
              "title": "Acesso - Instituição",
              "fullTitle": "Acesso aos menus - INSTITUIÇÃO Acesso - Instituição",
              "timedOut": null,
              "duration": 30774,
              "state": "passed",
              "speed": "slow",
              "pass": true,
              "fail": false,
              "pending": false,
              "context": null,
              "code": "cy.acessa_aprova();\ncy.logar_instituicao();\ncy.seleciona_projSimulado();\ncy.wait(5000);\ncy.verifica_dialog_contato_if();\nexpect(cy.get('.username-wrapper > [fxhide=\"\"]').contains('Olá, Escola Modelo 01')).to.exist;",
              "err": {},
              "uuid": "003ab5a8-d4ac-42dc-b4f1-baa19f1b3edd",
              "parentUUID": "57e85e66-494f-4da5-b312-da71c05806d0",
              "isHook": false,
              "skipped": false
            },
            {
              "title": "Acessa Painel",
              "fullTitle": "Acesso aos menus - INSTITUIÇÃO Acessa Painel",
              "timedOut": null,
              "duration": 175,
              "state": "passed",
              "speed": "slow",
              "pass": true,
              "fail": false,
              "pending": false,
              "context": null,
              "code": "cy.testa_painel();",
              "err": {},
              "uuid": "1e8342f3-13db-4c11-bb91-b952a85a0b4f",
              "parentUUID": "57e85e66-494f-4da5-b312-da71c05806d0",
              "isHook": false,
              "skipped": false
            },
            {
              "title": "Acessa Simulados",
              "fullTitle": "Acesso aos menus - INSTITUIÇÃO Acessa Simulados",
              "timedOut": null,
              "duration": 1201,
              "state": "passed",
              "speed": "slow",
              "pass": true,
              "fail": false,
              "pending": false,
              "context": null,
              "code": "cy.testa_simulados();",
              "err": {},
              "uuid": "9814110f-9644-4341-85da-b19dd988e17a",
              "parentUUID": "57e85e66-494f-4da5-b312-da71c05806d0",
              "isHook": false,
              "skipped": false
            },
            {
              "title": "Acessa Turmas e Alunos",
              "fullTitle": "Acesso aos menus - INSTITUIÇÃO Acessa Turmas e Alunos",
              "timedOut": null,
              "duration": 510,
              "state": "passed",
              "speed": "slow",
              "pass": true,
              "fail": false,
              "pending": false,
              "context": null,
              "code": "cy.testa_turmas();",
              "err": {},
              "uuid": "9d09d9aa-70d7-4e24-a854-9e2719b32db7",
              "parentUUID": "57e85e66-494f-4da5-b312-da71c05806d0",
              "isHook": false,
              "skipped": false
            },
            {
              "title": "Acessa Resultados Gerais",
              "fullTitle": "Acesso aos menus - INSTITUIÇÃO Acessa Resultados Gerais",
              "timedOut": null,
              "duration": 2649,
              "state": "passed",
              "speed": "slow",
              "pass": true,
              "fail": false,
              "pending": false,
              "context": null,
              "code": "cy.testa_resultados();",
              "err": {},
              "uuid": "d3aa12aa-34bb-44ad-9f37-2aa08966a434",
              "parentUUID": "57e85e66-494f-4da5-b312-da71c05806d0",
              "isHook": false,
              "skipped": false
            },
            {
              "title": "Acessa Resultados por Habilidade",
              "fullTitle": "Acesso aos menus - INSTITUIÇÃO Acessa Resultados por Habilidade",
              "timedOut": null,
              "duration": 430,
              "state": "passed",
              "speed": "slow",
              "pass": true,
              "fail": false,
              "pending": false,
              "context": null,
              "code": "cy.testa_resultados_habilidades();",
              "err": {},
              "uuid": "359159b2-ea85-4ecf-9ba0-83d51bd713b8",
              "parentUUID": "57e85e66-494f-4da5-b312-da71c05806d0",
              "isHook": false,
              "skipped": false
            },
            {
              "title": "Acessa Relatório por Habilidade",
              "fullTitle": "Acesso aos menus - INSTITUIÇÃO Acessa Relatório por Habilidade",
              "timedOut": null,
              "duration": 3902,
              "state": "passed",
              "speed": "slow",
              "pass": true,
              "fail": false,
              "pending": false,
              "context": null,
              "code": "cy.testa_relatorio_habilidade();",
              "err": {},
              "uuid": "f7cd3de9-ef5a-40f0-aed9-0892bcb17e50",
              "parentUUID": "57e85e66-494f-4da5-b312-da71c05806d0",
              "isHook": false,
              "skipped": false
            },
            {
              "title": "Acessa Relatório por Aluno",
              "fullTitle": "Acesso aos menus - INSTITUIÇÃO Acessa Relatório por Aluno",
              "timedOut": null,
              "duration": 4747,
              "state": "passed",
              "speed": "slow",
              "pass": true,
              "fail": false,
              "pending": false,
              "context": null,
              "code": "cy.testa_relatorio_aluno();",
              "err": {},
              "uuid": "8331dc83-b582-413a-b4a2-be738a4dbf94",
              "parentUUID": "57e85e66-494f-4da5-b312-da71c05806d0",
              "isHook": false,
              "skipped": false
            },
            {
              "title": "Acessa Relatório por Questões Abertas",
              "fullTitle": "Acesso aos menus - INSTITUIÇÃO Acessa Relatório por Questões Abertas",
              "timedOut": null,
              "duration": 3546,
              "state": "passed",
              "speed": "slow",
              "pass": true,
              "fail": false,
              "pending": false,
              "context": null,
              "code": "cy.testa_relatorio_questoesAbertas();",
              "err": {},
              "uuid": "2cf51e60-e39a-437a-b0b8-3f696488e313",
              "parentUUID": "57e85e66-494f-4da5-b312-da71c05806d0",
              "isHook": false,
              "skipped": false
            },
            {
              "title": "Acessa Conteúdo Livros Digitais",
              "fullTitle": "Acesso aos menus - INSTITUIÇÃO Acessa Conteúdo Livros Digitais",
              "timedOut": null,
              "duration": 1564,
              "state": "passed",
              "speed": "slow",
              "pass": true,
              "fail": false,
              "pending": false,
              "context": null,
              "code": "cy.testa_conteudo_livrodigital();",
              "err": {},
              "uuid": "a62dca26-f3db-4d63-b812-61e5c8a29eab",
              "parentUUID": "57e85e66-494f-4da5-b312-da71c05806d0",
              "isHook": false,
              "skipped": false
            },
            {
              "title": "Acessa Conteúdo Atv. Complementares",
              "fullTitle": "Acesso aos menus - INSTITUIÇÃO Acessa Conteúdo Atv. Complementares",
              "timedOut": null,
              "duration": 3296,
              "state": "passed",
              "speed": "slow",
              "pass": true,
              "fail": false,
              "pending": false,
              "context": null,
              "code": "cy.testa_conteudo_atvcompl();",
              "err": {},
              "uuid": "c1b2ad04-c66c-45cc-9942-9ac9a5b7ced0",
              "parentUUID": "57e85e66-494f-4da5-b312-da71c05806d0",
              "isHook": false,
              "skipped": false
            },
            {
              "title": "Acessa Conteúdo FAQ",
              "fullTitle": "Acesso aos menus - INSTITUIÇÃO Acessa Conteúdo FAQ",
              "timedOut": null,
              "duration": 698,
              "state": "passed",
              "speed": "slow",
              "pass": true,
              "fail": false,
              "pending": false,
              "context": null,
              "code": "cy.testa_conteudo_ajuda();",
              "err": {},
              "uuid": "8899abb5-22e6-4eaf-a1dd-a6b9e43857e6",
              "parentUUID": "57e85e66-494f-4da5-b312-da71c05806d0",
              "isHook": false,
              "skipped": false
            },
            {
              "title": "Acessa Acompanhamento",
              "fullTitle": "Acesso aos menus - INSTITUIÇÃO Acessa Acompanhamento",
              "timedOut": null,
              "duration": 32907,
              "state": "passed",
              "speed": "slow",
              "pass": true,
              "fail": false,
              "pending": false,
              "context": null,
              "code": "cy.acessa_aprova();\ncy.logar_instituicao();\ncy.seleciona_projSimulado();\ncy.wait(10000);\ncy.verifica_dialog_contato_if();\ncy.testa_acompanhamento();",
              "err": {},
              "uuid": "4d490bcc-bf40-484b-83d7-61c3a5b97fc0",
              "parentUUID": "57e85e66-494f-4da5-b312-da71c05806d0",
              "isHook": false,
              "skipped": false
            },
            {
              "title": "Acessa Inserir Respostas",
              "fullTitle": "Acesso aos menus - INSTITUIÇÃO Acessa Inserir Respostas",
              "timedOut": null,
              "duration": 41116,
              "state": "passed",
              "speed": "slow",
              "pass": true,
              "fail": false,
              "pending": false,
              "context": null,
              "code": "cy.acessa_aprova();\ncy.logar_instituicao();\ncy.seleciona_projSimulado();\ncy.wait(10000);\ncy.verifica_dialog_contato_if();\ncy.testa_inserir_respostas();",
              "err": {},
              "uuid": "57d6c651-b044-4a4d-ac97-e0725459b697",
              "parentUUID": "57e85e66-494f-4da5-b312-da71c05806d0",
              "isHook": false,
              "skipped": false
            }
          ],
          "suites": [],
          "passes": [
            "003ab5a8-d4ac-42dc-b4f1-baa19f1b3edd",
            "1e8342f3-13db-4c11-bb91-b952a85a0b4f",
            "9814110f-9644-4341-85da-b19dd988e17a",
            "9d09d9aa-70d7-4e24-a854-9e2719b32db7",
            "d3aa12aa-34bb-44ad-9f37-2aa08966a434",
            "359159b2-ea85-4ecf-9ba0-83d51bd713b8",
            "f7cd3de9-ef5a-40f0-aed9-0892bcb17e50",
            "8331dc83-b582-413a-b4a2-be738a4dbf94",
            "2cf51e60-e39a-437a-b0b8-3f696488e313",
            "a62dca26-f3db-4d63-b812-61e5c8a29eab",
            "c1b2ad04-c66c-45cc-9942-9ac9a5b7ced0",
            "8899abb5-22e6-4eaf-a1dd-a6b9e43857e6",
            "4d490bcc-bf40-484b-83d7-61c3a5b97fc0",
            "57d6c651-b044-4a4d-ac97-e0725459b697"
          ],
          "failures": [],
          "pending": [],
          "skipped": [],
          "duration": 127515,
          "root": false,
          "rootEmpty": false,
          "_timeout": 2000
        }
      ],
      "passes": [],
      "failures": [],
      "pending": [],
      "skipped": [],
      "duration": 0,
      "root": true,
      "rootEmpty": true,
      "_timeout": 2000
    }
  ],
  "meta": {
    "mocha": {
      "version": "7.0.1"
    },
    "mochawesome": {
      "options": {
        "quiet": false,
        "reportFilename": "mochawesome",
        "saveHtml": true,
        "saveJson": true,
        "consoleReporter": "spec",
        "useInlineDiffs": false,
        "code": true
      },
      "version": "6.1.1"
    },
    "marge": {
      "options": {
        "reportDir": "cypress/reports/separate-reports",
        "overwrite": false,
        "html": true,
        "json": true
      },
      "version": "5.1.0"
    }
  }
}