{
  "stats": {
    "suites": 1,
    "tests": 11,
    "passes": 11,
    "pending": 0,
    "failures": 0,
    "start": "2020-09-23T20:46:57.428Z",
    "end": "2020-09-23T20:48:22.386Z",
    "duration": 84958,
    "testsRegistered": 11,
    "passPercent": 100,
    "pendingPercent": 0,
    "other": 0,
    "hasOther": false,
    "skipped": 0,
    "hasSkipped": false
  },
  "results": [
    {
      "uuid": "7301d731-3870-4537-8f5a-3520f0a4ecec",
      "title": "",
      "fullFile": "cypress/integration/Aprova_Brasil/menu_professor.spec.js",
      "file": "cypress/integration/Aprova_Brasil/menu_professor.spec.js",
      "beforeHooks": [],
      "afterHooks": [],
      "tests": [],
      "suites": [
        {
          "uuid": "bd505a39-e610-4dfa-b9c8-41afc643b075",
          "title": "Menus - PROFESSOR",
          "fullFile": "",
          "file": "",
          "beforeHooks": [],
          "afterHooks": [],
          "tests": [
            {
              "title": "Acessa Professor",
              "fullTitle": "Menus - PROFESSOR Acessa Professor",
              "timedOut": null,
              "duration": 32026,
              "state": "passed",
              "speed": "slow",
              "pass": true,
              "fail": false,
              "pending": false,
              "context": null,
              "code": "cy.acessa_aprova();\ncy.logar_professor(); //cy.seleciona_projSimulado()\ncy.get('.lista-projetos-dialog > :nth-child(3)').click();\ncy.get('.btn-projeto-dialog > .btn').click();\ncy.wait(10000);\ncy.verifica_dialog_contato_if();\nexpect(cy.get('.username-wrapper > [fxhide=\"\"]').contains('Olá, Professor EF1')).to.exist;",
              "err": {},
              "uuid": "3cfa5c53-6d43-46c8-840b-a5b4484235dd",
              "parentUUID": "bd505a39-e610-4dfa-b9c8-41afc643b075",
              "isHook": false,
              "skipped": false
            },
            {
              "title": "Acessa Painel",
              "fullTitle": "Menus - PROFESSOR Acessa Painel",
              "timedOut": null,
              "duration": 169,
              "state": "passed",
              "speed": "slow",
              "pass": true,
              "fail": false,
              "pending": false,
              "context": null,
              "code": "cy.testa_painel();",
              "err": {},
              "uuid": "0194ff52-9719-4b53-867b-b97291aabf39",
              "parentUUID": "bd505a39-e610-4dfa-b9c8-41afc643b075",
              "isHook": false,
              "skipped": false
            },
            {
              "title": "Acessa Simulados",
              "fullTitle": "Menus - PROFESSOR Acessa Simulados",
              "timedOut": null,
              "duration": 1179,
              "state": "passed",
              "speed": "slow",
              "pass": true,
              "fail": false,
              "pending": false,
              "context": null,
              "code": "cy.testa_simulados();",
              "err": {},
              "uuid": "3631fb5e-8de6-4d7f-a04e-3321ab74caa1",
              "parentUUID": "bd505a39-e610-4dfa-b9c8-41afc643b075",
              "isHook": false,
              "skipped": false
            },
            {
              "title": "Acessa Resultados Gerais",
              "fullTitle": "Menus - PROFESSOR Acessa Resultados Gerais",
              "timedOut": null,
              "duration": 2488,
              "state": "passed",
              "speed": "slow",
              "pass": true,
              "fail": false,
              "pending": false,
              "context": null,
              "code": "cy.testa_resultados();",
              "err": {},
              "uuid": "8b5535b4-4bb2-4538-ac49-451e0862aba7",
              "parentUUID": "bd505a39-e610-4dfa-b9c8-41afc643b075",
              "isHook": false,
              "skipped": false
            },
            {
              "title": "Acessa Resultados por Habilidade",
              "fullTitle": "Menus - PROFESSOR Acessa Resultados por Habilidade",
              "timedOut": null,
              "duration": 374,
              "state": "passed",
              "speed": "slow",
              "pass": true,
              "fail": false,
              "pending": false,
              "context": null,
              "code": "cy.testa_resultados_habilidades_rede();",
              "err": {},
              "uuid": "4133bf38-8596-451e-90c9-20f23aeff167",
              "parentUUID": "bd505a39-e610-4dfa-b9c8-41afc643b075",
              "isHook": false,
              "skipped": false
            },
            {
              "title": "Acessa Relatório por Habilidade",
              "fullTitle": "Menus - PROFESSOR Acessa Relatório por Habilidade",
              "timedOut": null,
              "duration": 4678,
              "state": "passed",
              "speed": "slow",
              "pass": true,
              "fail": false,
              "pending": false,
              "context": null,
              "code": "cy.testa_relatorio_habilidade3();",
              "err": {},
              "uuid": "ac3686b1-4231-404c-aad7-45a830453474",
              "parentUUID": "bd505a39-e610-4dfa-b9c8-41afc643b075",
              "isHook": false,
              "skipped": false
            },
            {
              "title": "Acessa Relatório por Aluno",
              "fullTitle": "Menus - PROFESSOR Acessa Relatório por Aluno",
              "timedOut": null,
              "duration": 3624,
              "state": "passed",
              "speed": "slow",
              "pass": true,
              "fail": false,
              "pending": false,
              "context": null,
              "code": "cy.testa_relatorio_aluno3();",
              "err": {},
              "uuid": "0c82b2df-8bf8-4e57-8c9d-54a3faff1044",
              "parentUUID": "bd505a39-e610-4dfa-b9c8-41afc643b075",
              "isHook": false,
              "skipped": false
            },
            {
              "title": "Acessa Relatório por Questões Abertas",
              "fullTitle": "Menus - PROFESSOR Acessa Relatório por Questões Abertas",
              "timedOut": null,
              "duration": 3196,
              "state": "passed",
              "speed": "slow",
              "pass": true,
              "fail": false,
              "pending": false,
              "context": null,
              "code": "cy.testa_relatorio_questoesAbertas3();",
              "err": {},
              "uuid": "a0a6b0cb-c7c7-4c9f-83f5-6d904c34ab5d",
              "parentUUID": "bd505a39-e610-4dfa-b9c8-41afc643b075",
              "isHook": false,
              "skipped": false
            },
            {
              "title": "Acessa Conteúdo Livros Digitais",
              "fullTitle": "Menus - PROFESSOR Acessa Conteúdo Livros Digitais",
              "timedOut": null,
              "duration": 1699,
              "state": "passed",
              "speed": "slow",
              "pass": true,
              "fail": false,
              "pending": false,
              "context": null,
              "code": "cy.testa_conteudo_livrodigital();",
              "err": {},
              "uuid": "4ef84b74-377e-43a5-a32a-812223a227b4",
              "parentUUID": "bd505a39-e610-4dfa-b9c8-41afc643b075",
              "isHook": false,
              "skipped": false
            },
            {
              "title": "Acessa Conteúdo Atv Complementar",
              "fullTitle": "Menus - PROFESSOR Acessa Conteúdo Atv Complementar",
              "timedOut": null,
              "duration": 5455,
              "state": "passed",
              "speed": "slow",
              "pass": true,
              "fail": false,
              "pending": false,
              "context": null,
              "code": "cy.testa_projConteudo_atvComplementar3();",
              "err": {},
              "uuid": "ca6820d5-6fdc-4f50-90a7-597b9ce7cdd0",
              "parentUUID": "bd505a39-e610-4dfa-b9c8-41afc643b075",
              "isHook": false,
              "skipped": false
            },
            {
              "title": "Acessa Acompanhamento",
              "fullTitle": "Menus - PROFESSOR Acessa Acompanhamento",
              "timedOut": null,
              "duration": 28137,
              "state": "passed",
              "speed": "slow",
              "pass": true,
              "fail": false,
              "pending": false,
              "context": null,
              "code": "cy.acessa_aprova();\ncy.logar_professor();\ncy.get('.lista-projetos-dialog > :nth-child(3)').click();\ncy.get('.btn-projeto-dialog > .btn').click();\ncy.wait(10000);\ncy.verifica_dialog_contato_if();\ncy.testa_acompanhamento();",
              "err": {},
              "uuid": "92a0f45f-2b82-41ef-bfbd-bfa8469dc28a",
              "parentUUID": "bd505a39-e610-4dfa-b9c8-41afc643b075",
              "isHook": false,
              "skipped": false
            }
          ],
          "suites": [],
          "passes": [
            "3cfa5c53-6d43-46c8-840b-a5b4484235dd",
            "0194ff52-9719-4b53-867b-b97291aabf39",
            "3631fb5e-8de6-4d7f-a04e-3321ab74caa1",
            "8b5535b4-4bb2-4538-ac49-451e0862aba7",
            "4133bf38-8596-451e-90c9-20f23aeff167",
            "ac3686b1-4231-404c-aad7-45a830453474",
            "0c82b2df-8bf8-4e57-8c9d-54a3faff1044",
            "a0a6b0cb-c7c7-4c9f-83f5-6d904c34ab5d",
            "4ef84b74-377e-43a5-a32a-812223a227b4",
            "ca6820d5-6fdc-4f50-90a7-597b9ce7cdd0",
            "92a0f45f-2b82-41ef-bfbd-bfa8469dc28a"
          ],
          "failures": [],
          "pending": [],
          "skipped": [],
          "duration": 83025,
          "root": false,
          "rootEmpty": false,
          "_timeout": 2000
        }
      ],
      "passes": [],
      "failures": [],
      "pending": [],
      "skipped": [],
      "duration": 0,
      "root": true,
      "rootEmpty": true,
      "_timeout": 2000
    }
  ],
  "meta": {
    "mocha": {
      "version": "7.0.1"
    },
    "mochawesome": {
      "options": {
        "quiet": false,
        "reportFilename": "mochawesome",
        "saveHtml": true,
        "saveJson": true,
        "consoleReporter": "spec",
        "useInlineDiffs": false,
        "code": true
      },
      "version": "6.1.1"
    },
    "marge": {
      "options": {
        "reportDir": "cypress/reports/separate-reports",
        "overwrite": false,
        "html": true,
        "json": true
      },
      "version": "5.1.0"
    }
  }
}