{
  "stats": {
    "suites": 1,
    "tests": 3,
    "passes": 3,
    "pending": 0,
    "failures": 0,
    "start": "2020-09-22T21:51:17.617Z",
    "end": "2020-09-22T21:51:53.124Z",
    "duration": 35507,
    "testsRegistered": 3,
    "passPercent": 100,
    "pendingPercent": 0,
    "other": 0,
    "hasOther": false,
    "skipped": 0,
    "hasSkipped": false
  },
  "results": [
    {
      "uuid": "14b09d86-889f-42e6-805d-7ce3fdcf2b79",
      "title": "",
      "fullFile": "cypress/integration/Aprova_Brasil/menu_conteudo.spec.js",
      "file": "cypress/integration/Aprova_Brasil/menu_conteudo.spec.js",
      "beforeHooks": [],
      "afterHooks": [],
      "tests": [],
      "suites": [
        {
          "uuid": "f881f267-d2fe-455a-85e4-c4c1dace9172",
          "title": "Menus - CONTEÚDO",
          "fullFile": "",
          "file": "",
          "beforeHooks": [],
          "afterHooks": [],
          "tests": [
            {
              "title": "Menus - Instituição CONTEÚDO",
              "fullTitle": "Menus - CONTEÚDO Menus - Instituição CONTEÚDO",
              "timedOut": null,
              "duration": 29837,
              "state": "passed",
              "speed": "slow",
              "pass": true,
              "fail": false,
              "pending": false,
              "context": null,
              "code": "cy.acessa_aprova();\ncy.logar_conteudo(); // cy.seleciona_projSimulado()\n//cy.pular_cadastro();\n// cy.wait(10000)\n// cy.get('body').then((body) => {\n//     if (body.find('label:contains(CANCELAR)')){\n//             cy.get('.btn-cancelar').click()            \n//     } else {\n//         cy.get('.page-header-title').should('be.visible')\n//     }\n// })\ncy.verifica_dialog_contato_if();\nexpect(cy.get('.username-wrapper > [fxhide=\"\"]').contains('Olá, ABAETE')).to.exist;",
              "err": {},
              "uuid": "e23606fb-4325-461b-8d48-620b7e800ae6",
              "parentUUID": "f881f267-d2fe-455a-85e4-c4c1dace9172",
              "isHook": false,
              "skipped": false
            },
            {
              "title": "Acessa Conteúdo Livros Digitais",
              "fullTitle": "Menus - CONTEÚDO Acessa Conteúdo Livros Digitais",
              "timedOut": null,
              "duration": 398,
              "state": "passed",
              "speed": "slow",
              "pass": true,
              "fail": false,
              "pending": false,
              "context": null,
              "code": "cy.testa_conteudo_livrodigital();",
              "err": {},
              "uuid": "ab1c36b5-149f-4734-811e-3b8762201fc7",
              "parentUUID": "f881f267-d2fe-455a-85e4-c4c1dace9172",
              "isHook": false,
              "skipped": false
            },
            {
              "title": "Acessa Conteúdo Atv. Complementares",
              "fullTitle": "Menus - CONTEÚDO Acessa Conteúdo Atv. Complementares",
              "timedOut": null,
              "duration": 2811,
              "state": "passed",
              "speed": "slow",
              "pass": true,
              "fail": false,
              "pending": false,
              "context": null,
              "code": "cy.testa_projConteudo_atvComplementar();",
              "err": {},
              "uuid": "5074a192-921a-4ec3-931c-3f3c37b3d001",
              "parentUUID": "f881f267-d2fe-455a-85e4-c4c1dace9172",
              "isHook": false,
              "skipped": false
            }
          ],
          "suites": [],
          "passes": [
            "e23606fb-4325-461b-8d48-620b7e800ae6",
            "ab1c36b5-149f-4734-811e-3b8762201fc7",
            "5074a192-921a-4ec3-931c-3f3c37b3d001"
          ],
          "failures": [],
          "pending": [],
          "skipped": [],
          "duration": 33046,
          "root": false,
          "rootEmpty": false,
          "_timeout": 2000
        }
      ],
      "passes": [],
      "failures": [],
      "pending": [],
      "skipped": [],
      "duration": 0,
      "root": true,
      "rootEmpty": true,
      "_timeout": 2000
    }
  ],
  "meta": {
    "mocha": {
      "version": "7.0.1"
    },
    "mochawesome": {
      "options": {
        "quiet": false,
        "reportFilename": "mochawesome",
        "saveHtml": true,
        "saveJson": true,
        "consoleReporter": "spec",
        "useInlineDiffs": false,
        "code": true
      },
      "version": "6.1.1"
    },
    "marge": {
      "options": {
        "reportDir": "cypress/reports/separate-reports",
        "overwrite": false,
        "html": true,
        "json": true
      },
      "version": "5.1.0"
    }
  }
}