{
  "stats": {
    "suites": 1,
    "tests": 5,
    "passes": 5,
    "pending": 0,
    "failures": 0,
    "start": "2020-07-28T17:55:25.373Z",
    "end": "2020-07-28T17:58:42.060Z",
    "duration": 196687,
    "testsRegistered": 5,
    "passPercent": 100,
    "pendingPercent": 0,
    "other": 0,
    "hasOther": false,
    "skipped": 0,
    "hasSkipped": false
  },
  "results": [
    {
      "uuid": "f7d4d108-a312-4771-bd19-8cc5ab2dc2a5",
      "title": "",
      "fullFile": "cypress/integration/Aprova_cyp/login_valido.spec.js",
      "file": "cypress/integration/Aprova_cyp/login_valido.spec.js",
      "beforeHooks": [],
      "afterHooks": [],
      "tests": [],
      "suites": [
        {
          "uuid": "6f9dcb3e-212b-44d8-8387-ffc8c9fbbe2b",
          "title": "Teste de logins validos",
          "fullFile": "",
          "file": "",
          "beforeHooks": [],
          "afterHooks": [],
          "tests": [
            {
              "title": "Logar com Rede",
              "fullTitle": "Teste de logins validos Logar com Rede",
              "timedOut": null,
              "duration": 42670,
              "state": "passed",
              "speed": "slow",
              "pass": true,
              "fail": false,
              "pending": false,
              "context": null,
              "code": "cy.get('#mat-input-0').type('Rede');\ncy.get('#mat-input-1').type('at04');\ncy.server();\ncy.route('POST', '**/api/v1/usuarios/login').as('postV1');\ncy.get('.submit-button').click();\ncy.wait('@postV1').then(function (xhr) {\n  expect(xhr.status).be.eq(200);\n}); // SELECIONA PROJETO\ncy.get('.lista-projetos-dialog > :nth-child(4)').click();\ncy.get('.btn-projeto-dialog > .btn').click();\ncy.wait(10000);\ncy.url().should('include', '/app/painel');\ncy.get('.username-wrapper > [fxhide=\"\"]').contains('Olá, Rede Demonstração'); // DESLOGAR\ncy.get('.user-button > .ml-14').click();\ncy.get('.mat-menu-item').click();",
              "err": {},
              "uuid": "bb160edb-aa34-49da-90a9-f339315f2a1b",
              "parentUUID": "6f9dcb3e-212b-44d8-8387-ffc8c9fbbe2b",
              "isHook": false,
              "skipped": false
            },
            {
              "title": "Logar com Escola",
              "fullTitle": "Teste de logins validos Logar com Escola",
              "timedOut": null,
              "duration": 35840,
              "state": "passed",
              "speed": "slow",
              "pass": true,
              "fail": false,
              "pending": false,
              "context": null,
              "code": "cy.get('#mat-input-0').type('demo1');\ncy.get('#mat-input-1').type('H2VE3G');\ncy.server();\ncy.route('POST', '**/api/v1/usuarios/login').as('postV1');\ncy.get('.submit-button').click();\ncy.wait('@postV1').then(function (xhr) {\n  expect(xhr.status).be.eq(200);\n}); // SELECIONA PROJETO\ncy.get('.lista-projetos-dialog > :nth-child(4)').click();\ncy.get('.btn-projeto-dialog > .btn').click();\ncy.wait(10000);\ncy.url().should('include', '/app/painel');\ncy.get('.username-wrapper > [fxhide=\"\"]').contains('Olá, Escola Modelo 01'); // DESLOGAR\ncy.get('.user-button > .ml-14').click();\ncy.get('.mat-menu-item').click();",
              "err": {},
              "uuid": "811cd108-34bd-4b0f-8ac8-9ea5be994b3b",
              "parentUUID": "6f9dcb3e-212b-44d8-8387-ffc8c9fbbe2b",
              "isHook": false,
              "skipped": false
            },
            {
              "title": "Logar com Professor",
              "fullTitle": "Teste de logins validos Logar com Professor",
              "timedOut": null,
              "duration": 36742,
              "state": "passed",
              "speed": "slow",
              "pass": true,
              "fail": false,
              "pending": false,
              "context": null,
              "code": "cy.get('#mat-input-0').type('293124@avalia.com');\ncy.get('#mat-input-1').type('ZTVEHB');\ncy.server();\ncy.route('POST', '**/api/v1/usuarios/login').as('postV1');\ncy.get('.submit-button').click();\ncy.wait('@postV1').then(function (xhr) {\n  expect(xhr.status).be.eq(200);\n}); // SELECIONA PROJETO\ncy.get('.lista-projetos-dialog > :nth-child(3)').click();\ncy.get('.btn-projeto-dialog > .btn').click();\ncy.wait(10000);\ncy.url().should('include', '/app/painel');\ncy.get('.username-wrapper > [fxhide=\"\"]').contains('Olá, Professor EF1'); // DESLOGAR\ncy.get('.user-button > .ml-14').click();\ncy.get('.mat-menu-item').click();",
              "err": {},
              "uuid": "950aaae2-4865-4eb4-b93b-fa021a477fdb",
              "parentUUID": "6f9dcb3e-212b-44d8-8387-ffc8c9fbbe2b",
              "isHook": false,
              "skipped": false
            },
            {
              "title": "Logar com Regional",
              "fullTitle": "Teste de logins validos Logar com Regional",
              "timedOut": null,
              "duration": 34677,
              "state": "passed",
              "speed": "slow",
              "pass": true,
              "fail": false,
              "pending": false,
              "context": null,
              "code": "cy.get('#mat-input-0').type('890163@avalia.com');\ncy.get('#mat-input-1').type('7YF7QD');\ncy.server();\ncy.route('POST', '**/api/v1/usuarios/login').as('postV1');\ncy.get('.submit-button').click();\ncy.wait('@postV1').then(function (xhr) {\n  expect(xhr.status).be.eq(200);\n});\ncy.wait(10000);\nexpect(cy.url().should('include', '/app/painel'));\ncy.get('.username-wrapper > [fxhide=\"\"]').contains('Olá, CABULA'); // DESLOGAR\ncy.get('.user-button > .ml-14').click();\ncy.get('.mat-menu-item').click();",
              "err": {},
              "uuid": "d574159b-9bf0-4d03-99b6-c385ac8c152e",
              "parentUUID": "6f9dcb3e-212b-44d8-8387-ffc8c9fbbe2b",
              "isHook": false,
              "skipped": false
            },
            {
              "title": "Trocar projeto",
              "fullTitle": "Teste de logins validos Trocar projeto",
              "timedOut": null,
              "duration": 44885,
              "state": "passed",
              "speed": "slow",
              "pass": true,
              "fail": false,
              "pending": false,
              "context": null,
              "code": "cy.get('#mat-input-0').type('demo1');\ncy.get('#mat-input-1').type('H2VE3G');\ncy.server();\ncy.route('POST', '**/api/v1/usuarios/login').as('postV1');\ncy.get('.submit-button').click();\ncy.wait('@postV1').then(function (xhr) {\n  expect(xhr.status).be.eq(200);\n}); // SELECIONA PROJETO\ncy.get('.lista-projetos-dialog > :nth-child(4)').click();\ncy.get('.btn-projeto-dialog > .btn').click();\ncy.wait(10000);\ncy.url().should('include', '/app/painel');\ncy.get('.username-wrapper > [fxhide=\"\"]').contains('Olá, Escola Modelo 01'); //TROCAR PROJETO\ncy.get('#app-toolbar > mat-toolbar > div > div > div:nth-child(1) > div.logo-rede.ng-star-inserted > div:nth-child(2) > div').click();\ncy.get('#mat-dialog-1 > app-selecionar-projeto > div > div.lista-projetos-dialog.projetos-dialog-atuais.ng-star-inserted > mat-card:nth-child(3)').click();\ncy.get('#mat-dialog-1 > app-selecionar-projeto > div > div.btn-projeto-dialog > button.btn.btn-blue.mat-stroked-button.mat-button').click();\ncy.get('#app-toolbar > mat-toolbar > div > div > div:nth-child(1) > div.logo-rede.ng-star-inserted > div:nth-child(2) > div').contains('2020 - AVALIAÇÃO DIAGNÓSTICA'); // DESLOGAR\ncy.get('.user-button > .ml-14').click();\ncy.get('.mat-menu-item').click();",
              "err": {},
              "uuid": "31c53594-ebe1-4950-aee0-cbf93a484c00",
              "parentUUID": "6f9dcb3e-212b-44d8-8387-ffc8c9fbbe2b",
              "isHook": false,
              "skipped": false
            }
          ],
          "suites": [],
          "passes": [
            "bb160edb-aa34-49da-90a9-f339315f2a1b",
            "811cd108-34bd-4b0f-8ac8-9ea5be994b3b",
            "950aaae2-4865-4eb4-b93b-fa021a477fdb",
            "d574159b-9bf0-4d03-99b6-c385ac8c152e",
            "31c53594-ebe1-4950-aee0-cbf93a484c00"
          ],
          "failures": [],
          "pending": [],
          "skipped": [],
          "duration": 194814,
          "root": false,
          "rootEmpty": false,
          "_timeout": 2000
        }
      ],
      "passes": [],
      "failures": [],
      "pending": [],
      "skipped": [],
      "duration": 0,
      "root": true,
      "rootEmpty": true,
      "_timeout": 2000
    }
  ],
  "meta": {
    "mocha": {
      "version": "7.0.1"
    },
    "mochawesome": {
      "options": {
        "quiet": false,
        "reportFilename": "mochawesome",
        "saveHtml": true,
        "saveJson": true,
        "consoleReporter": "spec",
        "useInlineDiffs": false,
        "code": true
      },
      "version": "6.1.1"
    },
    "marge": {
      "options": {
        "reportDir": "cypress/reports/separate-reports",
        "overwrite": false,
        "html": true,
        "json": true
      },
      "version": "5.1.0"
    }
  }
}