{
  "stats": {
    "suites": 1,
    "tests": 4,
    "passes": 4,
    "pending": 0,
    "failures": 0,
    "start": "2020-08-25T22:25:42.678Z",
    "end": "2020-08-25T22:26:47.246Z",
    "duration": 64568,
    "testsRegistered": 4,
    "passPercent": 100,
    "pendingPercent": 0,
    "other": 0,
    "hasOther": false,
    "skipped": 0,
    "hasSkipped": false
  },
  "results": [
    {
      "uuid": "1551a292-2a07-4192-8842-816e89bf664d",
      "title": "",
      "fullFile": "cypress/integration/Aprova_cyp/login_invalido.spec.js",
      "file": "cypress/integration/Aprova_cyp/login_invalido.spec.js",
      "beforeHooks": [],
      "afterHooks": [],
      "tests": [],
      "suites": [
        {
          "uuid": "547589c5-09ae-478e-9101-3ace5e5c9116",
          "title": "Teste cases de login invalido",
          "fullFile": "",
          "file": "",
          "beforeHooks": [],
          "afterHooks": [],
          "tests": [
            {
              "title": "Logar com Usuário e Senha incorretos",
              "fullTitle": "Teste cases de login invalido Logar com Usuário e Senha incorretos",
              "timedOut": null,
              "duration": 21458,
              "state": "passed",
              "speed": "slow",
              "pass": true,
              "fail": false,
              "pending": false,
              "context": null,
              "code": "cy.visit('http://aprovabrasil-hmg.azurewebsites.net'); //cy.viewport(1366, 768)\ncy.get('.btn').click();\ncy.get('#mat-input-0').type('dema1');\ncy.get('#mat-input-1').type('dea1');\ncy.server();\ncy.route('POST', '**/api/v1/usuarios/login').as('postV1');\ncy.get('.submit-button').click();\ncy.wait('@postV1').then(function (xhr) {\n  expect(xhr.status).be.eq(400);\n}); // VERIFICA MENSAGEM DE ERRO\nif (cy.get('.mat-simple-snackbar').contains('Usuário ou senha não coincidem com um usuário válido ou sua conta foi bloqueada!')) {\n  // CONFIRMA MSG DE ERRO -> CLICA BOTÃO 'OK'\n  cy.get('.mat-simple-snackbar-action > .ng-tns-c22-8').click();\n}",
              "err": {},
              "uuid": "23c1ad6f-e74d-4a94-a4b8-9d3fb30e61a0",
              "parentUUID": "547589c5-09ae-478e-9101-3ace5e5c9116",
              "isHook": false,
              "skipped": false
            },
            {
              "title": "Logar com Usuário vazio e Senha incorreta",
              "fullTitle": "Teste cases de login invalido Logar com Usuário vazio e Senha incorreta",
              "timedOut": null,
              "duration": 15114,
              "state": "passed",
              "speed": "slow",
              "pass": true,
              "fail": false,
              "pending": false,
              "context": null,
              "code": "cy.visit('http://aprovabrasil-hmg.azurewebsites.net'); //cy.viewport(1366, 768)\ncy.get('.btn').click();\ncy.get('#mat-input-0').should('have.value', '');\ncy.get('#mat-input-1').type('dea1');\ncy.get('.submit-button').should('be.disabled');",
              "err": {},
              "uuid": "d720fc9a-a7db-49ac-be09-973c1ed177eb",
              "parentUUID": "547589c5-09ae-478e-9101-3ace5e5c9116",
              "isHook": false,
              "skipped": false
            },
            {
              "title": "Logar com Usuário e Senha vazios",
              "fullTitle": "Teste cases de login invalido Logar com Usuário e Senha vazios",
              "timedOut": null,
              "duration": 6249,
              "state": "passed",
              "speed": "slow",
              "pass": true,
              "fail": false,
              "pending": false,
              "context": null,
              "code": "cy.visit('http://aprovabrasil-hmg.azurewebsites.net'); //cy.viewport(1366, 768)\ncy.get('.btn').click();\ncy.get('#mat-input-0').should('have.value', '');\ncy.get('#mat-input-1').should('have.value', '');\ncy.get('.submit-button').should('be.disabled');",
              "err": {},
              "uuid": "2bcb7d63-9944-48e8-8beb-a3824e7a6c12",
              "parentUUID": "547589c5-09ae-478e-9101-3ace5e5c9116",
              "isHook": false,
              "skipped": false
            },
            {
              "title": "Logar com Usuário incorreto e Senha correta",
              "fullTitle": "Teste cases de login invalido Logar com Usuário incorreto e Senha correta",
              "timedOut": null,
              "duration": 19811,
              "state": "passed",
              "speed": "slow",
              "pass": true,
              "fail": false,
              "pending": false,
              "context": null,
              "code": "cy.visit('http://aprovabrasil-hmg.azurewebsites.net'); //cy.viewport(1366, 768)\ncy.get('.btn').click();\ncy.get('#mat-input-0').type('demo');\ncy.get('#mat-input-1').type('deo1');\ncy.server();\ncy.route('POST', '**/api/v1/usuarios/login').as('postV1');\ncy.get('.submit-button').click();\ncy.wait('@postV1').then(function (xhr) {\n  expect(xhr.status).be.eq(400); // VERIFICA MENSAGEM DE ERRO\n  if (cy.get('.mat-simple-snackbar').contains('Usuário ou senha não coincidem com um usuário válido ou sua conta foi bloqueada!')) {\n    // CONFIRMA MSG DE ERRO -> CLICA BOTÃO 'OK'\n    cy.get('.mat-simple-snackbar-action > .ng-tns-c22-8').click();\n  }\n});\nit('Logar com Usuário correto e Senha incorreta', function () {\n  cy.visit('http://aprovabrasil-hmg.azurewebsites.net'); //cy.viewport(1366, 768)\n  cy.get('.btn').click();\n  cy.get('#mat-input-0').type('demo1');\n  cy.get('#mat-input-1').type('dea1');\n  cy.server();\n  cy.route('POST', '**/api/v1/usuarios/login').as('postV1');\n  cy.get('.submit-button').click();\n  cy.wait('@postV1').then(function (xhr) {\n    expect(xhr.status).be.eq(400);\n  }); // VERIFICA MENSAGEM DE ERRO\n  if (cy.get('.mat-simple-snackbar').contains('Usuário ou senha não coincidem com um usuário válido ou sua conta foi bloqueada!')) {\n    // CONFIRMA MSG DE ERRO -> CLICA BOTÃO 'OK'\n    cy.get('.mat-simple-snackbar-action > .ng-tns-c22-8').click();\n  }\n});",
              "err": {},
              "uuid": "1850a629-a345-455d-9349-d4456d84bf52",
              "parentUUID": "547589c5-09ae-478e-9101-3ace5e5c9116",
              "isHook": false,
              "skipped": false
            }
          ],
          "suites": [],
          "passes": [
            "23c1ad6f-e74d-4a94-a4b8-9d3fb30e61a0",
            "d720fc9a-a7db-49ac-be09-973c1ed177eb",
            "2bcb7d63-9944-48e8-8beb-a3824e7a6c12",
            "1850a629-a345-455d-9349-d4456d84bf52"
          ],
          "failures": [],
          "pending": [],
          "skipped": [],
          "duration": 62632,
          "root": false,
          "rootEmpty": false,
          "_timeout": 2000
        }
      ],
      "passes": [],
      "failures": [],
      "pending": [],
      "skipped": [],
      "duration": 0,
      "root": true,
      "rootEmpty": true,
      "_timeout": 2000
    }
  ],
  "meta": {
    "mocha": {
      "version": "7.0.1"
    },
    "mochawesome": {
      "options": {
        "quiet": false,
        "reportFilename": "mochawesome",
        "saveHtml": true,
        "saveJson": true,
        "consoleReporter": "spec",
        "useInlineDiffs": false,
        "code": true
      },
      "version": "6.1.1"
    },
    "marge": {
      "options": {
        "reportDir": "cypress/reports/separate-reports",
        "overwrite": false,
        "html": true,
        "json": true
      },
      "version": "5.1.0"
    }
  }
}