{
  "stats": {
    "suites": 1,
    "tests": 8,
    "passes": 8,
    "pending": 0,
    "failures": 0,
    "start": "2020-09-22T21:01:46.457Z",
    "end": "2020-09-22T21:04:36.804Z",
    "duration": 170347,
    "testsRegistered": 8,
    "passPercent": 100,
    "pendingPercent": 0,
    "other": 0,
    "hasOther": false,
    "skipped": 0,
    "hasSkipped": false
  },
  "results": [
    {
      "uuid": "bb9bc44a-62d1-4a67-9c16-18c33a4a2c38",
      "title": "",
      "fullFile": "cypress/integration/Aprova_cyp/aprova_menus.spec.js",
      "file": "cypress/integration/Aprova_cyp/aprova_menus.spec.js",
      "beforeHooks": [],
      "afterHooks": [],
      "tests": [],
      "suites": [
        {
          "uuid": "0c2b3447-fefb-4b04-bc23-23767b12c01e",
          "title": "Menus por projeto - Simulado e Avaliação Inicial",
          "fullFile": "",
          "file": "",
          "beforeHooks": [],
          "afterHooks": [],
          "tests": [
            {
              "title": "Rede - Simulado",
              "fullTitle": "Menus por projeto - Simulado e Avaliação Inicial Rede - Simulado",
              "timedOut": null,
              "duration": 27143,
              "state": "passed",
              "speed": "slow",
              "pass": true,
              "fail": false,
              "pending": false,
              "context": null,
              "code": "cy.logar_rede();\ncy.seleciona_projSimulado();\ncy.wait(2000);\ncy.verifica_dialog_contato_if();\ncy.get('[fxflex=\"1 0 auto\"] > .toggle-button-navbar > .mat-button-wrapper > .mat-icon').click(); //Menu sanduiche \ncy.menu_rede_simulado();",
              "err": {},
              "uuid": "1e7e11fd-c623-4b87-bd07-433cf0f60d66",
              "parentUUID": "0c2b3447-fefb-4b04-bc23-23767b12c01e",
              "isHook": false,
              "skipped": false
            },
            {
              "title": "Rede - Avaliação Inicial",
              "fullTitle": "Menus por projeto - Simulado e Avaliação Inicial Rede - Avaliação Inicial",
              "timedOut": null,
              "duration": 22291,
              "state": "passed",
              "speed": "slow",
              "pass": true,
              "fail": false,
              "pending": false,
              "context": null,
              "code": "cy.logar_rede();\ncy.seleciona_projAvDiagnostica();\ncy.wait(2000);\ncy.verifica_dialog_contato_if();\ncy.get('[fxflex=\"1 0 auto\"] > .toggle-button-navbar > .mat-button-wrapper > .mat-icon').click(); //Menu sanduiche \ncy.menu_rede_av();",
              "err": {},
              "uuid": "2af0f76d-2abc-438d-b0d0-e44b55f521a2",
              "parentUUID": "0c2b3447-fefb-4b04-bc23-23767b12c01e",
              "isHook": false,
              "skipped": false
            },
            {
              "title": "Instituição - Simulado",
              "fullTitle": "Menus por projeto - Simulado e Avaliação Inicial Instituição - Simulado",
              "timedOut": null,
              "duration": 22440,
              "state": "passed",
              "speed": "slow",
              "pass": true,
              "fail": false,
              "pending": false,
              "context": null,
              "code": "cy.logar_instituicao();\ncy.seleciona_projSimulado();\ncy.wait(2000);\ncy.verifica_dialog_contato_if();\ncy.get('[fxflex=\"1 0 auto\"] > .toggle-button-navbar > .mat-button-wrapper > .mat-icon').click(); //Menu sanduiche \ncy.menu_instituicao_simulado();",
              "err": {},
              "uuid": "dfea9bfc-7f51-469e-99b0-bb85f2ca1a5c",
              "parentUUID": "0c2b3447-fefb-4b04-bc23-23767b12c01e",
              "isHook": false,
              "skipped": false
            },
            {
              "title": "Instituição - Avaliação Inicial",
              "fullTitle": "Menus por projeto - Simulado e Avaliação Inicial Instituição - Avaliação Inicial",
              "timedOut": null,
              "duration": 22586,
              "state": "passed",
              "speed": "slow",
              "pass": true,
              "fail": false,
              "pending": false,
              "context": null,
              "code": "cy.logar_instituicao();\ncy.seleciona_projAvDiagnostica();\ncy.wait(2000);\ncy.verifica_dialog_contato_if();\ncy.get('[fxflex=\"1 0 auto\"] > .toggle-button-navbar > .mat-button-wrapper > .mat-icon').click(); //Menu sanduiche \ncy.menu_instituicao_av();",
              "err": {},
              "uuid": "d5b6c482-980a-4b4a-bba8-27a457e24095",
              "parentUUID": "0c2b3447-fefb-4b04-bc23-23767b12c01e",
              "isHook": false,
              "skipped": false
            },
            {
              "title": "Regional - Simulado",
              "fullTitle": "Menus por projeto - Simulado e Avaliação Inicial Regional - Simulado",
              "timedOut": null,
              "duration": 17258,
              "state": "passed",
              "speed": "slow",
              "pass": true,
              "fail": false,
              "pending": false,
              "context": null,
              "code": "cy.logar_regional();\ncy.wait(2000);\ncy.verifica_dialog_contato_if();\ncy.get('[fxflex=\"1 0 auto\"] > .toggle-button-navbar > .mat-button-wrapper > .mat-icon').click(); //Menu sanduiche \ncy.menu_regional_simulado();",
              "err": {},
              "uuid": "0542632d-d230-4bfb-bc33-a21462b87352",
              "parentUUID": "0c2b3447-fefb-4b04-bc23-23767b12c01e",
              "isHook": false,
              "skipped": false
            },
            {
              "title": "Professor - Simulado",
              "fullTitle": "Menus por projeto - Simulado e Avaliação Inicial Professor - Simulado",
              "timedOut": null,
              "duration": 18141,
              "state": "passed",
              "speed": "slow",
              "pass": true,
              "fail": false,
              "pending": false,
              "context": null,
              "code": "cy.logar_professor();\ncy.get('.lista-projetos-dialog > :nth-child(3)').click(); //Seleciona projeto demo\ncy.get('.btn-projeto-dialog > .btn').click();\ncy.wait(2000);\ncy.verifica_dialog_contato_if();\ncy.get('[fxflex=\"1 0 auto\"] > .toggle-button-navbar > .mat-button-wrapper > .mat-icon').click(); //Menu sanduiche \ncy.menu_professor_simulado();",
              "err": {},
              "uuid": "d7d6b3bd-b341-41cd-8fe6-e687c91756fe",
              "parentUUID": "0c2b3447-fefb-4b04-bc23-23767b12c01e",
              "isHook": false,
              "skipped": false
            },
            {
              "title": "Professor - Avaliação Inicial",
              "fullTitle": "Menus por projeto - Simulado e Avaliação Inicial Professor - Avaliação Inicial",
              "timedOut": null,
              "duration": 22116,
              "state": "passed",
              "speed": "slow",
              "pass": true,
              "fail": false,
              "pending": false,
              "context": null,
              "code": "cy.logar_professor();\ncy.seleciona_projAvDiagnostica();\ncy.wait(2000);\ncy.verifica_dialog_contato_if();\ncy.get('[fxflex=\"1 0 auto\"] > .toggle-button-navbar > .mat-button-wrapper > .mat-icon').click(); //Menu sanduiche \ncy.menu_professor_av();",
              "err": {},
              "uuid": "b92bedf7-3df1-4e73-9664-6829f8d6e0bd",
              "parentUUID": "0c2b3447-fefb-4b04-bc23-23767b12c01e",
              "isHook": false,
              "skipped": false
            },
            {
              "title": "Conteúdo",
              "fullTitle": "Menus por projeto - Simulado e Avaliação Inicial Conteúdo",
              "timedOut": null,
              "duration": 16051,
              "state": "passed",
              "speed": "slow",
              "pass": true,
              "fail": false,
              "pending": false,
              "context": null,
              "code": "cy.logar_conteudo();\ncy.wait(2000);\ncy.verifica_dialog_contato_if();\ncy.get('[fxflex=\"1 0 auto\"] > .toggle-button-navbar > .mat-button-wrapper > .mat-icon').click(); //Menu sanduiche\ncy.menu_conteudo();",
              "err": {},
              "uuid": "74162ac3-c813-434c-bf94-d452eaafc117",
              "parentUUID": "0c2b3447-fefb-4b04-bc23-23767b12c01e",
              "isHook": false,
              "skipped": false
            }
          ],
          "suites": [],
          "passes": [
            "1e7e11fd-c623-4b87-bd07-433cf0f60d66",
            "2af0f76d-2abc-438d-b0d0-e44b55f521a2",
            "dfea9bfc-7f51-469e-99b0-bb85f2ca1a5c",
            "d5b6c482-980a-4b4a-bba8-27a457e24095",
            "0542632d-d230-4bfb-bc33-a21462b87352",
            "d7d6b3bd-b341-41cd-8fe6-e687c91756fe",
            "b92bedf7-3df1-4e73-9664-6829f8d6e0bd",
            "74162ac3-c813-434c-bf94-d452eaafc117"
          ],
          "failures": [],
          "pending": [],
          "skipped": [],
          "duration": 168026,
          "root": false,
          "rootEmpty": false,
          "_timeout": 2000
        }
      ],
      "passes": [],
      "failures": [],
      "pending": [],
      "skipped": [],
      "duration": 0,
      "root": true,
      "rootEmpty": true,
      "_timeout": 2000
    }
  ],
  "meta": {
    "mocha": {
      "version": "7.0.1"
    },
    "mochawesome": {
      "options": {
        "quiet": false,
        "reportFilename": "mochawesome",
        "saveHtml": true,
        "saveJson": true,
        "consoleReporter": "spec",
        "useInlineDiffs": false,
        "code": true
      },
      "version": "6.1.1"
    },
    "marge": {
      "options": {
        "reportDir": "cypress/reports/separate-reports",
        "overwrite": false,
        "html": true,
        "json": true
      },
      "version": "5.1.0"
    }
  }
}